{"/data/data/com.termux/files/home/freelang-v4/src/checker.ts": {"path":"/data/data/com.termux/files/home/freelang-v4/src/checker.ts","statementMap":{"0":{"start":{"line":63,"column":2},"end":{"line":63,"column":41}},"1":{"start":{"line":67,"column":4},"end":{"line":67,"column":25}},"2":{"start":{"line":71,"column":4},"end":{"line":71,"column":30}},"3":{"start":{"line":75,"column":14},"end":{"line":75,"column":33}},"4":{"start":{"line":76,"column":4},"end":{"line":76,"column":20}},"5":{"start":{"line":76,"column":11},"end":{"line":76,"column":20}},"6":{"start":{"line":77,"column":4},"end":{"line":77,"column":53}},"7":{"start":{"line":77,"column":21},"end":{"line":77,"column":53}},"8":{"start":{"line":78,"column":4},"end":{"line":78,"column":16}},"9":{"start":{"line":87,"column":2},"end":{"line":110,"column":3}},"10":{"start":{"line":94,"column":6},"end":{"line":94,"column":18}},"11":{"start":{"line":96,"column":6},"end":{"line":96,"column":35}},"12":{"start":{"line":98,"column":6},"end":{"line":98,"column":51}},"13":{"start":{"line":100,"column":6},"end":{"line":100,"column":18}},"14":{"start":{"line":103,"column":6},"end":{"line":103,"column":19}},"15":{"start":{"line":105,"column":6},"end":{"line":105,"column":18}},"16":{"start":{"line":107,"column":6},"end":{"line":107,"column":18}},"17":{"start":{"line":109,"column":6},"end":{"line":109,"column":18}},"18":{"start":{"line":119,"column":2},"end":{"line":119,"column":70}},"19":{"start":{"line":119,"column":58},"end":{"line":119,"column":70}},"20":{"start":{"line":121,"column":2},"end":{"line":121,"column":38}},"21":{"start":{"line":121,"column":25},"end":{"line":121,"column":38}},"22":{"start":{"line":123,"column":2},"end":{"line":162,"column":3}},"23":{"start":{"line":125,"column":6},"end":{"line":125,"column":18}},"24":{"start":{"line":127,"column":6},"end":{"line":127,"column":55}},"25":{"start":{"line":129,"column":6},"end":{"line":129,"column":55}},"26":{"start":{"line":131,"column":6},"end":{"line":131,"column":55}},"27":{"start":{"line":133,"column":6},"end":{"line":133,"column":82}},"28":{"start":{"line":135,"column":22},"end":{"line":135,"column":72}},"29":{"start":{"line":136,"column":6},"end":{"line":136,"column":62}},"30":{"start":{"line":136,"column":49},"end":{"line":136,"column":62}},"31":{"start":{"line":137,"column":6},"end":{"line":140,"column":7}},"32":{"start":{"line":138,"column":19},"end":{"line":138,"column":40}},"33":{"start":{"line":139,"column":8},"end":{"line":139,"column":52}},"34":{"start":{"line":139,"column":39},"end":{"line":139,"column":52}},"35":{"start":{"line":141,"column":6},"end":{"line":141,"column":18}},"36":{"start":{"line":144,"column":18},"end":{"line":144,"column":71}},"37":{"start":{"line":145,"column":6},"end":{"line":145,"column":62}},"38":{"start":{"line":145,"column":49},"end":{"line":145,"column":62}},"39":{"start":{"line":146,"column":6},"end":{"line":148,"column":7}},"40":{"start":{"line":146,"column":19},"end":{"line":146,"column":20}},"41":{"start":{"line":147,"column":8},"end":{"line":147,"column":66}},"42":{"start":{"line":147,"column":53},"end":{"line":147,"column":66}},"43":{"start":{"line":149,"column":6},"end":{"line":149,"column":54}},"44":{"start":{"line":152,"column":19},"end":{"line":152,"column":79}},"45":{"start":{"line":153,"column":6},"end":{"line":153,"column":45}},"46":{"start":{"line":153,"column":32},"end":{"line":153,"column":45}},"47":{"start":{"line":154,"column":6},"end":{"line":154,"column":67}},"48":{"start":{"line":154,"column":54},"end":{"line":154,"column":67}},"49":{"start":{"line":155,"column":6},"end":{"line":157,"column":7}},"50":{"start":{"line":155,"column":19},"end":{"line":155,"column":20}},"51":{"start":{"line":156,"column":8},"end":{"line":156,"column":71}},"52":{"start":{"line":156,"column":58},"end":{"line":156,"column":71}},"53":{"start":{"line":158,"column":6},"end":{"line":158,"column":18}},"54":{"start":{"line":161,"column":6},"end":{"line":161,"column":19}},"55":{"start":{"line":166,"column":2},"end":{"line":188,"column":3}},"56":{"start":{"line":168,"column":6},"end":{"line":168,"column":20}},"57":{"start":{"line":169,"column":18},"end":{"line":169,"column":56}},"58":{"start":{"line":170,"column":20},"end":{"line":170,"column":65}},"59":{"start":{"line":171,"column":19},"end":{"line":171,"column":63}},"60":{"start":{"line":172,"column":19},"end":{"line":172,"column":82}},"61":{"start":{"line":174,"column":21},"end":{"line":174,"column":99}},"62":{"start":{"line":174,"column":61},"end":{"line":174,"column":87}},"63":{"start":{"line":175,"column":6},"end":{"line":175,"column":29}},"64":{"start":{"line":178,"column":23},"end":{"line":178,"column":60}},"65":{"start":{"line":179,"column":6},"end":{"line":179,"column":64}},"66":{"start":{"line":182,"column":6},"end":{"line":182,"column":20}},"67":{"start":{"line":184,"column":25},"end":{"line":184,"column":64}},"68":{"start":{"line":185,"column":6},"end":{"line":185,"column":40}},"69":{"start":{"line":187,"column":20},"end":{"line":187,"column":37}},"70":{"start":{"line":196,"column":2},"end":{"line":224,"column":3}},"71":{"start":{"line":197,"column":16},"end":{"line":197,"column":39}},"72":{"start":{"line":198,"column":16},"end":{"line":198,"column":39}},"73":{"start":{"line":199,"column":16},"end":{"line":199,"column":39}},"74":{"start":{"line":200,"column":17},"end":{"line":200,"column":41}},"75":{"start":{"line":201,"column":19},"end":{"line":201,"column":45}},"76":{"start":{"line":202,"column":17},"end":{"line":202,"column":41}},"77":{"start":{"line":203,"column":18},"end":{"line":203,"column":102}},"78":{"start":{"line":204,"column":20},"end":{"line":204,"column":106}},"79":{"start":{"line":205,"column":19},"end":{"line":205,"column":104}},"80":{"start":{"line":206,"column":19},"end":{"line":206,"column":145}},"81":{"start":{"line":208,"column":25},"end":{"line":208,"column":47}},"82":{"start":{"line":209,"column":6},"end":{"line":209,"column":47}},"83":{"start":{"line":212,"column":21},"end":{"line":212,"column":80}},"84":{"start":{"line":212,"column":39},"end":{"line":212,"column":79}},"85":{"start":{"line":213,"column":25},"end":{"line":213,"column":76}},"86":{"start":{"line":214,"column":6},"end":{"line":214,"column":48}},"87":{"start":{"line":218,"column":6},"end":{"line":218,"column":73}},"88":{"start":{"line":221,"column":23},"end":{"line":221,"column":88}},"89":{"start":{"line":221,"column":45},"end":{"line":221,"column":87}},"90":{"start":{"line":222,"column":6},"end":{"line":222,"column":61}},"91":{"start":{"line":232,"column":10},"end":{"line":232,"column":36}},"92":{"start":{"line":233,"column":10},"end":{"line":233,"column":53}},"93":{"start":{"line":234,"column":10},"end":{"line":234,"column":49}},"94":{"start":{"line":236,"column":10},"end":{"line":236,"column":48}},"95":{"start":{"line":239,"column":4},"end":{"line":239,"column":33}},"96":{"start":{"line":244,"column":4},"end":{"line":248,"column":5}},"97":{"start":{"line":245,"column":6},"end":{"line":247,"column":7}},"98":{"start":{"line":246,"column":8},"end":{"line":246,"column":34}},"99":{"start":{"line":251,"column":4},"end":{"line":255,"column":5}},"100":{"start":{"line":252,"column":6},"end":{"line":254,"column":7}},"101":{"start":{"line":253,"column":8},"end":{"line":253,"column":36}},"102":{"start":{"line":258,"column":4},"end":{"line":260,"column":5}},"103":{"start":{"line":259,"column":6},"end":{"line":259,"column":27}},"104":{"start":{"line":262,"column":4},"end":{"line":262,"column":23}},"105":{"start":{"line":266,"column":19},"end":{"line":269,"column":7}},"106":{"start":{"line":266,"column":43},"end":{"line":269,"column":6}},"107":{"start":{"line":270,"column":23},"end":{"line":270,"column":70}},"108":{"start":{"line":272,"column":4},"end":{"line":275,"column":5}},"109":{"start":{"line":273,"column":6},"end":{"line":273,"column":82}},"110":{"start":{"line":274,"column":6},"end":{"line":274,"column":13}},"111":{"start":{"line":277,"column":4},"end":{"line":277,"column":58}},"112":{"start":{"line":281,"column":19},"end":{"line":281,"column":42}},"113":{"start":{"line":282,"column":4},"end":{"line":285,"column":5}},"114":{"start":{"line":283,"column":24},"end":{"line":283,"column":66}},"115":{"start":{"line":284,"column":6},"end":{"line":284,"column":40}},"116":{"start":{"line":287,"column":4},"end":{"line":290,"column":5}},"117":{"start":{"line":288,"column":6},"end":{"line":288,"column":80}},"118":{"start":{"line":289,"column":6},"end":{"line":289,"column":13}},"119":{"start":{"line":292,"column":4},"end":{"line":292,"column":60}},"120":{"start":{"line":300,"column":4},"end":{"line":327,"column":5}},"121":{"start":{"line":302,"column":8},"end":{"line":302,"column":39}},"122":{"start":{"line":304,"column":8},"end":{"line":304,"column":38}},"123":{"start":{"line":306,"column":8},"end":{"line":306,"column":15}},"124":{"start":{"line":308,"column":8},"end":{"line":308,"column":38}},"125":{"start":{"line":310,"column":8},"end":{"line":310,"column":41}},"126":{"start":{"line":312,"column":8},"end":{"line":312,"column":39}},"127":{"start":{"line":314,"column":8},"end":{"line":314,"column":41}},"128":{"start":{"line":316,"column":8},"end":{"line":316,"column":41}},"129":{"start":{"line":318,"column":8},"end":{"line":318,"column":41}},"130":{"start":{"line":320,"column":8},"end":{"line":320,"column":44}},"131":{"start":{"line":322,"column":8},"end":{"line":322,"column":41}},"132":{"start":{"line":324,"column":8},"end":{"line":324,"column":42}},"133":{"start":{"line":326,"column":8},"end":{"line":326,"column":40}},"134":{"start":{"line":331,"column":21},"end":{"line":331,"column":46}},"135":{"start":{"line":334,"column":4},"end":{"line":345,"column":5}},"136":{"start":{"line":335,"column":6},"end":{"line":335,"column":59}},"137":{"start":{"line":336,"column":6},"end":{"line":341,"column":7}},"138":{"start":{"line":337,"column":8},"end":{"line":340,"column":10}},"139":{"start":{"line":344,"column":6},"end":{"line":344,"column":26}},"140":{"start":{"line":348,"column":4},"end":{"line":351,"column":5}},"141":{"start":{"line":349,"column":6},"end":{"line":349,"column":78}},"142":{"start":{"line":350,"column":6},"end":{"line":350,"column":13}},"143":{"start":{"line":354,"column":4},"end":{"line":356,"column":5}},"144":{"start":{"line":358,"column":4},"end":{"line":364,"column":7}},"145":{"start":{"line":368,"column":19},"end":{"line":368,"column":48}},"146":{"start":{"line":369,"column":4},"end":{"line":369,"column":24}},"147":{"start":{"line":369,"column":17},"end":{"line":369,"column":24}},"148":{"start":{"line":372,"column":22},"end":{"line":372,"column":32}},"149":{"start":{"line":373,"column":4},"end":{"line":373,"column":38}},"150":{"start":{"line":375,"column":23},"end":{"line":375,"column":45}},"151":{"start":{"line":376,"column":4},"end":{"line":376,"column":47}},"152":{"start":{"line":379,"column":4},"end":{"line":387,"column":5}},"153":{"start":{"line":380,"column":6},"end":{"line":386,"column":9}},"154":{"start":{"line":390,"column":4},"end":{"line":392,"column":5}},"155":{"start":{"line":391,"column":6},"end":{"line":391,"column":24}},"156":{"start":{"line":394,"column":4},"end":{"line":394,"column":40}},"157":{"start":{"line":395,"column":4},"end":{"line":395,"column":27}},"158":{"start":{"line":399,"column":21},"end":{"line":399,"column":51}},"159":{"start":{"line":400,"column":4},"end":{"line":405,"column":5}},"160":{"start":{"line":401,"column":6},"end":{"line":404,"column":8}},"161":{"start":{"line":408,"column":22},"end":{"line":408,"column":32}},"162":{"start":{"line":409,"column":4},"end":{"line":409,"column":38}},"163":{"start":{"line":410,"column":4},"end":{"line":410,"column":49}},"164":{"start":{"line":410,"column":31},"end":{"line":410,"column":49}},"165":{"start":{"line":411,"column":4},"end":{"line":411,"column":27}},"166":{"start":{"line":414,"column":4},"end":{"line":419,"column":5}},"167":{"start":{"line":415,"column":25},"end":{"line":415,"column":35}},"168":{"start":{"line":416,"column":6},"end":{"line":416,"column":41}},"169":{"start":{"line":417,"column":6},"end":{"line":417,"column":52}},"170":{"start":{"line":417,"column":34},"end":{"line":417,"column":52}},"171":{"start":{"line":418,"column":6},"end":{"line":418,"column":30}},"172":{"start":{"line":423,"column":24},"end":{"line":423,"column":52}},"173":{"start":{"line":424,"column":4},"end":{"line":426,"column":5}},"174":{"start":{"line":425,"column":6},"end":{"line":425,"column":43}},"175":{"start":{"line":430,"column":22},"end":{"line":430,"column":32}},"176":{"start":{"line":431,"column":4},"end":{"line":431,"column":38}},"177":{"start":{"line":433,"column":4},"end":{"line":433,"column":48}},"178":{"start":{"line":434,"column":4},"end":{"line":434,"column":29}},"179":{"start":{"line":436,"column":4},"end":{"line":436,"column":27}},"180":{"start":{"line":440,"column":4},"end":{"line":482,"column":5}},"181":{"start":{"line":443,"column":8},"end":{"line":448,"column":11}},"182":{"start":{"line":449,"column":8},"end":{"line":449,"column":14}},"183":{"start":{"line":451,"column":8},"end":{"line":451,"column":14}},"184":{"start":{"line":453,"column":8},"end":{"line":455,"column":9}},"185":{"start":{"line":454,"column":10},"end":{"line":454,"column":92}},"186":{"start":{"line":456,"column":8},"end":{"line":456,"column":14}},"187":{"start":{"line":458,"column":8},"end":{"line":462,"column":9}},"188":{"start":{"line":459,"column":10},"end":{"line":459,"column":65}},"189":{"start":{"line":460,"column":15},"end":{"line":462,"column":9}},"190":{"start":{"line":461,"column":10},"end":{"line":461,"column":92}},"191":{"start":{"line":463,"column":8},"end":{"line":463,"column":14}},"192":{"start":{"line":465,"column":8},"end":{"line":469,"column":9}},"193":{"start":{"line":466,"column":10},"end":{"line":466,"column":60}},"194":{"start":{"line":467,"column":15},"end":{"line":469,"column":9}},"195":{"start":{"line":468,"column":10},"end":{"line":468,"column":90}},"196":{"start":{"line":470,"column":8},"end":{"line":470,"column":14}},"197":{"start":{"line":472,"column":8},"end":{"line":476,"column":9}},"198":{"start":{"line":473,"column":10},"end":{"line":473,"column":61}},"199":{"start":{"line":474,"column":15},"end":{"line":476,"column":9}},"200":{"start":{"line":475,"column":10},"end":{"line":475,"column":91}},"201":{"start":{"line":477,"column":8},"end":{"line":477,"column":14}},"202":{"start":{"line":480,"column":8},"end":{"line":480,"column":38}},"203":{"start":{"line":481,"column":8},"end":{"line":481,"column":14}},"204":{"start":{"line":486,"column":21},"end":{"line":486,"column":50}},"205":{"start":{"line":489,"column":25},"end":{"line":489,"column":44}},"206":{"start":{"line":490,"column":4},"end":{"line":494,"column":5}},"207":{"start":{"line":491,"column":6},"end":{"line":491,"column":34}},"208":{"start":{"line":492,"column":11},"end":{"line":494,"column":5}},"209":{"start":{"line":493,"column":6},"end":{"line":493,"column":96}},"210":{"start":{"line":497,"column":22},"end":{"line":497,"column":32}},"211":{"start":{"line":498,"column":4},"end":{"line":498,"column":38}},"212":{"start":{"line":501,"column":4},"end":{"line":507,"column":7}},"213":{"start":{"line":509,"column":4},"end":{"line":509,"column":49}},"214":{"start":{"line":509,"column":31},"end":{"line":509,"column":49}},"215":{"start":{"line":510,"column":4},"end":{"line":510,"column":27}},"216":{"start":{"line":514,"column":21},"end":{"line":514,"column":50}},"217":{"start":{"line":517,"column":25},"end":{"line":517,"column":44}},"218":{"start":{"line":518,"column":4},"end":{"line":525,"column":5}},"219":{"start":{"line":519,"column":6},"end":{"line":519,"column":34}},"220":{"start":{"line":520,"column":11},"end":{"line":525,"column":5}},"221":{"start":{"line":522,"column":6},"end":{"line":522,"column":36}},"222":{"start":{"line":523,"column":11},"end":{"line":525,"column":5}},"223":{"start":{"line":524,"column":6},"end":{"line":524,"column":106}},"224":{"start":{"line":528,"column":22},"end":{"line":528,"column":32}},"225":{"start":{"line":529,"column":4},"end":{"line":529,"column":38}},"226":{"start":{"line":532,"column":4},"end":{"line":538,"column":7}},"227":{"start":{"line":540,"column":4},"end":{"line":540,"column":49}},"228":{"start":{"line":540,"column":31},"end":{"line":540,"column":49}},"229":{"start":{"line":541,"column":4},"end":{"line":541,"column":27}},"230":{"start":{"line":545,"column":21},"end":{"line":545,"column":51}},"231":{"start":{"line":548,"column":4},"end":{"line":550,"column":5}},"232":{"start":{"line":549,"column":6},"end":{"line":549,"column":101}},"233":{"start":{"line":553,"column":22},"end":{"line":553,"column":32}},"234":{"start":{"line":554,"column":4},"end":{"line":554,"column":38}},"235":{"start":{"line":556,"column":4},"end":{"line":556,"column":49}},"236":{"start":{"line":556,"column":31},"end":{"line":556,"column":49}},"237":{"start":{"line":557,"column":4},"end":{"line":557,"column":27}},"238":{"start":{"line":572,"column":22},"end":{"line":572,"column":32}},"239":{"start":{"line":573,"column":4},"end":{"line":573,"column":33}},"240":{"start":{"line":576,"column":4},"end":{"line":576,"column":49}},"241":{"start":{"line":576,"column":31},"end":{"line":576,"column":49}},"242":{"start":{"line":577,"column":4},"end":{"line":577,"column":27}},"243":{"start":{"line":581,"column":4},"end":{"line":584,"column":5}},"244":{"start":{"line":582,"column":6},"end":{"line":582,"column":65}},"245":{"start":{"line":583,"column":6},"end":{"line":583,"column":13}},"246":{"start":{"line":586,"column":4},"end":{"line":602,"column":5}},"247":{"start":{"line":587,"column":22},"end":{"line":587,"column":48}},"248":{"start":{"line":588,"column":6},"end":{"line":593,"column":7}},"249":{"start":{"line":589,"column":8},"end":{"line":592,"column":10}},"250":{"start":{"line":596,"column":6},"end":{"line":601,"column":7}},"251":{"start":{"line":597,"column":8},"end":{"line":600,"column":10}},"252":{"start":{"line":606,"column":4},"end":{"line":606,"column":30}},"253":{"start":{"line":614,"column":4},"end":{"line":664,"column":5}},"254":{"start":{"line":615,"column":22},"end":{"line":615,"column":45}},"255":{"start":{"line":616,"column":24},"end":{"line":616,"column":47}},"256":{"start":{"line":617,"column":25},"end":{"line":617,"column":51}},"257":{"start":{"line":618,"column":23},"end":{"line":618,"column":47}},"258":{"start":{"line":621,"column":8},"end":{"line":621,"column":37}},"259":{"start":{"line":624,"column":8},"end":{"line":624,"column":38}},"260":{"start":{"line":627,"column":8},"end":{"line":627,"column":37}},"261":{"start":{"line":630,"column":8},"end":{"line":630,"column":36}},"262":{"start":{"line":633,"column":8},"end":{"line":633,"column":37}},"263":{"start":{"line":636,"column":8},"end":{"line":636,"column":43}},"264":{"start":{"line":639,"column":8},"end":{"line":639,"column":38}},"265":{"start":{"line":642,"column":8},"end":{"line":642,"column":35}},"266":{"start":{"line":645,"column":8},"end":{"line":645,"column":38}},"267":{"start":{"line":648,"column":8},"end":{"line":648,"column":41}},"268":{"start":{"line":651,"column":8},"end":{"line":651,"column":40}},"269":{"start":{"line":654,"column":8},"end":{"line":654,"column":41}},"270":{"start":{"line":657,"column":8},"end":{"line":657,"column":37}},"271":{"start":{"line":660,"column":8},"end":{"line":660,"column":41}},"272":{"start":{"line":663,"column":8},"end":{"line":663,"column":35}},"273":{"start":{"line":668,"column":17},"end":{"line":668,"column":45}},"274":{"start":{"line":669,"column":4},"end":{"line":677,"column":5}},"275":{"start":{"line":671,"column":6},"end":{"line":671,"column":64}},"276":{"start":{"line":671,"column":37},"end":{"line":671,"column":64}},"277":{"start":{"line":673,"column":6},"end":{"line":673,"column":68}},"278":{"start":{"line":673,"column":41},"end":{"line":673,"column":68}},"279":{"start":{"line":675,"column":6},"end":{"line":675,"column":76}},"280":{"start":{"line":676,"column":6},"end":{"line":676,"column":33}},"281":{"start":{"line":680,"column":4},"end":{"line":683,"column":5}},"282":{"start":{"line":681,"column":6},"end":{"line":681,"column":76}},"283":{"start":{"line":682,"column":6},"end":{"line":682,"column":23}},"284":{"start":{"line":685,"column":4},"end":{"line":685,"column":21}},"285":{"start":{"line":689,"column":17},"end":{"line":689,"column":42}},"286":{"start":{"line":690,"column":18},"end":{"line":690,"column":44}},"287":{"start":{"line":693,"column":4},"end":{"line":705,"column":5}},"288":{"start":{"line":694,"column":6},"end":{"line":703,"column":7}},"289":{"start":{"line":696,"column":24},"end":{"line":696,"column":55}},"290":{"start":{"line":697,"column":8},"end":{"line":702,"column":9}},"291":{"start":{"line":698,"column":10},"end":{"line":701,"column":12}},"292":{"start":{"line":704,"column":6},"end":{"line":704,"column":30}},"293":{"start":{"line":708,"column":4},"end":{"line":716,"column":5}},"294":{"start":{"line":709,"column":6},"end":{"line":711,"column":7}},"295":{"start":{"line":710,"column":8},"end":{"line":710,"column":97}},"296":{"start":{"line":712,"column":6},"end":{"line":714,"column":7}},"297":{"start":{"line":713,"column":8},"end":{"line":713,"column":98}},"298":{"start":{"line":715,"column":6},"end":{"line":715,"column":30}},"299":{"start":{"line":719,"column":4},"end":{"line":721,"column":5}},"300":{"start":{"line":720,"column":6},"end":{"line":720,"column":87}},"301":{"start":{"line":720,"column":61},"end":{"line":720,"column":87}},"302":{"start":{"line":724,"column":4},"end":{"line":745,"column":5}},"303":{"start":{"line":725,"column":27},"end":{"line":725,"column":48}},"304":{"start":{"line":728,"column":6},"end":{"line":738,"column":7}},"305":{"start":{"line":729,"column":24},"end":{"line":729,"column":55}},"306":{"start":{"line":730,"column":8},"end":{"line":736,"column":9}},"307":{"start":{"line":731,"column":10},"end":{"line":734,"column":12}},"308":{"start":{"line":735,"column":10},"end":{"line":735,"column":37}},"309":{"start":{"line":737,"column":8},"end":{"line":737,"column":23}},"310":{"start":{"line":741,"column":6},"end":{"line":741,"column":48}},"311":{"start":{"line":741,"column":35},"end":{"line":741,"column":48}},"312":{"start":{"line":742,"column":6},"end":{"line":742,"column":48}},"313":{"start":{"line":742,"column":36},"end":{"line":742,"column":48}},"314":{"start":{"line":744,"column":6},"end":{"line":744,"column":18}},"315":{"start":{"line":747,"column":4},"end":{"line":747,"column":31}},"316":{"start":{"line":751,"column":20},"end":{"line":751,"column":48}},"317":{"start":{"line":753,"column":4},"end":{"line":758,"column":5}},"318":{"start":{"line":754,"column":6},"end":{"line":756,"column":7}},"319":{"start":{"line":755,"column":8},"end":{"line":755,"column":105}},"320":{"start":{"line":757,"column":6},"end":{"line":757,"column":21}},"321":{"start":{"line":760,"column":4},"end":{"line":765,"column":5}},"322":{"start":{"line":761,"column":6},"end":{"line":763,"column":7}},"323":{"start":{"line":762,"column":8},"end":{"line":762,"column":97}},"324":{"start":{"line":764,"column":6},"end":{"line":764,"column":30}},"325":{"start":{"line":767,"column":4},"end":{"line":767,"column":31}},"326":{"start":{"line":772,"column":4},"end":{"line":812,"column":5}},"327":{"start":{"line":773,"column":19},"end":{"line":773,"column":35}},"328":{"start":{"line":776,"column":26},"end":{"line":776,"column":68}},"329":{"start":{"line":777,"column":6},"end":{"line":780,"column":7}},"330":{"start":{"line":778,"column":8},"end":{"line":778,"column":57}},"331":{"start":{"line":778,"column":37},"end":{"line":778,"column":57}},"332":{"start":{"line":779,"column":8},"end":{"line":779,"column":27}},"333":{"start":{"line":783,"column":17},"end":{"line":783,"column":41}},"334":{"start":{"line":784,"column":6},"end":{"line":811,"column":7}},"335":{"start":{"line":785,"column":8},"end":{"line":790,"column":9}},"336":{"start":{"line":786,"column":10},"end":{"line":789,"column":12}},"337":{"start":{"line":792,"column":8},"end":{"line":808,"column":9}},"338":{"start":{"line":792,"column":21},"end":{"line":792,"column":22}},"339":{"start":{"line":793,"column":26},"end":{"line":793,"column":54}},"340":{"start":{"line":794,"column":10},"end":{"line":807,"column":11}},"341":{"start":{"line":795,"column":12},"end":{"line":800,"column":13}},"342":{"start":{"line":796,"column":14},"end":{"line":799,"column":16}},"343":{"start":{"line":803,"column":12},"end":{"line":806,"column":13}},"344":{"start":{"line":804,"column":30},"end":{"line":804,"column":75}},"345":{"start":{"line":805,"column":14},"end":{"line":805,"column":48}},"346":{"start":{"line":805,"column":27},"end":{"line":805,"column":48}},"347":{"start":{"line":810,"column":8},"end":{"line":810,"column":29}},"348":{"start":{"line":815,"column":23},"end":{"line":815,"column":50}},"349":{"start":{"line":816,"column":4},"end":{"line":845,"column":5}},"350":{"start":{"line":818,"column":6},"end":{"line":823,"column":7}},"351":{"start":{"line":819,"column":8},"end":{"line":822,"column":10}},"352":{"start":{"line":826,"column":6},"end":{"line":842,"column":7}},"353":{"start":{"line":826,"column":19},"end":{"line":826,"column":20}},"354":{"start":{"line":827,"column":24},"end":{"line":827,"column":52}},"355":{"start":{"line":828,"column":8},"end":{"line":841,"column":9}},"356":{"start":{"line":829,"column":10},"end":{"line":834,"column":11}},"357":{"start":{"line":830,"column":12},"end":{"line":833,"column":14}},"358":{"start":{"line":837,"column":10},"end":{"line":840,"column":11}},"359":{"start":{"line":838,"column":28},"end":{"line":838,"column":73}},"360":{"start":{"line":839,"column":12},"end":{"line":839,"column":46}},"361":{"start":{"line":839,"column":25},"end":{"line":839,"column":46}},"362":{"start":{"line":844,"column":6},"end":{"line":844,"column":35}},"363":{"start":{"line":848,"column":4},"end":{"line":851,"column":5}},"364":{"start":{"line":849,"column":6},"end":{"line":849,"column":55}},"365":{"start":{"line":849,"column":35},"end":{"line":849,"column":55}},"366":{"start":{"line":850,"column":6},"end":{"line":850,"column":33}},"367":{"start":{"line":854,"column":4},"end":{"line":854,"column":53}},"368":{"start":{"line":854,"column":33},"end":{"line":854,"column":53}},"369":{"start":{"line":855,"column":4},"end":{"line":855,"column":31}},"370":{"start":{"line":859,"column":20},"end":{"line":859,"column":47}},"371":{"start":{"line":860,"column":20},"end":{"line":860,"column":46}},"372":{"start":{"line":862,"column":4},"end":{"line":864,"column":5}},"373":{"start":{"line":863,"column":6},"end":{"line":863,"column":95}},"374":{"start":{"line":866,"column":4},"end":{"line":866,"column":57}},"375":{"start":{"line":866,"column":34},"end":{"line":866,"column":57}},"376":{"start":{"line":867,"column":4},"end":{"line":867,"column":61}},"377":{"start":{"line":867,"column":35},"end":{"line":867,"column":61}},"378":{"start":{"line":868,"column":4},"end":{"line":870,"column":5}},"379":{"start":{"line":869,"column":6},"end":{"line":869,"column":84}},"380":{"start":{"line":872,"column":4},"end":{"line":872,"column":31}},"381":{"start":{"line":876,"column":20},"end":{"line":876,"column":47}},"382":{"start":{"line":878,"column":4},"end":{"line":885,"column":5}},"383":{"start":{"line":879,"column":24},"end":{"line":879,"column":54}},"384":{"start":{"line":880,"column":6},"end":{"line":883,"column":7}},"385":{"start":{"line":881,"column":8},"end":{"line":881,"column":79}},"386":{"start":{"line":882,"column":8},"end":{"line":882,"column":35}},"387":{"start":{"line":884,"column":6},"end":{"line":884,"column":23}},"388":{"start":{"line":888,"column":4},"end":{"line":893,"column":5}},"389":{"start":{"line":890,"column":6},"end":{"line":892,"column":7}},"390":{"start":{"line":891,"column":8},"end":{"line":891,"column":87}},"391":{"start":{"line":891,"column":60},"end":{"line":891,"column":87}},"392":{"start":{"line":895,"column":4},"end":{"line":895,"column":31}},"393":{"start":{"line":899,"column":20},"end":{"line":899,"column":46}},"394":{"start":{"line":901,"column":4},"end":{"line":920,"column":5}},"395":{"start":{"line":902,"column":19},"end":{"line":902,"column":54}},"396":{"start":{"line":903,"column":6},"end":{"line":906,"column":7}},"397":{"start":{"line":904,"column":8},"end":{"line":904,"column":85}},"398":{"start":{"line":905,"column":8},"end":{"line":905,"column":32}},"399":{"start":{"line":907,"column":6},"end":{"line":910,"column":7}},"400":{"start":{"line":908,"column":8},"end":{"line":908,"column":101}},"401":{"start":{"line":909,"column":8},"end":{"line":909,"column":32}},"402":{"start":{"line":911,"column":6},"end":{"line":916,"column":7}},"403":{"start":{"line":912,"column":8},"end":{"line":915,"column":10}},"404":{"start":{"line":919,"column":6},"end":{"line":919,"column":25}},"405":{"start":{"line":922,"column":4},"end":{"line":924,"column":5}},"406":{"start":{"line":923,"column":6},"end":{"line":923,"column":34}},"407":{"start":{"line":926,"column":4},"end":{"line":945,"column":5}},"408":{"start":{"line":927,"column":22},"end":{"line":927,"column":56}},"409":{"start":{"line":929,"column":6},"end":{"line":944,"column":7}},"410":{"start":{"line":930,"column":26},"end":{"line":930,"column":63}},"411":{"start":{"line":931,"column":8},"end":{"line":934,"column":9}},"412":{"start":{"line":932,"column":10},"end":{"line":932,"column":88}},"413":{"start":{"line":933,"column":10},"end":{"line":933,"column":34}},"414":{"start":{"line":936,"column":8},"end":{"line":941,"column":9}},"415":{"start":{"line":937,"column":10},"end":{"line":940,"column":12}},"416":{"start":{"line":942,"column":13},"end":{"line":944,"column":7}},"417":{"start":{"line":943,"column":8},"end":{"line":943,"column":94}},"418":{"start":{"line":947,"column":4},"end":{"line":947,"column":28}},"419":{"start":{"line":951,"column":24},"end":{"line":951,"column":52}},"420":{"start":{"line":954,"column":4},"end":{"line":954,"column":61}},"421":{"start":{"line":954,"column":39},"end":{"line":954,"column":61}},"422":{"start":{"line":955,"column":4},"end":{"line":955,"column":66}},"423":{"start":{"line":955,"column":39},"end":{"line":955,"column":66}},"424":{"start":{"line":956,"column":4},"end":{"line":958,"column":5}},"425":{"start":{"line":957,"column":6},"end":{"line":957,"column":105}},"426":{"start":{"line":960,"column":4},"end":{"line":960,"column":31}},"427":{"start":{"line":964,"column":21},"end":{"line":964,"column":51}},"428":{"start":{"line":965,"column":4},"end":{"line":967,"column":5}},"429":{"start":{"line":966,"column":6},"end":{"line":966,"column":98}},"430":{"start":{"line":970,"column":25},"end":{"line":970,"column":41}},"431":{"start":{"line":971,"column":4},"end":{"line":971,"column":60}},"432":{"start":{"line":971,"column":31},"end":{"line":971,"column":60}},"433":{"start":{"line":973,"column":25},"end":{"line":973,"column":41}},"434":{"start":{"line":974,"column":4},"end":{"line":974,"column":61}},"435":{"start":{"line":974,"column":32},"end":{"line":974,"column":61}},"436":{"start":{"line":976,"column":4},"end":{"line":981,"column":5}},"437":{"start":{"line":977,"column":6},"end":{"line":980,"column":8}},"438":{"start":{"line":983,"column":4},"end":{"line":983,"column":20}},"439":{"start":{"line":987,"column":24},"end":{"line":987,"column":52}},"440":{"start":{"line":988,"column":27},"end":{"line":988,"column":46}},"441":{"start":{"line":990,"column":4},"end":{"line":1005,"column":5}},"442":{"start":{"line":991,"column":24},"end":{"line":991,"column":34}},"443":{"start":{"line":992,"column":6},"end":{"line":992,"column":40}},"444":{"start":{"line":993,"column":6},"end":{"line":993,"column":50}},"445":{"start":{"line":994,"column":22},"end":{"line":994,"column":46}},"446":{"start":{"line":995,"column":6},"end":{"line":995,"column":29}},"447":{"start":{"line":997,"column":6},"end":{"line":1004,"column":7}},"448":{"start":{"line":998,"column":8},"end":{"line":998,"column":29}},"449":{"start":{"line":999,"column":13},"end":{"line":1004,"column":7}},"450":{"start":{"line":1000,"column":8},"end":{"line":1003,"column":10}},"451":{"start":{"line":1007,"column":4},"end":{"line":1007,"column":22}},"452":{"start":{"line":1011,"column":4},"end":{"line":1011,"column":91}},"453":{"start":{"line":1011,"column":36},"end":{"line":1011,"column":91}},"454":{"start":{"line":1013,"column":22},"end":{"line":1013,"column":54}},"455":{"start":{"line":1014,"column":4},"end":{"line":1022,"column":5}},"456":{"start":{"line":1014,"column":17},"end":{"line":1014,"column":18}},"457":{"start":{"line":1015,"column":23},"end":{"line":1015,"column":55}},"458":{"start":{"line":1016,"column":6},"end":{"line":1021,"column":7}},"459":{"start":{"line":1017,"column":8},"end":{"line":1020,"column":10}},"460":{"start":{"line":1024,"column":4},"end":{"line":1024,"column":49}},"461":{"start":{"line":1029,"column":22},"end":{"line":1029,"column":55}},"462":{"start":{"line":1030,"column":4},"end":{"line":1033,"column":5}},"463":{"start":{"line":1031,"column":6},"end":{"line":1031,"column":80}},"464":{"start":{"line":1032,"column":6},"end":{"line":1032,"column":33}},"465":{"start":{"line":1036,"column":19},"end":{"line":1036,"column":42}},"466":{"start":{"line":1037,"column":4},"end":{"line":1054,"column":5}},"467":{"start":{"line":1038,"column":20},"end":{"line":1038,"column":43}},"468":{"start":{"line":1039,"column":27},"end":{"line":1039,"column":55}},"469":{"start":{"line":1041,"column":6},"end":{"line":1045,"column":7}},"470":{"start":{"line":1042,"column":8},"end":{"line":1042,"column":96}},"471":{"start":{"line":1043,"column":8},"end":{"line":1043,"column":34}},"472":{"start":{"line":1044,"column":8},"end":{"line":1044,"column":17}},"473":{"start":{"line":1047,"column":6},"end":{"line":1052,"column":7}},"474":{"start":{"line":1048,"column":8},"end":{"line":1051,"column":10}},"475":{"start":{"line":1053,"column":6},"end":{"line":1053,"column":39}},"476":{"start":{"line":1057,"column":4},"end":{"line":1061,"column":5}},"477":{"start":{"line":1058,"column":6},"end":{"line":1060,"column":7}},"478":{"start":{"line":1059,"column":8},"end":{"line":1059,"column":103}},"479":{"start":{"line":1063,"column":4},"end":{"line":1063,"column":21}},"480":{"start":{"line":1068,"column":31},"end":{"line":1068,"column":33}},"481":{"start":{"line":1069,"column":4},"end":{"line":1077,"column":5}},"482":{"start":{"line":1070,"column":6},"end":{"line":1076,"column":7}},"483":{"start":{"line":1071,"column":26},"end":{"line":1071,"column":68}},"484":{"start":{"line":1072,"column":8},"end":{"line":1072,"column":35}},"485":{"start":{"line":1075,"column":8},"end":{"line":1075,"column":45}},"486":{"start":{"line":1081,"column":4},"end":{"line":1087,"column":5}},"487":{"start":{"line":1082,"column":6},"end":{"line":1082,"column":67}},"488":{"start":{"line":1085,"column":23},"end":{"line":1085,"column":48}},"489":{"start":{"line":1086,"column":6},"end":{"line":1086,"column":28}},"490":{"start":{"line":1090,"column":22},"end":{"line":1090,"column":32}},"491":{"start":{"line":1091,"column":4},"end":{"line":1091,"column":38}},"492":{"start":{"line":1094,"column":4},"end":{"line":1104,"column":5}},"493":{"start":{"line":1094,"column":17},"end":{"line":1094,"column":18}},"494":{"start":{"line":1095,"column":20},"end":{"line":1095,"column":34}},"495":{"start":{"line":1096,"column":24},"end":{"line":1096,"column":37}},"496":{"start":{"line":1097,"column":6},"end":{"line":1103,"column":9}},"497":{"start":{"line":1107,"column":27},"end":{"line":1107,"column":52}},"498":{"start":{"line":1110,"column":4},"end":{"line":1115,"column":5}},"499":{"start":{"line":1111,"column":6},"end":{"line":1114,"column":8}},"500":{"start":{"line":1117,"column":4},"end":{"line":1117,"column":27}},"501":{"start":{"line":1120,"column":4},"end":{"line":1120,"column":58}},"502":{"start":{"line":1124,"column":22},"end":{"line":1124,"column":32}},"503":{"start":{"line":1125,"column":4},"end":{"line":1125,"column":38}},"504":{"start":{"line":1127,"column":4},"end":{"line":1127,"column":50}},"505":{"start":{"line":1127,"column":32},"end":{"line":1127,"column":50}},"506":{"start":{"line":1128,"column":23},"end":{"line":1128,"column":39}},"507":{"start":{"line":1129,"column":4},"end":{"line":1129,"column":54}},"508":{"start":{"line":1129,"column":19},"end":{"line":1129,"column":54}},"509":{"start":{"line":1131,"column":4},"end":{"line":1131,"column":27}},"510":{"start":{"line":1132,"column":4},"end":{"line":1132,"column":18}},"511":{"start":{"line":1141,"column":25},"end":{"line":1141,"column":46}},"512":{"start":{"line":1142,"column":4},"end":{"line":1144,"column":5}},"513":{"start":{"line":1143,"column":6},"end":{"line":1143,"column":18}},"514":{"start":{"line":1147,"column":22},"end":{"line":1147,"column":48}},"515":{"start":{"line":1148,"column":21},"end":{"line":1148,"column":67}},"516":{"start":{"line":1149,"column":22},"end":{"line":1149,"column":69}},"517":{"start":{"line":1151,"column":4},"end":{"line":1152,"column":22}},"518":{"start":{"line":1151,"column":31},"end":{"line":1151,"column":43}},"519":{"start":{"line":1152,"column":9},"end":{"line":1152,"column":22}},"520":{"start":{"line":1160,"column":4},"end":{"line":1175,"column":21}},"521":{"start":{"line":1179,"column":4},"end":{"line":1243,"column":5}},"522":{"start":{"line":1181,"column":36},"end":{"line":1181,"column":60}},"523":{"start":{"line":1182,"column":24},"end":{"line":1182,"column":50}},"524":{"start":{"line":1183,"column":24},"end":{"line":1183,"column":99}},"525":{"start":{"line":1184,"column":25},"end":{"line":1184,"column":98}},"526":{"start":{"line":1187,"column":18},"end":{"line":1187,"column":90}},"527":{"start":{"line":1188,"column":18},"end":{"line":1188,"column":90}},"528":{"start":{"line":1189,"column":18},"end":{"line":1189,"column":90}},"529":{"start":{"line":1190,"column":18},"end":{"line":1190,"column":44}},"530":{"start":{"line":1193,"column":21},"end":{"line":1193,"column":44}},"531":{"start":{"line":1194,"column":19},"end":{"line":1194,"column":43}},"532":{"start":{"line":1195,"column":18},"end":{"line":1195,"column":45}},"533":{"start":{"line":1196,"column":20},"end":{"line":1196,"column":47}},"534":{"start":{"line":1197,"column":20},"end":{"line":1197,"column":47}},"535":{"start":{"line":1199,"column":8},"end":{"line":1199,"column":35}},"536":{"start":{"line":1203,"column":8},"end":{"line":1203,"column":34}},"537":{"start":{"line":1205,"column":8},"end":{"line":1205,"column":32}},"538":{"start":{"line":1206,"column":20},"end":{"line":1206,"column":74}},"539":{"start":{"line":1207,"column":22},"end":{"line":1207,"column":48}},"540":{"start":{"line":1210,"column":20},"end":{"line":1210,"column":71}},"541":{"start":{"line":1211,"column":22},"end":{"line":1211,"column":49}},"542":{"start":{"line":1212,"column":32},"end":{"line":1212,"column":59}},"543":{"start":{"line":1215,"column":20},"end":{"line":1215,"column":44}},"544":{"start":{"line":1216,"column":21},"end":{"line":1216,"column":47}},"545":{"start":{"line":1217,"column":21},"end":{"line":1217,"column":45}},"546":{"start":{"line":1221,"column":8},"end":{"line":1221,"column":20}},"547":{"start":{"line":1222,"column":30},"end":{"line":1222,"column":53}},"548":{"start":{"line":1226,"column":8},"end":{"line":1226,"column":34}},"549":{"start":{"line":1227,"column":28},"end":{"line":1227,"column":54}},"550":{"start":{"line":1229,"column":8},"end":{"line":1229,"column":83}},"551":{"start":{"line":1233,"column":8},"end":{"line":1233,"column":84}},"552":{"start":{"line":1234,"column":29},"end":{"line":1234,"column":55}},"553":{"start":{"line":1235,"column":28},"end":{"line":1235,"column":52}},"554":{"start":{"line":1236,"column":26},"end":{"line":1236,"column":52}},"555":{"start":{"line":1239,"column":19},"end":{"line":1239,"column":45}},"556":{"start":{"line":1240,"column":24},"end":{"line":1240,"column":47}},"557":{"start":{"line":1242,"column":15},"end":{"line":1242,"column":27}},"558":{"start":{"line":1251,"column":4},"end":{"line":1251,"column":45}},"559":{"start":{"line":231,"column":0},"end":{"line":231,"column":13}}},"fnMap":{"0":{"name":"(anonymous_0)","decl":{"start":{"line":66,"column":2},"end":{"line":66,"column":14}},"loc":{"start":{"line":66,"column":34},"end":{"line":68,"column":3}}},"1":{"name":"(anonymous_1)","decl":{"start":{"line":70,"column":2},"end":{"line":70,"column":8}},"loc":{"start":{"line":70,"column":36},"end":{"line":72,"column":3}}},"2":{"name":"(anonymous_2)","decl":{"start":{"line":74,"column":2},"end":{"line":74,"column":8}},"loc":{"start":{"line":74,"column":21},"end":{"line":79,"column":3}}},"3":{"name":"isCopyType","decl":{"start":{"line":86,"column":9},"end":{"line":86,"column":19}},"loc":{"start":{"line":86,"column":27},"end":{"line":111,"column":1}}},"4":{"name":"typesEqual","decl":{"start":{"line":117,"column":9},"end":{"line":117,"column":19}},"loc":{"start":{"line":117,"column":36},"end":{"line":163,"column":1}}},"5":{"name":"typeToString","decl":{"start":{"line":165,"column":9},"end":{"line":165,"column":21}},"loc":{"start":{"line":165,"column":29},"end":{"line":189,"column":1}}},"6":{"name":"(anonymous_6)","decl":{"start":{"line":174,"column":49},"end":{"line":174,"column":50}},"loc":{"start":{"line":174,"column":61},"end":{"line":174,"column":87}}},"7":{"name":"annotationToType","decl":{"start":{"line":191,"column":9},"end":{"line":191,"column":25}},"loc":{"start":{"line":194,"column":40},"end":{"line":225,"column":1}}},"8":{"name":"(anonymous_8)","decl":{"start":{"line":212,"column":34},"end":{"line":212,"column":35}},"loc":{"start":{"line":212,"column":39},"end":{"line":212,"column":79}}},"9":{"name":"(anonymous_9)","decl":{"start":{"line":221,"column":38},"end":{"line":221,"column":41}},"loc":{"start":{"line":221,"column":45},"end":{"line":221,"column":87}}},"10":{"name":"(anonymous_10)","decl":{"start":{"line":238,"column":2},"end":{"line":238,"column":null}},"loc":{"start":{"line":238,"column":2},"end":{"line":240,"column":3}}},"11":{"name":"(anonymous_11)","decl":{"start":{"line":242,"column":2},"end":{"line":242,"column":7}},"loc":{"start":{"line":242,"column":24},"end":{"line":263,"column":3}}},"12":{"name":"(anonymous_12)","decl":{"start":{"line":265,"column":10},"end":{"line":265,"column":26}},"loc":{"start":{"line":265,"column":59},"end":{"line":278,"column":3}}},"13":{"name":"(anonymous_13)","decl":{"start":{"line":266,"column":35},"end":{"line":266,"column":36}},"loc":{"start":{"line":266,"column":43},"end":{"line":269,"column":6}}},"14":{"name":"(anonymous_14)","decl":{"start":{"line":280,"column":10},"end":{"line":280,"column":24}},"loc":{"start":{"line":280,"column":61},"end":{"line":293,"column":3}}},"15":{"name":"(anonymous_15)","decl":{"start":{"line":299,"column":10},"end":{"line":299,"column":19}},"loc":{"start":{"line":299,"column":30},"end":{"line":328,"column":3}}},"16":{"name":"(anonymous_16)","decl":{"start":{"line":330,"column":10},"end":{"line":330,"column":22}},"loc":{"start":{"line":330,"column":56},"end":{"line":365,"column":3}}},"17":{"name":"(anonymous_17)","decl":{"start":{"line":367,"column":10},"end":{"line":367,"column":21}},"loc":{"start":{"line":367,"column":54},"end":{"line":396,"column":3}}},"18":{"name":"(anonymous_18)","decl":{"start":{"line":398,"column":10},"end":{"line":398,"column":21}},"loc":{"start":{"line":398,"column":54},"end":{"line":420,"column":3}}},"19":{"name":"(anonymous_19)","decl":{"start":{"line":422,"column":10},"end":{"line":422,"column":24}},"loc":{"start":{"line":422,"column":60},"end":{"line":427,"column":3}}},"20":{"name":"(anonymous_20)","decl":{"start":{"line":429,"column":10},"end":{"line":429,"column":23}},"loc":{"start":{"line":429,"column":56},"end":{"line":437,"column":3}}},"21":{"name":"(anonymous_21)","decl":{"start":{"line":439,"column":10},"end":{"line":439,"column":22}},"loc":{"start":{"line":439,"column":59},"end":{"line":483,"column":3}}},"22":{"name":"(anonymous_22)","decl":{"start":{"line":485,"column":10},"end":{"line":485,"column":22}},"loc":{"start":{"line":485,"column":56},"end":{"line":511,"column":3}}},"23":{"name":"(anonymous_23)","decl":{"start":{"line":513,"column":10},"end":{"line":513,"column":24}},"loc":{"start":{"line":513,"column":61},"end":{"line":542,"column":3}}},"24":{"name":"(anonymous_24)","decl":{"start":{"line":544,"column":10},"end":{"line":544,"column":24}},"loc":{"start":{"line":544,"column":60},"end":{"line":558,"column":3}}},"25":{"name":"(anonymous_25)","decl":{"start":{"line":560,"column":10},"end":{"line":560,"column":24}},"loc":{"start":{"line":560,"column":60},"end":{"line":563,"column":3}}},"26":{"name":"(anonymous_26)","decl":{"start":{"line":565,"column":10},"end":{"line":565,"column":27}},"loc":{"start":{"line":565,"column":66},"end":{"line":568,"column":3}}},"27":{"name":"(anonymous_27)","decl":{"start":{"line":570,"column":10},"end":{"line":570,"column":24}},"loc":{"start":{"line":570,"column":60},"end":{"line":578,"column":3}}},"28":{"name":"(anonymous_28)","decl":{"start":{"line":580,"column":10},"end":{"line":580,"column":25}},"loc":{"start":{"line":580,"column":62},"end":{"line":603,"column":3}}},"29":{"name":"(anonymous_29)","decl":{"start":{"line":605,"column":10},"end":{"line":605,"column":23}},"loc":{"start":{"line":605,"column":58},"end":{"line":607,"column":3}}},"30":{"name":"(anonymous_30)","decl":{"start":{"line":613,"column":2},"end":{"line":613,"column":11}},"loc":{"start":{"line":613,"column":22},"end":{"line":665,"column":3}}},"31":{"name":"(anonymous_31)","decl":{"start":{"line":667,"column":10},"end":{"line":667,"column":20}},"loc":{"start":{"line":667,"column":51},"end":{"line":686,"column":3}}},"32":{"name":"(anonymous_32)","decl":{"start":{"line":688,"column":10},"end":{"line":688,"column":21}},"loc":{"start":{"line":688,"column":53},"end":{"line":748,"column":3}}},"33":{"name":"(anonymous_33)","decl":{"start":{"line":750,"column":10},"end":{"line":750,"column":20}},"loc":{"start":{"line":750,"column":51},"end":{"line":768,"column":3}}},"34":{"name":"(anonymous_34)","decl":{"start":{"line":770,"column":10},"end":{"line":770,"column":19}},"loc":{"start":{"line":770,"column":49},"end":{"line":856,"column":3}}},"35":{"name":"(anonymous_35)","decl":{"start":{"line":858,"column":10},"end":{"line":858,"column":20}},"loc":{"start":{"line":858,"column":51},"end":{"line":873,"column":3}}},"36":{"name":"(anonymous_36)","decl":{"start":{"line":875,"column":10},"end":{"line":875,"column":26}},"loc":{"start":{"line":875,"column":64},"end":{"line":896,"column":3}}},"37":{"name":"(anonymous_37)","decl":{"start":{"line":898,"column":10},"end":{"line":898,"column":21}},"loc":{"start":{"line":898,"column":53},"end":{"line":948,"column":3}}},"38":{"name":"(anonymous_38)","decl":{"start":{"line":950,"column":10},"end":{"line":950,"column":18}},"loc":{"start":{"line":950,"column":47},"end":{"line":961,"column":3}}},"39":{"name":"(anonymous_39)","decl":{"start":{"line":963,"column":10},"end":{"line":963,"column":21}},"loc":{"start":{"line":963,"column":54},"end":{"line":984,"column":3}}},"40":{"name":"(anonymous_40)","decl":{"start":{"line":986,"column":10},"end":{"line":986,"column":24}},"loc":{"start":{"line":986,"column":60},"end":{"line":1008,"column":3}}},"41":{"name":"(anonymous_41)","decl":{"start":{"line":1010,"column":10},"end":{"line":1010,"column":23}},"loc":{"start":{"line":1010,"column":58},"end":{"line":1025,"column":3}}},"42":{"name":"(anonymous_42)","decl":{"start":{"line":1027,"column":10},"end":{"line":1027,"column":24}},"loc":{"start":{"line":1027,"column":60},"end":{"line":1064,"column":3}}},"43":{"name":"(anonymous_43)","decl":{"start":{"line":1066,"column":10},"end":{"line":1066,"column":20}},"loc":{"start":{"line":1066,"column":52},"end":{"line":1121,"column":3}}},"44":{"name":"(anonymous_44)","decl":{"start":{"line":1123,"column":10},"end":{"line":1123,"column":24}},"loc":{"start":{"line":1123,"column":60},"end":{"line":1133,"column":3}}},"45":{"name":"(anonymous_45)","decl":{"start":{"line":1139,"column":10},"end":{"line":1139,"column":23}},"loc":{"start":{"line":1139,"column":47},"end":{"line":1153,"column":3}}},"46":{"name":"(anonymous_46)","decl":{"start":{"line":1159,"column":10},"end":{"line":1159,"column":19}},"loc":{"start":{"line":1159,"column":32},"end":{"line":1176,"column":3}}},"47":{"name":"(anonymous_47)","decl":{"start":{"line":1178,"column":10},"end":{"line":1178,"column":30}},"loc":{"start":{"line":1178,"column":57},"end":{"line":1244,"column":3}}},"48":{"name":"(anonymous_48)","decl":{"start":{"line":1250,"column":10},"end":{"line":1250,"column":15}},"loc":{"start":{"line":1250,"column":58},"end":{"line":1252,"column":3}}}},"branchMap":{"0":{"loc":{"start":{"line":76,"column":4},"end":{"line":76,"column":20}},"type":"if","locations":[{"start":{"line":76,"column":4},"end":{"line":76,"column":20}}]},"1":{"loc":{"start":{"line":77,"column":4},"end":{"line":77,"column":53}},"type":"if","locations":[{"start":{"line":77,"column":4},"end":{"line":77,"column":53}}]},"2":{"loc":{"start":{"line":87,"column":2},"end":{"line":110,"column":3}},"type":"switch","locations":[{"start":{"line":88,"column":4},"end":{"line":88,"column":15}},{"start":{"line":89,"column":4},"end":{"line":89,"column":15}},{"start":{"line":90,"column":4},"end":{"line":90,"column":15}},{"start":{"line":91,"column":4},"end":{"line":91,"column":16}},{"start":{"line":92,"column":4},"end":{"line":92,"column":18}},{"start":{"line":93,"column":4},"end":{"line":94,"column":18}},{"start":{"line":95,"column":4},"end":{"line":96,"column":35}},{"start":{"line":97,"column":4},"end":{"line":98,"column":51}},{"start":{"line":99,"column":4},"end":{"line":100,"column":18}},{"start":{"line":101,"column":4},"end":{"line":101,"column":19}},{"start":{"line":102,"column":4},"end":{"line":103,"column":19}},{"start":{"line":104,"column":4},"end":{"line":105,"column":18}},{"start":{"line":106,"column":4},"end":{"line":107,"column":18}},{"start":{"line":108,"column":4},"end":{"line":109,"column":18}}]},"3":{"loc":{"start":{"line":98,"column":13},"end":{"line":98,"column":50}},"type":"binary-expr","locations":[{"start":{"line":98,"column":13},"end":{"line":98,"column":29}},{"start":{"line":98,"column":33},"end":{"line":98,"column":50}}]},"4":{"loc":{"start":{"line":119,"column":2},"end":{"line":119,"column":70}},"type":"if","locations":[{"start":{"line":119,"column":2},"end":{"line":119,"column":70}}]},"5":{"loc":{"start":{"line":119,"column":6},"end":{"line":119,"column":56}},"type":"binary-expr","locations":[{"start":{"line":119,"column":6},"end":{"line":119,"column":29}},{"start":{"line":119,"column":33},"end":{"line":119,"column":56}}]},"6":{"loc":{"start":{"line":121,"column":2},"end":{"line":121,"column":38}},"type":"if","locations":[{"start":{"line":121,"column":2},"end":{"line":121,"column":38}}]},"7":{"loc":{"start":{"line":123,"column":2},"end":{"line":162,"column":3}},"type":"switch","locations":[{"start":{"line":124,"column":4},"end":{"line":124,"column":15}},{"start":{"line":124,"column":16},"end":{"line":124,"column":27}},{"start":{"line":124,"column":28},"end":{"line":124,"column":39}},{"start":{"line":124,"column":40},"end":{"line":124,"column":52}},{"start":{"line":124,"column":53},"end":{"line":124,"column":67}},{"start":{"line":124,"column":68},"end":{"line":124,"column":80}},{"start":{"line":124,"column":81},"end":{"line":125,"column":18}},{"start":{"line":126,"column":4},"end":{"line":127,"column":55}},{"start":{"line":128,"column":4},"end":{"line":129,"column":55}},{"start":{"line":130,"column":4},"end":{"line":131,"column":55}},{"start":{"line":132,"column":4},"end":{"line":133,"column":82}},{"start":{"line":134,"column":4},"end":{"line":142,"column":5}},{"start":{"line":143,"column":4},"end":{"line":150,"column":5}},{"start":{"line":151,"column":4},"end":{"line":159,"column":5}},{"start":{"line":160,"column":4},"end":{"line":161,"column":19}}]},"8":{"loc":{"start":{"line":133,"column":13},"end":{"line":133,"column":81}},"type":"binary-expr","locations":[{"start":{"line":133,"column":13},"end":{"line":133,"column":44}},{"start":{"line":133,"column":48},"end":{"line":133,"column":81}}]},"9":{"loc":{"start":{"line":136,"column":6},"end":{"line":136,"column":62}},"type":"if","locations":[{"start":{"line":136,"column":6},"end":{"line":136,"column":62}}]},"10":{"loc":{"start":{"line":139,"column":8},"end":{"line":139,"column":52}},"type":"if","locations":[{"start":{"line":139,"column":8},"end":{"line":139,"column":52}}]},"11":{"loc":{"start":{"line":139,"column":12},"end":{"line":139,"column":37}},"type":"binary-expr","locations":[{"start":{"line":139,"column":12},"end":{"line":139,"column":15}},{"start":{"line":139,"column":19},"end":{"line":139,"column":37}}]},"12":{"loc":{"start":{"line":145,"column":6},"end":{"line":145,"column":62}},"type":"if","locations":[{"start":{"line":145,"column":6},"end":{"line":145,"column":62}}]},"13":{"loc":{"start":{"line":147,"column":8},"end":{"line":147,"column":66}},"type":"if","locations":[{"start":{"line":147,"column":8},"end":{"line":147,"column":66}}]},"14":{"loc":{"start":{"line":153,"column":6},"end":{"line":153,"column":45}},"type":"if","locations":[{"start":{"line":153,"column":6},"end":{"line":153,"column":45}}]},"15":{"loc":{"start":{"line":154,"column":6},"end":{"line":154,"column":67}},"type":"if","locations":[{"start":{"line":154,"column":6},"end":{"line":154,"column":67}}]},"16":{"loc":{"start":{"line":156,"column":8},"end":{"line":156,"column":71}},"type":"if","locations":[{"start":{"line":156,"column":8},"end":{"line":156,"column":71}}]},"17":{"loc":{"start":{"line":166,"column":2},"end":{"line":188,"column":3}},"type":"switch","locations":[{"start":{"line":167,"column":4},"end":{"line":167,"column":15}},{"start":{"line":167,"column":16},"end":{"line":167,"column":27}},{"start":{"line":167,"column":28},"end":{"line":167,"column":39}},{"start":{"line":167,"column":40},"end":{"line":167,"column":52}},{"start":{"line":167,"column":53},"end":{"line":167,"column":67}},{"start":{"line":167,"column":68},"end":{"line":168,"column":20}},{"start":{"line":169,"column":4},"end":{"line":169,"column":56}},{"start":{"line":170,"column":4},"end":{"line":170,"column":65}},{"start":{"line":171,"column":4},"end":{"line":171,"column":63}},{"start":{"line":172,"column":4},"end":{"line":172,"column":82}},{"start":{"line":173,"column":4},"end":{"line":176,"column":5}},{"start":{"line":177,"column":4},"end":{"line":180,"column":5}},{"start":{"line":181,"column":4},"end":{"line":182,"column":20}},{"start":{"line":183,"column":4},"end":{"line":186,"column":5}},{"start":{"line":187,"column":4},"end":{"line":187,"column":37}}]},"18":{"loc":{"start":{"line":193,"column":2},"end":{"line":193,"column":43}},"type":"default-arg","locations":[{"start":{"line":193,"column":34},"end":{"line":193,"column":43}}]},"19":{"loc":{"start":{"line":194,"column":2},"end":{"line":194,"column":40}},"type":"default-arg","locations":[{"start":{"line":194,"column":31},"end":{"line":194,"column":40}}]},"20":{"loc":{"start":{"line":196,"column":2},"end":{"line":224,"column":3}},"type":"switch","locations":[{"start":{"line":197,"column":4},"end":{"line":197,"column":39}},{"start":{"line":198,"column":4},"end":{"line":198,"column":39}},{"start":{"line":199,"column":4},"end":{"line":199,"column":39}},{"start":{"line":200,"column":4},"end":{"line":200,"column":41}},{"start":{"line":201,"column":4},"end":{"line":201,"column":45}},{"start":{"line":202,"column":4},"end":{"line":202,"column":41}},{"start":{"line":203,"column":4},"end":{"line":203,"column":102}},{"start":{"line":204,"column":4},"end":{"line":204,"column":106}},{"start":{"line":205,"column":4},"end":{"line":205,"column":104}},{"start":{"line":206,"column":4},"end":{"line":206,"column":145}},{"start":{"line":207,"column":4},"end":{"line":210,"column":5}},{"start":{"line":211,"column":4},"end":{"line":215,"column":5}},{"start":{"line":216,"column":4},"end":{"line":219,"column":5}},{"start":{"line":220,"column":4},"end":{"line":223,"column":5}}]},"21":{"loc":{"start":{"line":209,"column":13},"end":{"line":209,"column":46}},"type":"binary-expr","locations":[{"start":{"line":209,"column":13},"end":{"line":209,"column":23}},{"start":{"line":209,"column":27},"end":{"line":209,"column":46}}]},"22":{"loc":{"start":{"line":218,"column":13},"end":{"line":218,"column":72}},"type":"binary-expr","locations":[{"start":{"line":218,"column":13},"end":{"line":218,"column":32}},{"start":{"line":218,"column":36},"end":{"line":218,"column":72}}]},"23":{"loc":{"start":{"line":245,"column":6},"end":{"line":247,"column":7}},"type":"if","locations":[{"start":{"line":245,"column":6},"end":{"line":247,"column":7}}]},"24":{"loc":{"start":{"line":252,"column":6},"end":{"line":254,"column":7}},"type":"if","locations":[{"start":{"line":252,"column":6},"end":{"line":254,"column":7}}]},"25":{"loc":{"start":{"line":272,"column":4},"end":{"line":275,"column":5}},"type":"if","locations":[{"start":{"line":272,"column":4},"end":{"line":275,"column":5}}]},"26":{"loc":{"start":{"line":287,"column":4},"end":{"line":290,"column":5}},"type":"if","locations":[{"start":{"line":287,"column":4},"end":{"line":290,"column":5}}]},"27":{"loc":{"start":{"line":300,"column":4},"end":{"line":327,"column":5}},"type":"switch","locations":[{"start":{"line":301,"column":6},"end":{"line":302,"column":39}},{"start":{"line":303,"column":6},"end":{"line":304,"column":38}},{"start":{"line":305,"column":6},"end":{"line":306,"column":15}},{"start":{"line":307,"column":6},"end":{"line":308,"column":38}},{"start":{"line":309,"column":6},"end":{"line":310,"column":41}},{"start":{"line":311,"column":6},"end":{"line":312,"column":39}},{"start":{"line":313,"column":6},"end":{"line":314,"column":41}},{"start":{"line":315,"column":6},"end":{"line":316,"column":41}},{"start":{"line":317,"column":6},"end":{"line":318,"column":41}},{"start":{"line":319,"column":6},"end":{"line":320,"column":44}},{"start":{"line":321,"column":6},"end":{"line":322,"column":41}},{"start":{"line":323,"column":6},"end":{"line":324,"column":42}},{"start":{"line":325,"column":6},"end":{"line":326,"column":40}}]},"28":{"loc":{"start":{"line":334,"column":4},"end":{"line":345,"column":5}},"type":"if","locations":[{"start":{"line":334,"column":4},"end":{"line":345,"column":5}},{"start":{"line":342,"column":11},"end":{"line":345,"column":5}}]},"29":{"loc":{"start":{"line":336,"column":6},"end":{"line":341,"column":7}},"type":"if","locations":[{"start":{"line":336,"column":6},"end":{"line":341,"column":7}}]},"30":{"loc":{"start":{"line":336,"column":10},"end":{"line":336,"column":72}},"type":"binary-expr","locations":[{"start":{"line":336,"column":10},"end":{"line":336,"column":41}},{"start":{"line":336,"column":45},"end":{"line":336,"column":72}}]},"31":{"loc":{"start":{"line":348,"column":4},"end":{"line":351,"column":5}},"type":"if","locations":[{"start":{"line":348,"column":4},"end":{"line":351,"column":5}}]},"32":{"loc":{"start":{"line":354,"column":4},"end":{"line":356,"column":5}},"type":"if","locations":[{"start":{"line":354,"column":4},"end":{"line":356,"column":5}}]},"33":{"loc":{"start":{"line":369,"column":4},"end":{"line":369,"column":24}},"type":"if","locations":[{"start":{"line":369,"column":4},"end":{"line":369,"column":24}}]},"34":{"loc":{"start":{"line":400,"column":4},"end":{"line":405,"column":5}},"type":"if","locations":[{"start":{"line":400,"column":4},"end":{"line":405,"column":5}}]},"35":{"loc":{"start":{"line":400,"column":8},"end":{"line":400,"column":63}},"type":"binary-expr","locations":[{"start":{"line":400,"column":8},"end":{"line":400,"column":32}},{"start":{"line":400,"column":36},"end":{"line":400,"column":63}}]},"36":{"loc":{"start":{"line":414,"column":4},"end":{"line":419,"column":5}},"type":"if","locations":[{"start":{"line":414,"column":4},"end":{"line":419,"column":5}}]},"37":{"loc":{"start":{"line":440,"column":4},"end":{"line":482,"column":5}},"type":"switch","locations":[{"start":{"line":441,"column":6},"end":{"line":449,"column":14}},{"start":{"line":450,"column":6},"end":{"line":451,"column":14}},{"start":{"line":452,"column":6},"end":{"line":456,"column":14}},{"start":{"line":457,"column":6},"end":{"line":463,"column":14}},{"start":{"line":464,"column":6},"end":{"line":470,"column":14}},{"start":{"line":471,"column":6},"end":{"line":477,"column":14}},{"start":{"line":478,"column":6},"end":{"line":481,"column":14}}]},"38":{"loc":{"start":{"line":453,"column":8},"end":{"line":455,"column":9}},"type":"if","locations":[{"start":{"line":453,"column":8},"end":{"line":455,"column":9}}]},"39":{"loc":{"start":{"line":453,"column":12},"end":{"line":453,"column":77}},"type":"binary-expr","locations":[{"start":{"line":453,"column":12},"end":{"line":453,"column":42}},{"start":{"line":453,"column":46},"end":{"line":453,"column":77}}]},"40":{"loc":{"start":{"line":458,"column":8},"end":{"line":462,"column":9}},"type":"if","locations":[{"start":{"line":458,"column":8},"end":{"line":462,"column":9}},{"start":{"line":460,"column":15},"end":{"line":462,"column":9}}]},"41":{"loc":{"start":{"line":460,"column":15},"end":{"line":462,"column":9}},"type":"if","locations":[{"start":{"line":460,"column":15},"end":{"line":462,"column":9}}]},"42":{"loc":{"start":{"line":465,"column":8},"end":{"line":469,"column":9}},"type":"if","locations":[{"start":{"line":465,"column":8},"end":{"line":469,"column":9}},{"start":{"line":467,"column":15},"end":{"line":469,"column":9}}]},"43":{"loc":{"start":{"line":467,"column":15},"end":{"line":469,"column":9}},"type":"if","locations":[{"start":{"line":467,"column":15},"end":{"line":469,"column":9}}]},"44":{"loc":{"start":{"line":472,"column":8},"end":{"line":476,"column":9}},"type":"if","locations":[{"start":{"line":472,"column":8},"end":{"line":476,"column":9}},{"start":{"line":474,"column":15},"end":{"line":476,"column":9}}]},"45":{"loc":{"start":{"line":474,"column":15},"end":{"line":476,"column":9}},"type":"if","locations":[{"start":{"line":474,"column":15},"end":{"line":476,"column":9}}]},"46":{"loc":{"start":{"line":490,"column":4},"end":{"line":494,"column":5}},"type":"if","locations":[{"start":{"line":490,"column":4},"end":{"line":494,"column":5}},{"start":{"line":492,"column":11},"end":{"line":494,"column":5}}]},"47":{"loc":{"start":{"line":492,"column":11},"end":{"line":494,"column":5}},"type":"if","locations":[{"start":{"line":492,"column":11},"end":{"line":494,"column":5}}]},"48":{"loc":{"start":{"line":518,"column":4},"end":{"line":525,"column":5}},"type":"if","locations":[{"start":{"line":518,"column":4},"end":{"line":525,"column":5}},{"start":{"line":520,"column":11},"end":{"line":525,"column":5}}]},"49":{"loc":{"start":{"line":520,"column":11},"end":{"line":525,"column":5}},"type":"if","locations":[{"start":{"line":520,"column":11},"end":{"line":525,"column":5}},{"start":{"line":523,"column":11},"end":{"line":525,"column":5}}]},"50":{"loc":{"start":{"line":523,"column":11},"end":{"line":525,"column":5}},"type":"if","locations":[{"start":{"line":523,"column":11},"end":{"line":525,"column":5}}]},"51":{"loc":{"start":{"line":548,"column":4},"end":{"line":550,"column":5}},"type":"if","locations":[{"start":{"line":548,"column":4},"end":{"line":550,"column":5}}]},"52":{"loc":{"start":{"line":548,"column":8},"end":{"line":548,"column":63}},"type":"binary-expr","locations":[{"start":{"line":548,"column":8},"end":{"line":548,"column":32}},{"start":{"line":548,"column":36},"end":{"line":548,"column":63}}]},"53":{"loc":{"start":{"line":581,"column":4},"end":{"line":584,"column":5}},"type":"if","locations":[{"start":{"line":581,"column":4},"end":{"line":584,"column":5}}]},"54":{"loc":{"start":{"line":586,"column":4},"end":{"line":602,"column":5}},"type":"if","locations":[{"start":{"line":586,"column":4},"end":{"line":602,"column":5}},{"start":{"line":594,"column":11},"end":{"line":602,"column":5}}]},"55":{"loc":{"start":{"line":588,"column":6},"end":{"line":593,"column":7}},"type":"if","locations":[{"start":{"line":588,"column":6},"end":{"line":593,"column":7}}]},"56":{"loc":{"start":{"line":588,"column":10},"end":{"line":588,"column":84}},"type":"binary-expr","locations":[{"start":{"line":588,"column":10},"end":{"line":588,"column":54}},{"start":{"line":588,"column":58},"end":{"line":588,"column":84}}]},"57":{"loc":{"start":{"line":596,"column":6},"end":{"line":601,"column":7}},"type":"if","locations":[{"start":{"line":596,"column":6},"end":{"line":601,"column":7}}]},"58":{"loc":{"start":{"line":614,"column":4},"end":{"line":664,"column":5}},"type":"switch","locations":[{"start":{"line":615,"column":6},"end":{"line":615,"column":45}},{"start":{"line":616,"column":6},"end":{"line":616,"column":47}},{"start":{"line":617,"column":6},"end":{"line":617,"column":51}},{"start":{"line":618,"column":6},"end":{"line":618,"column":47}},{"start":{"line":620,"column":6},"end":{"line":621,"column":37}},{"start":{"line":623,"column":6},"end":{"line":624,"column":38}},{"start":{"line":626,"column":6},"end":{"line":627,"column":37}},{"start":{"line":629,"column":6},"end":{"line":630,"column":36}},{"start":{"line":632,"column":6},"end":{"line":633,"column":37}},{"start":{"line":635,"column":6},"end":{"line":636,"column":43}},{"start":{"line":638,"column":6},"end":{"line":639,"column":38}},{"start":{"line":641,"column":6},"end":{"line":642,"column":35}},{"start":{"line":644,"column":6},"end":{"line":645,"column":38}},{"start":{"line":647,"column":6},"end":{"line":648,"column":41}},{"start":{"line":650,"column":6},"end":{"line":651,"column":40}},{"start":{"line":653,"column":6},"end":{"line":654,"column":41}},{"start":{"line":656,"column":6},"end":{"line":657,"column":37}},{"start":{"line":659,"column":6},"end":{"line":660,"column":41}},{"start":{"line":662,"column":6},"end":{"line":663,"column":35}}]},"59":{"loc":{"start":{"line":669,"column":4},"end":{"line":677,"column":5}},"type":"if","locations":[{"start":{"line":669,"column":4},"end":{"line":677,"column":5}}]},"60":{"loc":{"start":{"line":671,"column":6},"end":{"line":671,"column":64}},"type":"if","locations":[{"start":{"line":671,"column":6},"end":{"line":671,"column":64}}]},"61":{"loc":{"start":{"line":673,"column":6},"end":{"line":673,"column":68}},"type":"if","locations":[{"start":{"line":673,"column":6},"end":{"line":673,"column":68}}]},"62":{"loc":{"start":{"line":680,"column":4},"end":{"line":683,"column":5}},"type":"if","locations":[{"start":{"line":680,"column":4},"end":{"line":683,"column":5}}]},"63":{"loc":{"start":{"line":693,"column":4},"end":{"line":705,"column":5}},"type":"if","locations":[{"start":{"line":693,"column":4},"end":{"line":705,"column":5}}]},"64":{"loc":{"start":{"line":694,"column":6},"end":{"line":703,"column":7}},"type":"if","locations":[{"start":{"line":694,"column":6},"end":{"line":703,"column":7}}]},"65":{"loc":{"start":{"line":694,"column":10},"end":{"line":694,"column":89}},"type":"binary-expr","locations":[{"start":{"line":694,"column":10},"end":{"line":694,"column":34}},{"start":{"line":694,"column":38},"end":{"line":694,"column":61}},{"start":{"line":694,"column":65},"end":{"line":694,"column":89}}]},"66":{"loc":{"start":{"line":697,"column":8},"end":{"line":702,"column":9}},"type":"if","locations":[{"start":{"line":697,"column":8},"end":{"line":702,"column":9}}]},"67":{"loc":{"start":{"line":708,"column":4},"end":{"line":716,"column":5}},"type":"if","locations":[{"start":{"line":708,"column":4},"end":{"line":716,"column":5}}]},"68":{"loc":{"start":{"line":708,"column":8},"end":{"line":708,"column":44}},"type":"binary-expr","locations":[{"start":{"line":708,"column":8},"end":{"line":708,"column":24}},{"start":{"line":708,"column":28},"end":{"line":708,"column":44}}]},"69":{"loc":{"start":{"line":709,"column":6},"end":{"line":711,"column":7}},"type":"if","locations":[{"start":{"line":709,"column":6},"end":{"line":711,"column":7}}]},"70":{"loc":{"start":{"line":709,"column":10},"end":{"line":709,"column":57}},"type":"binary-expr","locations":[{"start":{"line":709,"column":10},"end":{"line":709,"column":30}},{"start":{"line":709,"column":34},"end":{"line":709,"column":57}}]},"71":{"loc":{"start":{"line":712,"column":6},"end":{"line":714,"column":7}},"type":"if","locations":[{"start":{"line":712,"column":6},"end":{"line":714,"column":7}}]},"72":{"loc":{"start":{"line":712,"column":10},"end":{"line":712,"column":59}},"type":"binary-expr","locations":[{"start":{"line":712,"column":10},"end":{"line":712,"column":31}},{"start":{"line":712,"column":35},"end":{"line":712,"column":59}}]},"73":{"loc":{"start":{"line":719,"column":4},"end":{"line":721,"column":5}},"type":"if","locations":[{"start":{"line":719,"column":4},"end":{"line":721,"column":5}}]},"74":{"loc":{"start":{"line":720,"column":6},"end":{"line":720,"column":87}},"type":"if","locations":[{"start":{"line":720,"column":6},"end":{"line":720,"column":87}}]},"75":{"loc":{"start":{"line":720,"column":10},"end":{"line":720,"column":59}},"type":"binary-expr","locations":[{"start":{"line":720,"column":10},"end":{"line":720,"column":32}},{"start":{"line":720,"column":36},"end":{"line":720,"column":59}}]},"76":{"loc":{"start":{"line":724,"column":4},"end":{"line":745,"column":5}},"type":"if","locations":[{"start":{"line":724,"column":4},"end":{"line":745,"column":5}}]},"77":{"loc":{"start":{"line":728,"column":6},"end":{"line":738,"column":7}},"type":"if","locations":[{"start":{"line":728,"column":6},"end":{"line":738,"column":7}}]},"78":{"loc":{"start":{"line":728,"column":10},"end":{"line":728,"column":89}},"type":"binary-expr","locations":[{"start":{"line":728,"column":10},"end":{"line":728,"column":34}},{"start":{"line":728,"column":38},"end":{"line":728,"column":61}},{"start":{"line":728,"column":65},"end":{"line":728,"column":89}}]},"79":{"loc":{"start":{"line":730,"column":8},"end":{"line":736,"column":9}},"type":"if","locations":[{"start":{"line":730,"column":8},"end":{"line":736,"column":9}}]},"80":{"loc":{"start":{"line":741,"column":6},"end":{"line":741,"column":48}},"type":"if","locations":[{"start":{"line":741,"column":6},"end":{"line":741,"column":48}}]},"81":{"loc":{"start":{"line":742,"column":6},"end":{"line":742,"column":48}},"type":"if","locations":[{"start":{"line":742,"column":6},"end":{"line":742,"column":48}}]},"82":{"loc":{"start":{"line":753,"column":4},"end":{"line":758,"column":5}},"type":"if","locations":[{"start":{"line":753,"column":4},"end":{"line":758,"column":5}}]},"83":{"loc":{"start":{"line":754,"column":6},"end":{"line":756,"column":7}},"type":"if","locations":[{"start":{"line":754,"column":6},"end":{"line":756,"column":7}}]},"84":{"loc":{"start":{"line":760,"column":4},"end":{"line":765,"column":5}},"type":"if","locations":[{"start":{"line":760,"column":4},"end":{"line":765,"column":5}}]},"85":{"loc":{"start":{"line":761,"column":6},"end":{"line":763,"column":7}},"type":"if","locations":[{"start":{"line":761,"column":6},"end":{"line":763,"column":7}}]},"86":{"loc":{"start":{"line":761,"column":10},"end":{"line":761,"column":63}},"type":"binary-expr","locations":[{"start":{"line":761,"column":10},"end":{"line":761,"column":33}},{"start":{"line":761,"column":37},"end":{"line":761,"column":63}}]},"87":{"loc":{"start":{"line":772,"column":4},"end":{"line":812,"column":5}},"type":"if","locations":[{"start":{"line":772,"column":4},"end":{"line":812,"column":5}}]},"88":{"loc":{"start":{"line":777,"column":6},"end":{"line":780,"column":7}},"type":"if","locations":[{"start":{"line":777,"column":6},"end":{"line":780,"column":7}}]},"89":{"loc":{"start":{"line":784,"column":6},"end":{"line":811,"column":7}},"type":"if","locations":[{"start":{"line":784,"column":6},"end":{"line":811,"column":7}}]},"90":{"loc":{"start":{"line":785,"column":8},"end":{"line":790,"column":9}},"type":"if","locations":[{"start":{"line":785,"column":8},"end":{"line":790,"column":9}}]},"91":{"loc":{"start":{"line":794,"column":10},"end":{"line":807,"column":11}},"type":"if","locations":[{"start":{"line":794,"column":10},"end":{"line":807,"column":11}}]},"92":{"loc":{"start":{"line":795,"column":12},"end":{"line":800,"column":13}},"type":"if","locations":[{"start":{"line":795,"column":12},"end":{"line":800,"column":13}}]},"93":{"loc":{"start":{"line":795,"column":16},"end":{"line":795,"column":85}},"type":"binary-expr","locations":[{"start":{"line":795,"column":16},"end":{"line":795,"column":55}},{"start":{"line":795,"column":59},"end":{"line":795,"column":85}}]},"94":{"loc":{"start":{"line":803,"column":12},"end":{"line":806,"column":13}},"type":"if","locations":[{"start":{"line":803,"column":12},"end":{"line":806,"column":13}}]},"95":{"loc":{"start":{"line":803,"column":16},"end":{"line":803,"column":69}},"type":"binary-expr","locations":[{"start":{"line":803,"column":16},"end":{"line":803,"column":36}},{"start":{"line":803,"column":40},"end":{"line":803,"column":69}}]},"96":{"loc":{"start":{"line":805,"column":14},"end":{"line":805,"column":48}},"type":"if","locations":[{"start":{"line":805,"column":14},"end":{"line":805,"column":48}}]},"97":{"loc":{"start":{"line":816,"column":4},"end":{"line":845,"column":5}},"type":"if","locations":[{"start":{"line":816,"column":4},"end":{"line":845,"column":5}}]},"98":{"loc":{"start":{"line":818,"column":6},"end":{"line":823,"column":7}},"type":"if","locations":[{"start":{"line":818,"column":6},"end":{"line":823,"column":7}}]},"99":{"loc":{"start":{"line":828,"column":8},"end":{"line":841,"column":9}},"type":"if","locations":[{"start":{"line":828,"column":8},"end":{"line":841,"column":9}}]},"100":{"loc":{"start":{"line":829,"column":10},"end":{"line":834,"column":11}},"type":"if","locations":[{"start":{"line":829,"column":10},"end":{"line":834,"column":11}}]},"101":{"loc":{"start":{"line":829,"column":14},"end":{"line":829,"column":86}},"type":"binary-expr","locations":[{"start":{"line":829,"column":14},"end":{"line":829,"column":56}},{"start":{"line":829,"column":60},"end":{"line":829,"column":86}}]},"102":{"loc":{"start":{"line":837,"column":10},"end":{"line":840,"column":11}},"type":"if","locations":[{"start":{"line":837,"column":10},"end":{"line":840,"column":11}}]},"103":{"loc":{"start":{"line":837,"column":14},"end":{"line":837,"column":67}},"type":"binary-expr","locations":[{"start":{"line":837,"column":14},"end":{"line":837,"column":34}},{"start":{"line":837,"column":38},"end":{"line":837,"column":67}}]},"104":{"loc":{"start":{"line":839,"column":12},"end":{"line":839,"column":46}},"type":"if","locations":[{"start":{"line":839,"column":12},"end":{"line":839,"column":46}}]},"105":{"loc":{"start":{"line":848,"column":4},"end":{"line":851,"column":5}},"type":"if","locations":[{"start":{"line":848,"column":4},"end":{"line":851,"column":5}}]},"106":{"loc":{"start":{"line":862,"column":4},"end":{"line":864,"column":5}},"type":"if","locations":[{"start":{"line":862,"column":4},"end":{"line":864,"column":5}}]},"107":{"loc":{"start":{"line":862,"column":8},"end":{"line":862,"column":60}},"type":"binary-expr","locations":[{"start":{"line":862,"column":8},"end":{"line":862,"column":30}},{"start":{"line":862,"column":34},"end":{"line":862,"column":60}}]},"108":{"loc":{"start":{"line":866,"column":4},"end":{"line":866,"column":57}},"type":"if","locations":[{"start":{"line":866,"column":4},"end":{"line":866,"column":57}}]},"109":{"loc":{"start":{"line":867,"column":4},"end":{"line":867,"column":61}},"type":"if","locations":[{"start":{"line":867,"column":4},"end":{"line":867,"column":61}}]},"110":{"loc":{"start":{"line":868,"column":4},"end":{"line":870,"column":5}},"type":"if","locations":[{"start":{"line":868,"column":4},"end":{"line":870,"column":5}}]},"111":{"loc":{"start":{"line":878,"column":4},"end":{"line":885,"column":5}},"type":"if","locations":[{"start":{"line":878,"column":4},"end":{"line":885,"column":5}}]},"112":{"loc":{"start":{"line":880,"column":6},"end":{"line":883,"column":7}},"type":"if","locations":[{"start":{"line":880,"column":6},"end":{"line":883,"column":7}}]},"113":{"loc":{"start":{"line":888,"column":4},"end":{"line":893,"column":5}},"type":"if","locations":[{"start":{"line":888,"column":4},"end":{"line":893,"column":5}}]},"114":{"loc":{"start":{"line":890,"column":6},"end":{"line":892,"column":7}},"type":"if","locations":[{"start":{"line":890,"column":6},"end":{"line":892,"column":7}}]},"115":{"loc":{"start":{"line":891,"column":8},"end":{"line":891,"column":87}},"type":"if","locations":[{"start":{"line":891,"column":8},"end":{"line":891,"column":87}}]},"116":{"loc":{"start":{"line":891,"column":12},"end":{"line":891,"column":58}},"type":"binary-expr","locations":[{"start":{"line":891,"column":12},"end":{"line":891,"column":33}},{"start":{"line":891,"column":37},"end":{"line":891,"column":58}}]},"117":{"loc":{"start":{"line":901,"column":4},"end":{"line":920,"column":5}},"type":"if","locations":[{"start":{"line":901,"column":4},"end":{"line":920,"column":5}}]},"118":{"loc":{"start":{"line":903,"column":6},"end":{"line":906,"column":7}},"type":"if","locations":[{"start":{"line":903,"column":6},"end":{"line":906,"column":7}}]},"119":{"loc":{"start":{"line":907,"column":6},"end":{"line":910,"column":7}},"type":"if","locations":[{"start":{"line":907,"column":6},"end":{"line":910,"column":7}}]},"120":{"loc":{"start":{"line":911,"column":6},"end":{"line":916,"column":7}},"type":"if","locations":[{"start":{"line":911,"column":6},"end":{"line":916,"column":7}}]},"121":{"loc":{"start":{"line":911,"column":10},"end":{"line":911,"column":71}},"type":"binary-expr","locations":[{"start":{"line":911,"column":10},"end":{"line":911,"column":41}},{"start":{"line":911,"column":45},"end":{"line":911,"column":71}}]},"122":{"loc":{"start":{"line":922,"column":4},"end":{"line":924,"column":5}},"type":"if","locations":[{"start":{"line":922,"column":4},"end":{"line":924,"column":5}}]},"123":{"loc":{"start":{"line":926,"column":4},"end":{"line":945,"column":5}},"type":"if","locations":[{"start":{"line":926,"column":4},"end":{"line":945,"column":5}}]},"124":{"loc":{"start":{"line":929,"column":6},"end":{"line":944,"column":7}},"type":"if","locations":[{"start":{"line":929,"column":6},"end":{"line":944,"column":7}},{"start":{"line":942,"column":13},"end":{"line":944,"column":7}}]},"125":{"loc":{"start":{"line":931,"column":8},"end":{"line":934,"column":9}},"type":"if","locations":[{"start":{"line":931,"column":8},"end":{"line":934,"column":9}}]},"126":{"loc":{"start":{"line":936,"column":8},"end":{"line":941,"column":9}},"type":"if","locations":[{"start":{"line":936,"column":8},"end":{"line":941,"column":9}}]},"127":{"loc":{"start":{"line":936,"column":12},"end":{"line":936,"column":73}},"type":"binary-expr","locations":[{"start":{"line":936,"column":12},"end":{"line":936,"column":43}},{"start":{"line":936,"column":47},"end":{"line":936,"column":73}}]},"128":{"loc":{"start":{"line":942,"column":13},"end":{"line":944,"column":7}},"type":"if","locations":[{"start":{"line":942,"column":13},"end":{"line":944,"column":7}}]},"129":{"loc":{"start":{"line":954,"column":4},"end":{"line":954,"column":61}},"type":"if","locations":[{"start":{"line":954,"column":4},"end":{"line":954,"column":61}}]},"130":{"loc":{"start":{"line":955,"column":4},"end":{"line":955,"column":66}},"type":"if","locations":[{"start":{"line":955,"column":4},"end":{"line":955,"column":66}}]},"131":{"loc":{"start":{"line":956,"column":4},"end":{"line":958,"column":5}},"type":"if","locations":[{"start":{"line":956,"column":4},"end":{"line":958,"column":5}}]},"132":{"loc":{"start":{"line":965,"column":4},"end":{"line":967,"column":5}},"type":"if","locations":[{"start":{"line":965,"column":4},"end":{"line":967,"column":5}}]},"133":{"loc":{"start":{"line":965,"column":8},"end":{"line":965,"column":63}},"type":"binary-expr","locations":[{"start":{"line":965,"column":8},"end":{"line":965,"column":32}},{"start":{"line":965,"column":36},"end":{"line":965,"column":63}}]},"134":{"loc":{"start":{"line":976,"column":4},"end":{"line":981,"column":5}},"type":"if","locations":[
[...]
:{"line":105,"column":49}},"40":{"start":{"line":106,"column":8},"end":{"line":106,"column":14}},"41":{"start":{"line":110,"column":8},"end":{"line":110,"column":46}},"42":{"start":{"line":110,"column":32},"end":{"line":110,"column":37}},"43":{"start":{"line":111,"column":8},"end":{"line":111,"column":14}},"44":{"start":{"line":114,"column":8},"end":{"line":114,"column":46}},"45":{"start":{"line":114,"column":32},"end":{"line":114,"column":37}},"46":{"start":{"line":115,"column":8},"end":{"line":115,"column":14}},"47":{"start":{"line":118,"column":8},"end":{"line":118,"column":46}},"48":{"start":{"line":118,"column":32},"end":{"line":118,"column":37}},"49":{"start":{"line":119,"column":8},"end":{"line":119,"column":14}},"50":{"start":{"line":122,"column":8},"end":{"line":125,"column":18}},"51":{"start":{"line":123,"column":10},"end":{"line":123,"column":66}},"52":{"start":{"line":123,"column":23},"end":{"line":123,"column":66}},"53":{"start":{"line":124,"column":10},"end":{"line":124,"column":23}},"54":{"start":{"line":126,"column":8},"end":{"line":126,"column":14}},"55":{"start":{"line":129,"column":8},"end":{"line":132,"column":18}},"56":{"start":{"line":130,"column":10},"end":{"line":130,"column":66}},"57":{"start":{"line":130,"column":23},"end":{"line":130,"column":66}},"58":{"start":{"line":131,"column":10},"end":{"line":131,"column":23}},"59":{"start":{"line":133,"column":8},"end":{"line":133,"column":14}},"60":{"start":{"line":137,"column":18},"end":{"line":137,"column":38}},"61":{"start":{"line":138,"column":18},"end":{"line":138,"column":38}},"62":{"start":{"line":139,"column":23},"end":{"line":139,"column":48}},"63":{"start":{"line":140,"column":8},"end":{"line":140,"column":57}},"64":{"start":{"line":141,"column":8},"end":{"line":141,"column":14}},"65":{"start":{"line":145,"column":18},"end":{"line":145,"column":38}},"66":{"start":{"line":146,"column":18},"end":{"line":146,"column":38}},"67":{"start":{"line":147,"column":23},"end":{"line":147,"column":49}},"68":{"start":{"line":148,"column":8},"end":{"line":148,"column":57}},"69":{"start":{"line":149,"column":8},"end":{"line":149,"column":14}},"70":{"start":{"line":153,"column":18},"end":{"line":153,"column":38}},"71":{"start":{"line":154,"column":18},"end":{"line":154,"column":38}},"72":{"start":{"line":155,"column":23},"end":{"line":155,"column":50}},"73":{"start":{"line":156,"column":8},"end":{"line":156,"column":57}},"74":{"start":{"line":157,"column":8},"end":{"line":157,"column":14}},"75":{"start":{"line":161,"column":18},"end":{"line":161,"column":38}},"76":{"start":{"line":162,"column":18},"end":{"line":162,"column":38}},"77":{"start":{"line":164,"column":10},"end":{"line":164,"column":66}},"78":{"start":{"line":165,"column":8},"end":{"line":165,"column":57}},"79":{"start":{"line":166,"column":8},"end":{"line":166,"column":14}},"80":{"start":{"line":170,"column":18},"end":{"line":170,"column":38}},"81":{"start":{"line":171,"column":18},"end":{"line":171,"column":38}},"82":{"start":{"line":172,"column":23},"end":{"line":172,"column":50}},"83":{"start":{"line":173,"column":8},"end":{"line":173,"column":57}},"84":{"start":{"line":174,"column":8},"end":{"line":174,"column":14}},"85":{"start":{"line":178,"column":18},"end":{"line":178,"column":38}},"86":{"start":{"line":179,"column":18},"end":{"line":179,"column":38}},"87":{"start":{"line":181,"column":10},"end":{"line":181,"column":66}},"88":{"start":{"line":182,"column":8},"end":{"line":182,"column":57}},"89":{"start":{"line":183,"column":8},"end":{"line":183,"column":14}},"90":{"start":{"line":188,"column":18},"end":{"line":188,"column":38}},"91":{"start":{"line":189,"column":18},"end":{"line":189,"column":38}},"92":{"start":{"line":191,"column":10},"end":{"line":191,"column":64}},"93":{"start":{"line":192,"column":8},"end":{"line":192,"column":57}},"94":{"start":{"line":193,"column":8},"end":{"line":193,"column":14}},"95":{"start":{"line":197,"column":18},"end":{"line":197,"column":38}},"96":{"start":{"line":198,"column":18},"end":{"line":198,"column":38}},"97":{"start":{"line":200,"column":10},"end":{"line":200,"column":64}},"98":{"start":{"line":201,"column":8},"end":{"line":201,"column":57}},"99":{"start":{"line":202,"column":8},"end":{"line":202,"column":14}},"100":{"start":{"line":206,"column":18},"end":{"line":206,"column":38}},"101":{"start":{"line":207,"column":23},"end":{"line":207,"column":49}},"102":{"start":{"line":208,"column":8},"end":{"line":208,"column":57}},"103":{"start":{"line":209,"column":8},"end":{"line":209,"column":14}},"104":{"start":{"line":214,"column":8},"end":{"line":214,"column":32}},"105":{"start":{"line":215,"column":8},"end":{"line":215,"column":14}},"106":{"start":{"line":218,"column":21},"end":{"line":218,"column":41}},"107":{"start":{"line":219,"column":8},"end":{"line":221,"column":9}},"108":{"start":{"line":220,"column":10},"end":{"line":220,"column":34}},"109":{"start":{"line":222,"column":8},"end":{"line":222,"column":14}},"110":{"start":{"line":226,"column":21},"end":{"line":226,"column":41}},"111":{"start":{"line":227,"column":8},"end":{"line":229,"column":9}},"112":{"start":{"line":228,"column":10},"end":{"line":228,"column":34}},"113":{"start":{"line":230,"column":8},"end":{"line":230,"column":14}},"114":{"start":{"line":235,"column":22},"end":{"line":235,"column":31}},"115":{"start":{"line":236,"column":22},"end":{"line":236,"column":64}},"116":{"start":{"line":237,"column":8},"end":{"line":237,"column":31}},"117":{"start":{"line":238,"column":8},"end":{"line":238,"column":14}},"118":{"start":{"line":242,"column":22},"end":{"line":242,"column":31}},"119":{"start":{"line":243,"column":22},"end":{"line":243,"column":42}},"120":{"start":{"line":244,"column":8},"end":{"line":244,"column":38}},"121":{"start":{"line":245,"column":8},"end":{"line":245,"column":14}},"122":{"start":{"line":249,"column":21},"end":{"line":249,"column":30}},"123":{"start":{"line":250,"column":22},"end":{"line":250,"column":64}},"124":{"start":{"line":251,"column":8},"end":{"line":251,"column":31}},"125":{"start":{"line":252,"column":8},"end":{"line":252,"column":14}},"126":{"start":{"line":256,"column":21},"end":{"line":256,"column":30}},"127":{"start":{"line":257,"column":22},"end":{"line":257,"column":42}},"128":{"start":{"line":258,"column":8},"end":{"line":258,"column":38}},"129":{"start":{"line":259,"column":8},"end":{"line":259,"column":14}},"130":{"start":{"line":263,"column":22},"end":{"line":263,"column":42}},"131":{"start":{"line":264,"column":8},"end":{"line":264,"column":59}},"132":{"start":{"line":265,"column":8},"end":{"line":265,"column":14}},"133":{"start":{"line":269,"column":8},"end":{"line":269,"column":43}},"134":{"start":{"line":270,"column":8},"end":{"line":270,"column":14}},"135":{"start":{"line":274,"column":8},"end":{"line":274,"column":14}},"136":{"start":{"line":277,"column":8},"end":{"line":277,"column":62}},"137":{"start":{"line":288,"column":14},"end":{"line":288,"column":35}},"138":{"start":{"line":289,"column":14},"end":{"line":289,"column":35}},"139":{"start":{"line":290,"column":19},"end":{"line":290,"column":27}},"140":{"start":{"line":293,"column":18},"end":{"line":293,"column":42}},"141":{"start":{"line":294,"column":4},"end":{"line":296,"column":6}},"142":{"start":{"line":303,"column":4},"end":{"line":305,"column":5}},"143":{"start":{"line":304,"column":6},"end":{"line":304,"column":74}},"144":{"start":{"line":306,"column":4},"end":{"line":306,"column":29}},"145":{"start":{"line":313,"column":18},"end":{"line":313,"column":38}},"146":{"start":{"line":314,"column":4},"end":{"line":320,"column":5}},"147":{"start":{"line":315,"column":6},"end":{"line":319,"column":8}},"148":{"start":{"line":321,"column":4},"end":{"line":321,"column":23}},"149":{"start":{"line":328,"column":4},"end":{"line":328,"column":32}},"150":{"start":{"line":335,"column":15},"end":{"line":335,"column":38}},"151":{"start":{"line":336,"column":4},"end":{"line":338,"column":5}},"152":{"start":{"line":337,"column":6},"end":{"line":337,"column":66}},"153":{"start":{"line":339,"column":4},"end":{"line":339,"column":35}},"154":{"start":{"line":346,"column":28},"end":{"line":346,"column":30}},"155":{"start":{"line":347,"column":4},"end":{"line":347,"column":33}},"156":{"start":{"line":348,"column":4},"end":{"line":348,"column":54}},"157":{"start":{"line":349,"column":4},"end":{"line":351,"column":7}},"158":{"start":{"line":350,"column":6},"end":{"line":350,"column":57}},"159":{"start":{"line":352,"column":4},"end":{"line":352,"column":28}},"160":{"start":{"line":35,"column":0},"end":{"line":35,"column":13}}},"fnMap":{"0":{"name":"(anonymous_0)","decl":{"start":{"line":22,"column":2},"end":{"line":22,"column":null}},"loc":{"start":{"line":25,"column":29},"end":{"line":29,"column":3}}},"1":{"name":"(anonymous_1)","decl":{"start":{"line":46,"column":2},"end":{"line":46,"column":null}},"loc":{"start":{"line":46,"column":2},"end":{"line":48,"column":3}}},"2":{"name":"(anonymous_2)","decl":{"start":{"line":53,"column":10},"end":{"line":53,"column":26}},"loc":{"start":{"line":53,"column":26},"end":{"line":55,"column":3}}},"3":{"name":"(anonymous_3)","decl":{"start":{"line":60,"column":9},"end":{"line":60,"column":16}},"loc":{"start":{"line":60,"column":44},"end":{"line":82,"column":3}}},"4":{"name":"(anonymous_4)","decl":{"start":{"line":87,"column":10},"end":{"line":87,"column":28}},"loc":{"start":{"line":87,"column":47},"end":{"line":279,"column":3}}},"5":{"name":"(anonymous_5)","decl":{"start":{"line":110,"column":22},"end":{"line":110,"column":23}},"loc":{"start":{"line":110,"column":32},"end":{"line":110,"column":37}}},"6":{"name":"(anonymous_6)","decl":{"start":{"line":114,"column":22},"end":{"line":114,"column":23}},"loc":{"start":{"line":114,"column":32},"end":{"line":114,"column":37}}},"7":{"name":"(anonymous_7)","decl":{"start":{"line":118,"column":22},"end":{"line":118,"column":23}},"loc":{"start":{"line":118,"column":32},"end":{"line":118,"column":37}}},"8":{"name":"(anonymous_8)","decl":{"start":{"line":122,"column":22},"end":{"line":122,"column":23}},"loc":{"start":{"line":122,"column":31},"end":{"line":125,"column":9}}},"9":{"name":"(anonymous_9)","decl":{"start":{"line":129,"column":22},"end":{"line":129,"column":23}},"loc":{"start":{"line":129,"column":31},"end":{"line":132,"column":9}}},"10":{"name":"(anonymous_10)","decl":{"start":{"line":284,"column":10},"end":{"line":284,"column":18}},"loc":{"start":{"line":286,"column":22},"end":{"line":297,"column":3}}},"11":{"name":"(anonymous_11)","decl":{"start":{"line":302,"column":10},"end":{"line":302,"column":18}},"loc":{"start":{"line":302,"column":37},"end":{"line":307,"column":3}}},"12":{"name":"(anonymous_12)","decl":{"start":{"line":312,"column":10},"end":{"line":312,"column":19}},"loc":{"start":{"line":312,"column":38},"end":{"line":322,"column":3}}},"13":{"name":"(anonymous_13)","decl":{"start":{"line":327,"column":9},"end":{"line":327,"column":24}},"loc":{"start":{"line":327,"column":51},"end":{"line":329,"column":3}}},"14":{"name":"(anonymous_14)","decl":{"start":{"line":334,"column":9},"end":{"line":334,"column":20}},"loc":{"start":{"line":334,"column":48},"end":{"line":340,"column":3}}},"15":{"name":"(anonymous_15)","decl":{"start":{"line":345,"column":9},"end":{"line":345,"column":22}},"loc":{"start":{"line":345,"column":22},"end":{"line":353,"column":3}}},"16":{"name":"(anonymous_16)","decl":{"start":{"line":349,"column":23},"end":{"line":349,"column":24}},"loc":{"start":{"line":349,"column":32},"end":{"line":351,"column":5}}}},"branchMap":{"0":{"loc":{"start":{"line":24,"column":11},"end":{"line":24,"column":27}},"type":"default-arg","locations":[{"start":{"line":24,"column":26},"end":{"line":24,"column":27}}]},"1":{"loc":{"start":{"line":25,"column":11},"end":{"line":25,"column":29}},"type":"default-arg","locations":[{"start":{"line":25,"column":28},"end":{"line":25,"column":29}}]},"2":{"loc":{"start":{"line":71,"column":13},"end":{"line":71,"column":49}},"type":"binary-expr","locations":[{"start":{"line":71,"column":13},"end":{"line":71,"column":29}},{"start":{"line":71,"column":33},"end":{"line":71,"column":49}}]},"3":{"loc":{"start":{"line":73,"column":6},"end":{"line":75,"column":7}},"type":"if","locations":[{"start":{"line":73,"column":6},"end":{"line":75,"column":7}}]},"4":{"loc":{"start":{"line":77,"column":21},"end":{"line":77,"column":75}},"type":"cond-expr","locations":[{"start":{"line":77,"column":46},"end":{"line":77,"column":59}},{"start":{"line":77,"column":62},"end":{"line":77,"column":75}}]},"5":{"loc":{"start":{"line":78,"column":8},"end":{"line":78,"column":40}},"type":"binary-expr","locations":[{"start":{"line":78,"column":8},"end":{"line":78,"column":35}},{"start":{"line":78,"column":39},"end":{"line":78,"column":40}}]},"6":{"loc":{"start":{"line":79,"column":8},"end":{"line":79,"column":42}},"type":"binary-expr","locations":[{"start":{"line":79,"column":8},"end":{"line":79,"column":37}},{"start":{"line":79,"column":41},"end":{"line":79,"column":42}}]},"7":{"loc":{"start":{"line":88,"column":4},"end":{"line":278,"column":5}},"type":"switch","locations":[{"start":{"line":89,"column":6},"end":{"line":91,"column":14}},{"start":{"line":93,"column":6},"end":{"line":98,"column":14}},{"start":{"line":100,"column":6},"end":{"line":106,"column":14}},{"start":{"line":109,"column":6},"end":{"line":111,"column":14}},{"start":{"line":113,"column":6},"end":{"line":115,"column":14}},{"start":{"line":117,"column":6},"end":{"line":119,"column":14}},{"start":{"line":121,"column":6},"end":{"line":126,"column":14}},{"start":{"line":128,"column":6},"end":{"line":133,"column":14}},{"start":{"line":136,"column":6},"end":{"line":142,"column":7}},{"start":{"line":144,"column":6},"end":{"line":150,"column":7}},{"start":{"line":152,"column":6},"end":{"line":158,"column":7}},{"start":{"line":160,"column":6},"end":{"line":167,"column":7}},{"start":{"line":169,"column":6},"end":{"line":175,"column":7}},{"start":{"line":177,"column":6},"end":{"line":184,"column":7}},{"start":{"line":187,"column":6},"end":{"line":194,"column":7}},{"start":{"line":196,"column":6},"end":{"line":203,"column":7}},{"start":{"line":205,"column":6},"end":{"line":210,"column":7}},{"start":{"line":213,"column":6},"end":{"line":215,"column":14}},{"start":{"line":217,"column":6},"end":{"line":223,"column":7}},{"start":{"line":225,"column":6},"end":{"line":231,"column":7}},{"start":{"line":234,"column":6},"end":{"line":239,"column":7}},{"start":{"line":241,"column":6},"end":{"line":246,"column":7}},{"start":{"line":248,"column":6},"end":{"line":253,"column":7}},{"start":{"line":255,"column":6},"end":{"line":260,"column":7}},{"start":{"line":262,"column":6},"end":{"line":266,"column":7}},{"start":{"line":268,"column":6},"end":{"line":270,"column":14}},{"start":{"line":272,"column":6},"end":{"line":274,"column":14}},{"start":{"line":276,"column":6},"end":{"line":277,"column":62}}]},"8":{"loc":{"start":{"line":94,"column":8},"end":{"line":96,"column":9}},"type":"if","locations":[{"start":{"line":94,"column":8},"end":{"line":96,"column":9}}]},"9":{"loc":{"start":{"line":101,"column":8},"end":{"line":103,"column":9}},"type":"if","locations":[{"start":{"line":101,"column":8},"end":{"line":103,"column":9}}]},"10":{"loc":{"start":{"line":123,"column":10},"end":{"line":123,"column":66}},"type":"if","locations":[{"start":{"line":123,"column":10},"end":{"line":123,"column":66}}]},"11":{"loc":{"start":{"line":130,"column":10},"end":{"line":130,"column":66}},"type":"if","locations":[{"start":{"line":130,"column":10},"end":{"line":130,"column":66}}]},"12":{"loc":{"start":{"line":164,"column":10},"end":{"line":164,"column":66}},"type":"binary-expr","locations":[{"start":{"line":164,"column":10},"end":{"line":164,"column":37}},{"start":{"line":164,"column":41},"end":{"line":164,"column":66}}]},"13":{"loc":{"start":{"line":181,"column":10},"end":{"line":181,"column":66}},"type":"binary-expr","locations":[{"start":{"line":181,"column":10},"end":{"line":181,"column":37}},{"start":{"line":181,"column":41},"end":{"line":181,"column":66}}]},"14":{"loc":{"start":{"line":191,"column":10},"end":{"line":191,"column":64}},"type":"binary-expr","locations":[{"start":{"line":191,"column":10},"end":{"line":191,"column":35}},{"start":{"line":191,"column":39},"end":{"line":191,"column":64}}]},"15":{"loc":{"start":{"line":200,"column":10},"end":{"line":200,"column":64}},"type":"binary-expr","locations":[{"start":{"line":200,"column":10},"end":{"line":200,"column":35}},{"start":{"line":200,"column":39},"end":{"line":200,"column":64}}]},"16":{"loc":{"start":{"line":219,"column":8},"end":{"line":221,"column":9}},"type":"if","locations":[{"start":{"line":219,"column":8},"end":{"line":221,"column":9}}]},"17":{"loc":{"start":{"line":227,"column":8},"end":{"line":229,"column":9}},"type":"if","locations":[{"start":{"line":227,"column":8},"end":{"line":229,"column":9}}]},"18":{"loc":{"start":{"line":236,"column":22},"end":{"line":236,"column":64}},"type":"binary-expr","locations":[{"start":{"line":236,"column":22},"end":{"line":236,"column":44}},{"start":{"line":236,"column":48},"end":{"line":236,"column":64}}]},"19":{"loc":{"start":{"line":250,"column":22},"end":{"line":250,"column":64}},"type":"binary-expr","locations":[{"start":{"line":250,"column":22},"end":{"line":250,"column":44}},{"start":{"line":250,"column":48},"end":{"line":250,"column":64}}]},"20":{"loc":{"start":{"line":295,"column":6},"end":{"line":295,"column":79}},"type":"cond-expr","locations":[{"start":{"line":295,"column":14},"end":{"line":295,"column":44}},{"start":{"line":295,"column":47},"end":{"line":295,"column":79}}]},"21":{"loc":{"start":{"line":303,"column":4},"end":{"line":305,"column":5}},"type":"if","locations":[{"start":{"line":303,"column":4},"end":{"line":305,"column":5}}]},"22":{"loc":{"start":{"line":314,"column":4},"end":{"line":320,"column":5}},"type":"if","locations":[{"start":{"line":314,"column":4},"end":{"line":320,"column":5}}]},"23":{"loc":{"start":{"line":314,"column":8},"end":{"line":314,"column":54}},"type":"binary-expr","locations":[{"start":{"line":314,"column":8},"end":{"line":314,"column":28}},{"start":{"line":314,"column":32},"end":{"line":314,"column":54}}]},"24":{"loc":{"start":{"line":336,"column":4},"end":{"line":338,"column":5}},"type":"if","locations":[{"start":{"line":336,"column":4},"end":{"line":338,"column":5}}]}},"s":{"0":0,"1":0,"2":0,"3":0,"4":0,"5":0,"6":0,"7":0,"8":0,"9":0,"10":0,"11":0,"12":0,"13":0,"14":0,"15":0,"16":0,"17":0,"18":0,"19":0,"20":0,"21":0,"22":0,"23":0,"24":0,"25":0,"26":0,"27":0,"28":0,"29":0,"30":0,"31":0,"32":0,"33":0,"34":0,"35":0,"36":0,"37":0,"38":0,"39":0,"40":0,"41":0,"42":0,"43":0,"44":0,"45":0,"46":0,"47":0,"48":0,"49":0,"50":0,"51":0,"52":0,"53":0,"54":0,"55":0,"56":0,"57":0,"58":0,"59":0,"60":0,"61":0,"62":0,"63":0,"64":0,"65":0,"66":0,"67":0,"68":0,"69":0,"70":0,"71":0,"72":0,"73":0,"74":0,"75":0,"76":0,"77":0,"78":0,"79":0,"80":0,"81":0,"82":0,"83":0,"84":0,"85":0,"86":0,"87":0,"88":0,"89":0,"90":0,"91":0,"92":0,"93":0,"94":0,"95":0,"96":0,"97":0,"98":0,"99":0,"100":0,"101":0,"102":0,"103":0,"104":0,"105":0,"106":0,"107":0,"108":0,"109":0,"110":0,"111":0,"112":0,"113":0,"114":0,"115":0,"116":0,"117":0,"118":0,"119":0,"120":0,"121":0,"122":0,"123":0,"124":0,"125":0,"126":0,"127":0,"128":0,"129":0,"130":0,"131":0,"132":0,"133":0,"134":0,"135":0,"136":0,"137":0,"138":0,"139":0,"140":0,"141":0,"142":0,"143":0,"144":0,"145":0,"146":0,"147":0,"148":0,"149":0,"150":0,"151":0,"152":0,"153":0,"154":0,"155":0,"156":0,"157":0,"158":0,"159":0,"160":0},"f":{"0":0,"1":0,"2":0,"3":0,"4":0,"5":0,"6":0,"7":0,"8":0,"9":0,"10":0,"11":0,"12":0,"13":0,"14":0,"15":0,"16":0},"b":{"0":[0],"1":[0],"2":[0,0],"3":[0],"4":[0,0],"5":[0,0],"6":[0,0],"7":[0,0,0,0,0,0,0,0,0,0,0,0,0,0,0,0,0,0,0,0,0,0,0,0,0,0,0,0],"8":[0],"9":[0],"10":[0],"11":[0],"12":[0,0],"13":[0,0],"14":[0,0],"15":[0,0],"16":[0],"17":[0],"18":[0,0],"19":[0,0],"20":[0,0],"21":[0],"22":[0],"23":[0,0],"24":[0]}}
}
