TN:
SF:src/checker.ts
FN:66,(anonymous_0)
FN:70,(anonymous_1)
FN:74,(anonymous_2)
FN:86,isCopyType
FN:117,typesEqual
FN:165,typeToString
FN:174,(anonymous_6)
FN:191,annotationToType
FN:212,(anonymous_8)
FN:221,(anonymous_9)
FN:238,(anonymous_10)
FN:242,(anonymous_11)
FN:265,(anonymous_12)
FN:266,(anonymous_13)
FN:280,(anonymous_14)
FN:299,(anonymous_15)
FN:330,(anonymous_16)
FN:367,(anonymous_17)
FN:398,(anonymous_18)
FN:422,(anonymous_19)
FN:429,(anonymous_20)
FN:439,(anonymous_21)
FN:485,(anonymous_22)
FN:513,(anonymous_23)
FN:544,(anonymous_24)
FN:560,(anonymous_25)
FN:565,(anonymous_26)
FN:570,(anonymous_27)
FN:580,(anonymous_28)
FN:605,(anonymous_29)
FN:613,(anonymous_30)
FN:667,(anonymous_31)
FN:688,(anonymous_32)
FN:750,(anonymous_33)
FN:770,(anonymous_34)
FN:858,(anonymous_35)
FN:875,(anonymous_36)
FN:898,(anonymous_37)
FN:950,(anonymous_38)
FN:963,(anonymous_39)
FN:986,(anonymous_40)
FN:1010,(anonymous_41)
FN:1027,(anonymous_42)
FN:1066,(anonymous_43)
FN:1123,(anonymous_44)
FN:1139,(anonymous_45)
FN:1159,(anonymous_46)
FN:1178,(anonymous_47)
FN:1250,(anonymous_48)
FNF:49
FNH:36
FNDA:97,(anonymous_0)
FNDA:73,(anonymous_1)
FNDA:44,(anonymous_2)
FNDA:6,isCopyType
FNDA:112,typesEqual
FNDA:17,typeToString
FNDA:0,(anonymous_6)
FNDA:83,annotationToType
FNDA:2,(anonymous_8)
FNDA:0,(anonymous_9)
FNDA:57,(anonymous_10)
FNDA:57,(anonymous_11)
FNDA:19,(anonymous_12)
FNDA:8,(anonymous_13)
FNDA:13,(anonymous_14)
FNDA:124,(anonymous_15)
FNDA:53,(anonymous_16)
FNDA:19,(anonymous_17)
FNDA:1,(anonymous_18)
FNDA:0,(anonymous_19)
FNDA:0,(anonymous_20)
FNDA:0,(anonymous_21)
FNDA:0,(anonymous_22)
FNDA:10,(anonymous_23)
FNDA:4,(anonymous_24)
FNDA:1,(anonymous_25)
FNDA:0,(anonymous_26)
FNDA:0,(anonymous_27)
FNDA:15,(anonymous_28)
FNDA:8,(anonymous_29)
FNDA:203,(anonymous_30)
FNDA:34,(anonymous_31)
FNDA:17,(anonymous_32)
FNDA:4,(anonymous_33)
FNDA:7,(anonymous_34)
FNDA:0,(anonymous_35)
FNDA:4,(anonymous_36)
FNDA:4,(anonymous_37)
FNDA:0,(anonymous_38)
FNDA:0,(anonymous_39)
FNDA:0,(anonymous_40)
FNDA:9,(anonymous_41)
FNDA:16,(anonymous_42)
FNDA:3,(anonymous_43)
FNDA:3,(anonymous_44)
FNDA:1,(anonymous_45)
FNDA:0,(anonymous_46)
FNDA:7,(anonymous_47)
FNDA:19,(anonymous_48)
DA:63,97
DA:67,97
DA:71,73
DA:75,44
DA:76,44
DA:77,6
DA:78,0
DA:87,6
DA:94,6
DA:96,0
DA:98,0
DA:100,0
DA:103,0
DA:105,0
DA:107,0
DA:109,0
DA:119,112
DA:121,112
DA:123,105
DA:125,97
DA:127,3
DA:129,0
DA:131,0
DA:133,0
DA:135,3
DA:136,3
DA:137,3
DA:138,6
DA:139,6
DA:141,3
DA:144,2
DA:145,2
DA:146,2
DA:147,2
DA:149,2
DA:152,0
DA:153,0
DA:154,0
DA:155,0
DA:156,0
DA:158,0
DA:161,0
DA:166,17
DA:168,17
DA:169,0
DA:170,0
DA:171,0
DA:172,0
DA:174,0
DA:175,0
DA:178,0
DA:179,0
DA:182,0
DA:184,0
DA:185,0
DA:187,0
DA:196,83
DA:197,32
DA:198,0
DA:199,21
DA:200,8
DA:201,9
DA:202,4
DA:203,3
DA:204,0
DA:205,0
DA:206,0
DA:208,4
DA:209,4
DA:212,2
DA:213,2
DA:214,2
DA:218,0
DA:221,0
DA:222,0
DA:231,6
DA:232,57
DA:233,57
DA:234,57
DA:236,57
DA:239,57
DA:244,57
DA:245,91
DA:246,13
DA:251,57
DA:252,91
DA:253,19
DA:258,57
DA:259,91
DA:262,57
DA:266,19
DA:270,19
DA:272,19
DA:273,1
DA:274,1
DA:277,18
DA:281,13
DA:282,13
DA:283,26
DA:284,26
DA:287,13
DA:288,0
DA:289,0
DA:292,13
DA:300,124
DA:302,53
DA:304,19
DA:306,13
DA:308,1
DA:310,0
DA:312,0
DA:314,10
DA:316,4
DA:318,1
DA:320,0
DA:322,0
DA:324,15
DA:326,8
DA:331,53
DA:334,53
DA:335,17
DA:336,17
DA:337,2
DA:344,36
DA:348,53
DA:349,1
DA:350,1
DA:354,52
DA:358,52
DA:368,19
DA:369,19
DA:372,19
DA:373,19
DA:375,19
DA:376,19
DA:379,19
DA:380,8
DA:390,19
DA:391,17
DA:394,19
DA:395,19
DA:399,1
DA:400,1
DA:401,0
DA:408,1
DA:409,1
DA:410,1
DA:411,1
DA:414,1
DA:415,0
DA:416,0
DA:417,0
DA:418,0
DA:423,0
DA:424,0
DA:425,0
DA:430,0
DA:431,0
DA:433,0
DA:434,0
DA:436,0
DA:440,0
DA:443,0
DA:449,0
DA:451,0
DA:453,0
DA:454,0
DA:456,0
DA:458,0
DA:459,0
DA:460,0
DA:461,0
DA:463,0
DA:465,0
DA:466,0
DA:467,0
DA:468,0
DA:470,0
DA:472,0
DA:473,0
DA:474,0
DA:475,0
DA:477,0
DA:480,0
DA:481,0
DA:486,0
DA:489,0
DA:490,0
DA:491,0
DA:492,0
DA:493,0
DA:497,0
DA:498,0
DA:501,0
DA:509,0
DA:510,0
DA:514,10
DA:517,10
DA:518,10
DA:519,7
DA:520,3
DA:522,2
DA:523,1
DA:524,1
DA:528,10
DA:529,10
DA:532,10
DA:540,10
DA:541,10
DA:545,4
DA:548,4
DA:549,1
DA:553,4
DA:554,4
DA:556,5
DA:557,4
DA:572,0
DA:573,0
DA:576,0
DA:577,0
DA:581,15
DA:582,0
DA:583,0
DA:586,15
DA:587,15
DA:588,15
DA:589,2
DA:596,0
DA:597,0
DA:606,8
DA:614,203
DA:615,53
DA:616,26
DA:617,15
DA:618,8
DA:621,34
DA:624,17
DA:627,4
DA:630,7
DA:633,0
DA:636,4
DA:639,4
DA:642,0
DA:645,0
DA:648,0
DA:651,9
DA:654,16
DA:657,3
DA:660,3
DA:663,0
DA:668,34
DA:669,34
DA:671,0
DA:673,0
DA:675,0
DA:676,0
DA:680,34
DA:681,0
DA:682,0
DA:685,34
DA:689,17
DA:690,17
DA:693,17
DA:694,4
DA:696,0
DA:697,0
DA:698,0
DA:704,4
DA:708,13
DA:709,2
DA:710,1
DA:712,2
DA:713,1
DA:715,2
DA:719,11
DA:720,11
DA:724,10
DA:725,10
DA:728,10
DA:729,1
DA:730,1
DA:731,0
DA:735,0
DA:737,1
DA:741,9
DA:742,9
DA:744,9
DA:747,0
DA:751,4
DA:753,4
DA:754,1
DA:755,0
DA:757,1
DA:760,3
DA:761,3
DA:762,1
DA:764,3
DA:767,0
DA:772,7
DA:773,7
DA:776,7
DA:777,7
DA:778,3
DA:779,3
DA:783,4
DA:784,4
DA:785,3
DA:786,1
DA:792,3
DA:793,5
DA:794,5
DA:795,5
DA:796,1
DA:803,5
DA:804,0
DA:805,0
DA:810,3
DA:815,1
DA:816,1
DA:818,1
DA:819,0
DA:826,1
DA:827,1
DA:828,1
DA:829,1
DA:830,0
DA:837,1
DA:838,0
DA:839,0
DA:844,1
DA:848,0
DA:849,0
DA:850,0
DA:854,0
DA:855,0
DA:859,0
DA:860,0
DA:862,0
DA:863,0
DA:866,0
DA:867,0
DA:868,0
DA:869,0
DA:872,0
DA:876,4
DA:878,4
DA:879,4
DA:880,4
DA:881,0
DA:882,0
DA:884,4
DA:888,0
DA:890,0
DA:891,0
DA:895,0
DA:899,4
DA:901,4
DA:902,4
DA:903,4
DA:904,0
DA:905,0
DA:907,4
DA:908,2
DA:909,2
DA:911,2
DA:912,0
DA:919,2
DA:922,2
DA:923,0
DA:926,2
DA:927,0
DA:929,0
DA:930,0
DA:931,0
DA:932,0
DA:933,0
DA:936,0
DA:937,0
DA:942,0
DA:943,0
DA:947,2
DA:951,0
DA:954,0
DA:955,0
DA:956,0
DA:957,0
DA:960,0
DA:964,0
DA:965,0
DA:966,0
DA:970,0
DA:971,0
DA:973,0
DA:974,0
DA:976,0
DA:977,0
DA:983,0
DA:987,0
DA:988,0
DA:990,0
DA:991,0
DA:992,0
DA:993,0
DA:994,0
DA:995,0
DA:997,0
DA:998,0
DA:999,0
DA:1000,0
DA:1007,0
DA:1011,9
DA:1013,8
DA:1014,8
DA:1015,13
DA:1016,13
DA:1017,0
DA:1024,8
DA:1029,16
DA:1030,16
DA:1031,1
DA:1032,1
DA:1036,15
DA:1037,15
DA:1038,30
DA:1039,30
DA:1041,30
DA:1042,1
DA:1043,1
DA:1044,1
DA:1047,29
DA:1048,1
DA:1053,29
DA:1057,15
DA:1058,30
DA:1059,1
DA:1063,15
DA:1068,3
DA:1069,3
DA:1070,3
DA:1071,3
DA:1072,3
DA:1075,0
DA:1081,3
DA:1082,3
DA:1085,0
DA:1086,0
DA:1090,3
DA:1091,3
DA:1094,3
DA:1095,3
DA:1096,3
DA:1097,3
DA:1107,3
DA:1110,3
DA:1111,0
DA:1117,3
DA:1120,3
DA:1124,3
DA:1125,3
DA:1127,3
DA:1128,3
DA:1129,3
DA:1131,3
DA:1132,3
DA:1141,1
DA:1142,1
DA:1143,0
DA:1147,1
DA:1148,1
DA:1149,1
DA:1151,1
DA:1152,1
DA:1160,0
DA:1179,7
DA:1181,2
DA:1182,0
DA:1183,0
DA:1184,0
DA:1187,0
DA:1188,0
DA:1189,0
DA:1190,1
DA:1193,0
DA:1194,0
DA:1195,0
DA:1196,0
DA:1197,0
DA:1199,0
DA:1203,0
DA:1205,0
DA:1206,0
DA:1207,0
DA:1210,0
DA:1211,0
DA:1212,0
DA:1215,0
DA:1216,0
DA:1217,0
DA:1221,0
DA:1222,0
DA:1226,0
DA:1227,0
DA:1229,0
DA:1233,0
DA:1234,0
DA:1235,0
DA:1236,0
DA:1239,0
DA:1240,0
DA:1242,4
DA:1251,19
LF:511
LH:284
BRDA:76,0,0,38
BRDA:77,1,0,6
BRDA:87,2,0,5
BRDA:87,2,1,5
BRDA:87,2,2,5
BRDA:87,2,3,5
BRDA:87,2,4,6
BRDA:87,2,5,6
BRDA:87,2,6,0
BRDA:87,2,7,0
BRDA:87,2,8,0
BRDA:87,2,9,0
BRDA:87,2,10,0
BRDA:87,2,11,0
BRDA:87,2,12,0
BRDA:87,2,13,0
BRDA:98,3,0,0
BRDA:98,3,1,0
BRDA:119,4,0,0
BRDA:119,5,0,112
BRDA:119,5,1,112
BRDA:121,6,0,7
BRDA:123,7,0,47
BRDA:123,7,1,47
BRDA:123,7,2,76
BRDA:123,7,3,84
BRDA:123,7,4,96
BRDA:123,7,5,97
BRDA:123,7,6,97
BRDA:123,7,7,3
BRDA:123,7,8,0
BRDA:123,7,9,0
BRDA:123,7,10,0
BRDA:123,7,11,3
BRDA:123,7,12,2
BRDA:123,7,13,0
BRDA:123,7,14,0
BRDA:133,8,0,0
BRDA:133,8,1,0
BRDA:136,9,0,0
BRDA:139,10,0,0
BRDA:139,11,0,6
BRDA:139,11,1,6
BRDA:145,12,0,0
BRDA:147,13,0,0
BRDA:153,14,0,0
BRDA:154,15,0,0
BRDA:156,16,0,0
BRDA:166,17,0,11
BRDA:166,17,1,11
BRDA:166,17,2,13
BRDA:166,17,3,14
BRDA:166,17,4,17
BRDA:166,17,5,17
BRDA:166,17,6,0
BRDA:166,17,7,0
BRDA:166,17,8,0
BRDA:166,17,9,0
BRDA:166,17,10,0
BRDA:166,17,11,0
BRDA:166,17,12,0
BRDA:166,17,13,0
BRDA:166,17,14,0
BRDA:193,18,0,0
BRDA:194,19,0,76
BRDA:196,20,0,32
BRDA:196,20,1,0
BRDA:196,20,2,21
BRDA:196,20,3,8
BRDA:196,20,4,9
BRDA:196,20,5,4
BRDA:196,20,6,3
BRDA:196,20,7,0
BRDA:196,20,8,0
BRDA:196,20,9,0
BRDA:196,20,10,4
BRDA:196,20,11,2
BRDA:196,20,12,0
BRDA:196,20,13,0
BRDA:209,21,0,4
BRDA:209,21,1,0
BRDA:218,22,0,0
BRDA:218,22,1,0
BRDA:245,23,0,13
BRDA:252,24,0,19
BRDA:272,25,0,1
BRDA:287,26,0,0
BRDA:300,27,0,53
BRDA:300,27,1,19
BRDA:300,27,2,13
BRDA:300,27,3,1
BRDA:300,27,4,0
BRDA:300,27,5,0
BRDA:300,27,6,10
BRDA:300,27,7,4
BRDA:300,27,8,1
BRDA:300,27,9,0
BRDA:300,27,10,0
BRDA:300,27,11,15
BRDA:300,27,12,8
BRDA:334,28,0,17
BRDA:334,28,1,36
BRDA:336,29,0,2
BRDA:336,30,0,17
BRDA:336,30,1,2
BRDA:348,31,0,1
BRDA:354,32,0,0
BRDA:369,33,0,0
BRDA:400,34,0,0
BRDA:400,35,0,1
BRDA:400,35,1,0
BRDA:414,36,0,0
BRDA:440,37,0,0
BRDA:440,37,1,0
BRDA:440,37,2,0
BRDA:440,37,3,0
BRDA:440,37,4,0
BRDA:440,37,5,0
BRDA:440,37,6,0
BRDA:453,38,0,0
BRDA:453,39,0,0
BRDA:453,39,1,0
BRDA:458,40,0,0
BRDA:458,40,1,0
BRDA:460,41,0,0
BRDA:465,42,0,0
BRDA:465,42,1,0
BRDA:467,43,0,0
BRDA:472,44,0,0
BRDA:472,44,1,0
BRDA:474,45,0,0
BRDA:490,46,0,0
BRDA:490,46,1,0
BRDA:492,47,0,0
BRDA:518,48,0,7
BRDA:518,48,1,3
BRDA:520,49,0,2
BRDA:520,49,1,1
BRDA:523,50,0,1
BRDA:548,51,0,1
BRDA:548,52,0,4
BRDA:548,52,1,1
BRDA:581,53,0,0
BRDA:586,54,0,15
BRDA:586,54,1,0
BRDA:588,55,0,2
BRDA:588,56,0,15
BRDA:588,56,1,2
BRDA:596,57,0,0
BRDA:614,58,0,53
BRDA:614,58,1,26
BRDA:614,58,2,15
BRDA:614,58,3,8
BRDA:614,58,4,34
BRDA:614,58,5,17
BRDA:614,58,6,4
BRDA:614,58,7,7
BRDA:614,58,8,0
BRDA:614,58,9,4
BRDA:614,58,10,4
BRDA:614,58,11,0
BRDA:614,58,12,0
BRDA:614,58,13,0
BRDA:614,58,14,9
BRDA:614,58,15,16
BRDA:614,58,16,3
BRDA:614,58,17,3
BRDA:614,58,18,0
BRDA:669,59,0,0
BRDA:671,60,0,0
BRDA:673,61,0,0
BRDA:680,62,0,0
BRDA:693,63,0,4
BRDA:694,64,0,0
BRDA:694,65,0,4
BRDA:694,65,1,0
BRDA:694,65,2,0
BRDA:697,66,0,0
BRDA:708,67,0,2
BRDA:708,68,0,13
BRDA:708,68,1,11
BRDA:709,69,0,1
BRDA:709,70,0,2
BRDA:709,70,1,1
BRDA:712,71,0,1
BRDA:712,72,0,2
BRDA:712,72,1,1
BRDA:719,73,0,11
BRDA:720,74,0,1
BRDA:720,75,0,11
BRDA:720,75,1,1
BRDA:724,76,0,10
BRDA:728,77,0,1
BRDA:728,78,0,10
BRDA:728,78,1,1
BRDA:728,78,2,1
BRDA:730,79,0,0
BRDA:741,80,0,0
BRDA:742,81,0,0
BRDA:753,82,0,1
BRDA:754,83,0,0
BRDA:760,84,0,3
BRDA:761,85,0,1
BRDA:761,86,0,3
BRDA:761,86,1,1
BRDA:772,87,0,7
BRDA:777,88,0,3
BRDA:784,89,0,3
BRDA:785,90,0,1
BRDA:794,91,0,5
BRDA:795,92,0,1
BRDA:795,93,0,5
BRDA:795,93,1,1
BRDA:803,94,0,0
BRDA:803,95,0,5
BRDA:803,95,1,0
BRDA:805,96,0,0
BRDA:816,97,0,1
BRDA:818,98,0,0
BRDA:828,99,0,1
BRDA:829,100,0,0
BRDA:829,101,0,1
BRDA:829,101,1,0
BRDA:837,102,0,0
BRDA:837,103,0,1
BRDA:837,103,1,0
BRDA:839,104,0,0
BRDA:848,105,0,0
BRDA:862,106,0,0
BRDA:862,107,0,0
BRDA:862,107,1,0
BRDA:866,108,0,0
BRDA:867,109,0,0
BRDA:868,110,0,0
BRDA:878,111,0,4
BRDA:880,112,0,0
BRDA:888,113,0,0
BRDA:890,114,0,0
BRDA:891,115,0,0
BRDA:891,116,0,0
BRDA:891,116,1,0
BRDA:901,117,0,4
BRDA:903,118,0,0
BRDA:907,119,0,2
BRDA:911,120,0,0
BRDA:911,121,0,2
BRDA:911,121,1,0
BRDA:922,122,0,0
BRDA:926,123,0,0
BRDA:929,124,0,0
BRDA:929,124,1,0
BRDA:931,125,0,0
BRDA:936,126,0,0
BRDA:936,127,0,0
BRDA:936,127,1,0
BRDA:942,128,0,0
BRDA:954,129,0,0
BRDA:955,130,0,0
BRDA:956,131,0,0
BRDA:965,132,0,0
BRDA:965,133,0,0
BRDA:965,133,1,0
BRDA:976,134,0,0
BRDA:976,135,0,0
BRDA:976,135,1,0
BRDA:976,135,2,0
BRDA:997,136,0,0
BRDA:997,136,1,0
BRDA:999,137,0,0
BRDA:999,138,0,0
BRDA:999,138,1,0
BRDA:1011,139,0,1
BRDA:1016,140,0,0
BRDA:1016,141,0,13
BRDA:1016,141,1,0
BRDA:1030,142,0,1
BRDA:1030,143,0,16
BRDA:1030,143,1,15
BRDA:1041,144,0,1
BRDA:1047,145,0,1
BRDA:1047,146,0,29
BRDA:1047,146,1,1
BRDA:1058,147,0,1
BRDA:1070,148,0,3
BRDA:1070,148,1,0
BRDA:1081,149,0,3
BRDA:1081,149,1,0
BRDA:1110,150,0,0
BRDA:1110,151,0,3
BRDA:1110,151,1,3
BRDA:1110,151,2,0
BRDA:1129,152,0,3
BRDA:1142,153,0,0
BRDA:1142,154,0,1
BRDA:1142,154,1,1
BRDA:1151,155,0,0
BRDA:1151,155,1,1
BRDA:1179,156,0,2
BRDA:1179,156,1,2
BRDA:1179,156,2,0
BRDA:1179,156,3,0
BRDA:1179,156,4,0
BRDA:1179,156,5,0
BRDA:1179,156,6,0
BRDA:1179,156,7,0
BRDA:1179,156,8,1
BRDA:1179,156,9,0
BRDA:1179,156,10,0
BRDA:1179,156,11,0
BRDA:1179,156,12,0
BRDA:1179,156,13,0
BRDA:1179,156,14,0
BRDA:1179,156,15,0
BRDA:1179,156,16,0
BRDA:1179,156,17,0
BRDA:1179,156,18,0
BRDA:1179,156,19,0
BRDA:1179,156,20,0
BRDA:1179,156,21,0
BRDA:1179,156,22,0
BRDA:1179,156,23,0
BRDA:1179,156,24,0
BRDA:1179,156,25,0
BRDA:1179,156,26,0
BRDA:1179,156,27,0
BRDA:1179,156,28,0
BRDA:1179,156,29,0
BRDA:1179,156,30,0
BRDA:1179,156,31,0
BRDA:1179,156,32,0
BRDA:1179,156,33,0
BRDA:1179,156,34,0
BRDA:1179,156,35,0
BRDA:1179,156,36,0
BRDA:1179,156,37,0
BRDA:1179,156,38,0
BRDA:1179,156,39,0
BRDA:1179,156,40,0
BRDA:1179,156,41,0
BRDA:1179,156,42,0
BRDA:1179,156,43,0
BRDA:1179,156,44,0
BRDA:1179,156,45,0
BRDA:1179,156,46,0
BRDA:1179,156,47,0
BRDA:1179,156,48,0
BRDA:1179,156,49,0
BRDA:1179,156,50,0
BRDA:1179,156,51,0
BRDA:1179,156,52,4
BRF:350
BRH:148
end_of_record
TN:
SF:src/compiler.ts
FN:11,(anonymous_0)
FN:110,(anonymous_1)
FN:116,(anonymous_2)
FN:121,(anonymous_3)
FN:126,(anonymous_4)
FN:135,(anonymous_5)
FN:145,(anonymous_6)
FN:152,(anonymous_7)
FN:156,(anonymous_8)
FN:184,(anonymous_9)
FN:192,(anonymous_10)
FN:225,(anonymous_11)
FN:252,(anonymous_12)
FN:256,(anonymous_13)
FN:267,(anonymous_14)
FN:276,(anonymous_15)
FN:321,(anonymous_16)
FN:640,(anonymous_17)
FN:641,(anonymous_18)
FN:680,(anonymous_19)
FN:698,(anonymous_20)
FN:705,(anonymous_21)
FN:707,(anonymous_22)
FN:737,(anonymous_23)
FN:770,(anonymous_24)
FN:812,(anonymous_25)
FN:897,(anonymous_26)
FN:976,(anonymous_27)
FN:1016,(anonymous_28)
FN:1036,(anonymous_29)
FN:1045,(anonymous_30)
FN:1056,(anonymous_31)
FN:1067,(anonymous_32)
FN:1079,(anonymous_33)
FN:1173,(anonymous_34)
FN:1185,(anonymous_35)
FN:1215,(anonymous_36)
FN:1221,(anonymous_37)
FN:1258,(anonymous_38)
FN:1286,(anonymous_39)
FN:1307,(anonymous_40)
FN:1328,(anonymous_41)
FN:1361,(anonymous_42)
FN:1388,(anonymous_43)
FN:1401,(anonymous_44)
FN:1405,(anonymous_45)
FN:1413,(anonymous_46)
FN:1419,(anonymous_47)
FNF:48
FNH:33
FNDA:2,(anonymous_0)
FNDA:123,(anonymous_1)
FNDA:2642,(anonymous_2)
FNDA:289,(anonymous_3)
FNDA:2078,(anonymous_4)
FNDA:7,(anonymous_5)
FNDA:321,(anonymous_6)
FNDA:122,(anonymous_7)
FNDA:45,(anonymous_8)
FNDA:123,(anonymous_9)
FNDA:123,(anonymous_10)
FNDA:0,(anonymous_11)
FNDA:0,(anonymous_12)
FNDA:0,(anonymous_13)
FNDA:0,(anonymous_14)
FNDA:0,(anonymous_15)
FNDA:0,(anonymous_16)
FNDA:0,(anonymous_17)
FNDA:0,(anonymous_18)
FNDA:340,(anonymous_19)
FNDA:54,(anonymous_20)
FNDA:18,(anonymous_21)
FNDA:25,(anonymous_22)
FNDA:19,(anonymous_23)
FNDA:0,(anonymous_24)
FNDA:6,(anonymous_25)
FNDA:0,(anonymous_26)
FNDA:7,(anonymous_27)
FNDA:0,(anonymous_28)
FNDA:18,(anonymous_29)
FNDA:3,(anonymous_30)
FNDA:2,(anonymous_31)
FNDA:228,(anonymous_32)
FNDA:2082,(anonymous_33)
FNDA:158,(anonymous_34)
FNDA:130,(anonymous_35)
FNDA:9,(anonymous_36)
FNDA:283,(anonymous_37)
FNDA:30,(anonymous_38)
FNDA:63,(anonymous_39)
FNDA:0,(anonymous_40)
FNDA:0,(anonymous_41)
FNDA:0,(anonymous_42)
FNDA:0,(anonymous_43)
FNDA:40,(anonymous_44)
FNDA:40,(anonymous_45)
FNDA:89,(anonymous_46)
FNDA:218,(anonymous_47)
DA:11,2
DA:13,2
DA:14,2
DA:15,2
DA:16,2
DA:17,2
DA:18,2
DA:19,2
DA:20,2
DA:23,2
DA:24,2
DA:25,2
DA:26,2
DA:27,2
DA:28,2
DA:31,2
DA:32,2
DA:33,2
DA:34,2
DA:35,2
DA:36,2
DA:39,2
DA:40,2
DA:41,2
DA:42,2
DA:43,2
DA:44,2
DA:47,2
DA:48,2
DA:49,2
DA:52,2
DA:55,2
DA:56,2
DA:57,2
DA:58,2
DA:61,2
DA:62,2
DA:63,2
DA:64,2
DA:67,2
DA:68,2
DA:71,2
DA:72,2
DA:73,2
DA:76,2
DA:77,2
DA:78,2
DA:81,2
DA:82,2
DA:83,2
DA:84,2
DA:85,2
DA:86,2
DA:87,2
DA:88,2
DA:91,2
DA:92,2
DA:93,2
DA:94,2
DA:97,2
DA:110,2
DA:111,123
DA:112,123
DA:113,123
DA:114,123
DA:117,2642
DA:118,2642
DA:122,289
DA:123,289
DA:128,2078
DA:129,2078
DA:130,2078
DA:131,2078
DA:132,8312
DA:136,7
DA:137,7
DA:138,7
DA:139,7
DA:140,56
DA:141,56
DA:146,321
DA:147,321
DA:148,321
DA:153,122
DA:157,45
DA:158,45
DA:159,45
DA:160,45
DA:184,2
DA:185,123
DA:186,123
DA:187,123
DA:188,123
DA:189,123
DA:190,123
DA:194,123
DA:195,287
DA:196,18
DA:197,18
DA:206,123
DA:207,287
DA:208,269
DA:211,123
DA:214,123
DA:215,18
DA:218,123
DA:227,0
DA:228,0
DA:236,0
DA:237,0
DA:239,0
DA:242,0
DA:243,0
DA:246,0
DA:249,123
DA:250,123
DA:253,0
DA:257,0
DA:258,0
DA:259,0
DA:260,0
DA:261,0
DA:263,0
DA:268,0
DA:269,0
DA:270,0
DA:271,0
DA:272,0
DA:273,0
DA:277,0
DA:279,0
DA:280,0
DA:281,0
DA:283,0
DA:284,0
DA:285,0
DA:287,0
DA:288,0
DA:289,0
DA:291,0
DA:292,0
DA:294,0
DA:296,0
DA:299,0
DA:300,0
DA:301,0
DA:302,0
DA:304,0
DA:307,0
DA:308,0
DA:309,0
DA:312,0
DA:313,0
DA:314,0
DA:315,0
DA:317,0
DA:322,0
DA:324,0
DA:325,0
DA:326,0
DA:327,0
DA:328,0
DA:331,0
DA:332,0
DA:333,0
DA:335,0
DA:339,0
DA:340,0
DA:343,0
DA:345,0
DA:346,0
DA:348,0
DA:349,0
DA:351,0
DA:352,0
DA:354,0
DA:355,0
DA:357,0
DA:358,0
DA:360,0
DA:361,0
DA:363,0
DA:364,0
DA:366,0
DA:367,0
DA:369,0
DA:370,0
DA:372,0
DA:373,0
DA:375,0
DA:376,0
DA:378,0
DA:379,0
DA:381,0
DA:382,0
DA:384,0
DA:388,0
DA:389,0
DA:390,0
DA:391,0
DA:393,0
DA:394,0
DA:395,0
DA:397,0
DA:401,0
DA:402,0
DA:404,0
DA:405,0
DA:407,0
DA:408,0
DA:410,0
DA:412,0
DA:413,0
DA:414,0
DA:415,0
DA:417,0
DA:418,0
DA:419,0
DA:421,0
DA:425,0
DA:426,0
DA:430,0
DA:431,0
DA:432,0
DA:436,0
DA:437,0
DA:438,0
DA:439,0
DA:444,0
DA:445,0
DA:448,0
DA:449,0
DA:450,0
DA:453,0
DA:454,0
DA:455,0
DA:456,0
DA:457,0
DA:459,0
DA:460,0
DA:461,0
DA:464,0
DA:469,0
DA:470,0
DA:473,0
DA:474,0
DA:475,0
DA:478,0
DA:479,0
DA:480,0
DA:481,0
DA:482,0
DA:484,0
DA:485,0
DA:486,0
DA:489,0
DA:493,0
DA:494,0
DA:496,0
DA:498,0
DA:499,0
DA:503,0
DA:504,0
DA:506,0
DA:507,0
DA:509,0
DA:510,0
DA:511,0
DA:512,0
DA:514,0
DA:515,0
DA:516,0
DA:518,0
DA:522,0
DA:523,0
DA:524,0
DA:526,0
DA:527,0
DA:528,0
DA:529,0
DA:531,0
DA:532,0
DA:533,0
DA:535,0
DA:539,0
DA:540,0
DA:541,0
DA:542,0
DA:543,0
DA:548,0
DA:549,0
DA:550,0
DA:551,0
DA:553,0
DA:554,0
DA:556,0
DA:557,0
DA:558,0
DA:559,0
DA:561,0
DA:562,0
DA:563,0
DA:565,0
DA:569,0
DA:570,0
DA:571,0
DA:573,0
DA:574,0
DA:575,0
DA:576,0
DA:578,0
DA:579,0
DA:580,0
DA:582,0
DA:586,0
DA:587,0
DA:588,0
DA:589,0
DA:590,0
DA:594,0
DA:595,0
DA:596,0
DA:597,0
DA:598,0
DA:599,0
DA:601,0
DA:602,0
DA:603,0
DA:605,0
DA:609,0
DA:610,0
DA:611,0
DA:612,0
DA:613,0
DA:614,0
DA:616,0
DA:617,0
DA:618,0
DA:620,0
DA:624,0
DA:625,0
DA:626,0
DA:627,0
DA:628,0
DA:629,0
DA:631,0
DA:632,0
DA:633,0
DA:635,0
DA:641,0
DA:642,0
DA:644,0
DA:645,0
DA:646,0
DA:648,0
DA:649,0
DA:650,0
DA:651,0
DA:652,0
DA:655,0
DA:656,0
DA:660,0
DA:661,0
DA:665,0
DA:666,0
DA:667,0
DA:668,0
DA:671,0
DA:672,0
DA:673,0
DA:681,340
DA:682,54
DA:683,0
DA:684,19
DA:685,0
DA:686,6
DA:687,0
DA:688,7
DA:689,3
DA:690,2
DA:691,3
DA:692,0
DA:693,18
DA:694,228
DA:699,54
DA:700,54
DA:701,54
DA:702,54
DA:707,25
DA:708,18
DA:711,18
DA:712,18
DA:713,18
DA:715,18
DA:716,18
DA:717,18
DA:719,18
DA:720,17
DA:724,18
DA:725,24
DA:729,18
DA:730,18
DA:732,18
DA:733,18
DA:734,18
DA:738,19
DA:741,19
DA:742,19
DA:743,19
DA:746,19
DA:747,20
DA:748,19
DA:750,19
DA:752,8
DA:753,8
DA:754,8
DA:757,8
DA:759,8
DA:760,8
DA:761,8
DA:764,8
DA:766,11
DA:771,0
DA:772,0
DA:774,0
DA:776,0
DA:779,0
DA:782,0
DA:783,0
DA:784,0
DA:787,0
DA:788,0
DA:789,0
DA:790,0
DA:791,0
DA:792,0
DA:795,0
DA:796,0
DA:797,0
DA:800,0
DA:804,0
DA:807,0
DA:808,0
DA:814,6
DA:815,6
DA:816,6
DA:817,6
DA:820,6
DA:821,6
DA:822,6
DA:823,6
DA:824,6
DA:827,6
DA:828,6
DA:829,6
DA:830,6
DA:832,6
DA:835,6
DA:836,6
DA:839,6
DA:840,6
DA:841,6
DA:842,6
DA:843,6
DA:844,6
DA:845,6
DA:846,6
DA:847,6
DA:848,6
DA:849,6
DA:852,6
DA:853,6
DA:854,6
DA:855,6
DA:856,6
DA:857,6
DA:858,6
DA:861,6
DA:862,8
DA:863,6
DA:866,6
DA:867,6
DA:868,6
DA:869,6
DA:870,6
DA:871,6
DA:872,6
DA:873,6
DA:876,6
DA:877,6
DA:880,6
DA:881,6
DA:884,6
DA:885,1
DA:889,6
DA:890,1
DA:894,6
DA:899,0
DA:900,0
DA:901,0
DA:902,0
DA:904,0
DA:905,0
DA:906,0
DA:907,0
DA:908,0
DA:910,0
DA:911,0
DA:912,0
DA:913,0
DA:915,0
DA:918,0
DA:919,0
DA:921,0
DA:922,0
DA:923,0
DA:924,0
DA:925,0
DA:926,0
DA:927,0
DA:928,0
DA:929,0
DA:930,0
DA:931,0
DA:933,0
DA:934,0
DA:935,0
DA:936,0
DA:937,0
DA:938,0
DA:939,0
DA:941,0
DA:942,0
DA:943,0
DA:946,0
DA:947,0
DA:948,0
DA:949,0
DA:950,0
DA:951,0
DA:952,0
DA:953,0
DA:955,0
DA:956,0
DA:959,0
DA:960,0
DA:963,0
DA:964,0
DA:968,0
DA:969,0
DA:973,0
DA:977,7
DA:980,7
DA:981,7
DA:984,7
DA:985,7
DA:986,7
DA:987,7
DA:990,7
DA:991,11
DA:992,7
DA:995,7
DA:996,7
DA:999,7
DA:1000,7
DA:1003,7
DA:1004,2
DA:1008,7
DA:1009,1
DA:1013,7
DA:1018,0
DA:1019,0
DA:1020,0
DA:1023,0
DA:1024,0
DA:1025,0
DA:1028,0
DA:1029,0
DA:1030,0
DA:1033,0
DA:1037,18
DA:1038,18
DA:1040,0
DA:1042,18
DA:1046,3
DA:1047,0
DA:1049,3
DA:1050,3
DA:1051,3
DA:1052,3
DA:1053,3
DA:1057,2
DA:1058,0
DA:1060,2
DA:1061,2
DA:1062,2
DA:1063,2
DA:1064,2
DA:1068,228
DA:1070,228
DA:1071,165
DA:1080,2082
DA:1082,1304
DA:1083,1304
DA:1084,1304
DA:1087,7
DA:1088,7
DA:1089,7
DA:1092,47
DA:1093,47
DA:1094,47
DA:1095,47
DA:1099,33
DA:1100,33
DA:1103,158
DA:1104,158
DA:1107,130
DA:1108,130
DA:1111,9
DA:1112,9
DA:1115,283
DA:1116,283
DA:1119,16
DA:1120,16
DA:1121,16
DA:1122,16
DA:1125,3
DA:1126,3
DA:1127,3
DA:1128,3
DA:1131,63
DA:1132,63
DA:1135,0
DA:1136,0
DA:1137,0
DA:1140,0
DA:1141,0
DA:1144,0
DA:1145,0
DA:1148,1070
DA:1149,26
DA:1150,26
DA:1151,26
DA:1154,3
DA:1155,4
DA:1156,4
DA:1157,4
DA:1159,3
DA:1160,3
DA:1161,3
DA:1164,0
DA:1165,0
DA:1166,0
DA:1167,0
DA:1168,0
DA:1169,0
DA:1174,158
DA:1175,158
DA:1176,158
DA:1177,158
DA:1180,0
DA:1181,0
DA:1187,130
DA:1188,78
DA:1189,78
DA:1192,78
DA:1193,78
DA:1196,52
DA:1197,52
DA:1199,52
DA:1200,7
DA:1201,8
DA:1202,3
DA:1203,2
DA:1204,7
DA:1205,2
DA:1206,6
DA:1207,6
DA:1208,4
DA:1209,2
DA:1210,3
DA:1211,2
DA:1216,9
DA:1217,9
DA:1218,9
DA:1223,283
DA:1224,283
DA:1225,283
DA:1249,283
DA:1250,282
DA:1251,261
DA:1252,261
DA:1253,261
DA:1254,261
DA:1258,30
DA:1259,22
DA:1260,22
DA:1261,22
DA:1262,22
DA:1263,22
DA:1264,22
DA:1269,0
DA:1270,0
DA:1271,0
DA:1272,0
DA:1273,0
DA:1274,0
DA:1275,0
DA:1279,0
DA:1280,0
DA:1281,0
DA:1282,0
DA:1283,0
DA:1287,63
DA:1288,60
DA:1289,60
DA:1290,60
DA:1291,60
DA:1292,60
DA:1294,0
DA:1295,0
DA:1297,3
DA:1300,3
DA:1301,3
DA:1302,3
DA:1303,3
DA:1308,0
DA:1309,0
DA:1310,0
DA:1311,0
DA:1314,0
DA:1316,0
DA:1317,0
DA:1318,0
DA:1320,0
DA:1323,0
DA:1325,0
DA:1329,0
DA:1330,0
DA:1332,0
DA:1333,0
DA:1334,0
DA:1335,0
DA:1336,0
DA:1337,0
DA:1339,0
DA:1340,0
DA:1342,0
DA:1343,0
DA:1344,0
DA:1346,0
DA:1349,0
DA:1350,0
DA:1352,0
DA:1353,0
DA:1362,0
DA:1366,0
DA:1367,0
DA:1368,0
DA:1370,0
DA:1371,0
DA:1372,0
DA:1374,0
DA:1375,0
DA:1377,0
DA:1378,0
DA:1380,0
DA:1381,0
DA:1383,0
DA:1384,0
DA:1390,0
DA:1402,40
DA:1406,40
DA:1407,5
DA:1408,5
DA:1410,40
DA:1414,89
DA:1415,89
DA:1416,89
DA:1420,218
DA:1421,248
DA:1423,0
LF:782
LH:353
BRDA:11,0,0,2
BRDA:11,0,1,2
BRDA:195,1,0,18
BRDA:207,2,0,269
BRDA:257,3,0,0
BRDA:257,3,1,0
BRDA:259,4,0,0
BRDA:270,5,0,0
BRDA:270,5,1,0
BRDA:277,6,0,0
BRDA:277,6,1,0
BRDA:277,6,2,0
BRDA:277,6,3,0
BRDA:277,6,4,0
BRDA:277,6,5,0
BRDA:277,6,6,0
BRDA:291,7,0,0
BRDA:291,7,1,0
BRDA:300,8,0,0
BRDA:313,9,0,0
BRDA:322,10,0,0
BRDA:322,10,1,0
BRDA:322,10,2,0
BRDA:322,10,3,0
BRDA:322,10,4,0
BRDA:322,10,5,0
BRDA:322,10,6,0
BRDA:322,10,7,0
BRDA:322,10,8,0
BRDA:322,10,9,0
BRDA:322,10,10,0
BRDA:322,10,11,0
BRDA:322,10,12,0
BRDA:322,10,13,0
BRDA:322,10,14,0
BRDA:322,10,15,0
BRDA:322,10,16,0
BRDA:322,10,17,0
BRDA:326,11,0,0
BRDA:326,11,1,0
BRDA:343,12,0,0
BRDA:343,12,1,0
BRDA:343,12,2,0
BRDA:343,12,3,0
BRDA:343,12,4,0
BRDA:343,12,5,0
BRDA:343,12,6,0
BRDA:343,12,7,0
BRDA:343,12,8,0
BRDA:343,12,9,0
BRDA:343,12,10,0
BRDA:343,12,11,0
BRDA:343,12,12,0
BRDA:343,12,13,0
BRDA:389,13,0,0
BRDA:389,13,1,0
BRDA:402,14,0,0
BRDA:402,14,1,0
BRDA:402,14,2,0
BRDA:413,15,0,0
BRDA:413,15,1,0
BRDA:453,16,0,0
BRDA:455,17,0,0
BRDA:455,17,1,0
BRDA:478,18,0,0
BRDA:480,19,0,0
BRDA:480,19,1,0
BRDA:493,20,0,0
BRDA:493,20,1,0
BRDA:510,21,0,0
BRDA:510,21,1,0
BRDA:527,22,0,0
BRDA:527,22,1,0
BRDA:557,23,0,0
BRDA:557,23,1,0
BRDA:574,24,0,0
BRDA:574,24,1,0
BRDA:597,25,0,0
BRDA:597,25,1,0
BRDA:612,26,0,0
BRDA:612,26,1,0
BRDA:627,27,0,0
BRDA:627,27,1,0
BRDA:642,28,0,0
BRDA:666,29,0,0
BRDA:666,30,0,0
BRDA:666,30,1,0
BRDA:681,31,0,54
BRDA:681,31,1,0
BRDA:681,31,2,19
BRDA:681,31,3,0
BRDA:681,31,4,6
BRDA:681,31,5,0
BRDA:681,31,6,7
BRDA:681,31,7,3
BRDA:681,31,8,2
BRDA:681,31,9,3
BRDA:681,31,10,0
BRDA:681,31,11,18
BRDA:681,31,12,228
BRDA:708,32,0,18
BRDA:750,33,0,8
BRDA:750,33,1,11
BRDA:1037,34,0,18
BRDA:1037,34,1,0
BRDA:1046,35,0,0
BRDA:1057,36,0,0
BRDA:1070,37,0,165
BRDA:1080,38,0,1304
BRDA:1080,38,1,7
BRDA:1080,38,2,47
BRDA:1080,38,3,33
BRDA:1080,38,4,158
BRDA:1080,38,5,130
BRDA:1080,38,6,9
BRDA:1080,38,7,283
BRDA:1080,38,8,16
BRDA:1080,38,9,3
BRDA:1080,38,10,63
BRDA:1080,38,11,0
BRDA:1080,38,12,0
BRDA:1080,38,13,0
BRDA:1080,38,14,26
BRDA:1080,38,15,3
BRDA:1080,38,16,0
BRDA:1099,39,0,22
BRDA:1099,39,1,11
BRDA:1166,40,0,0
BRDA:1166,40,1,0
BRDA:1175,41,0,158
BRDA:1175,41,1,0
BRDA:1187,42,0,78
BRDA:1199,43,0,7
BRDA:1199,43,1,8
BRDA:1199,43,2,3
BRDA:1199,43,3,2
BRDA:1199,43,4,7
BRDA:1199,43,5,2
BRDA:1199,43,6,6
BRDA:1199,43,7,6
BRDA:1199,43,8,4
BRDA:1199,43,9,2
BRDA:1199,43,10,3
BRDA:1199,43,11,2
BRDA:1217,44,0,8
BRDA:1218,45,0,1
BRDA:1223,46,0,283
BRDA:1249,47,0,261
BRDA:1259,48,0,22
BRDA:1269,49,0,0
BRDA:1287,50,0,60
BRDA:1287,50,1,3
BRDA:1290,51,0,60
BRDA:1290,51,1,0
BRDA:1297,52,0,3
BRDA:1362,53,0,0
BRDA:1362,53,1,0
BRDA:1362,53,2,0
BRDA:1362,53,3,0
BRDA:1362,53,4,0
BRDA:1362,53,5,0
BRDA:1362,53,6,0
BRDA:1390,54,0,0
BRDA:1406,55,0,45
BRDA:1406,55,1,32
BRDA:1421,56,0,218
BRF:166
BRH:59
end_of_record
TN:
SF:src/db-100m-full.ts
FN:8,main
FN:23,(anonymous_1)
FNF:2
FNH:0
FNDA:0,main
FNDA:0,(anonymous_1)
DA:6,0
DA:9,0
DA:10,0
DA:12,0
DA:14,0
DA:23,0
DA:24,0
DA:25,0
DA:28,0
DA:31,0
DA:32,0
DA:33,0
DA:35,0
DA:36,0
DA:38,0
DA:39,0
DA:41,0
DA:42,0
DA:43,0
DA:52,0
DA:53,0
DA:54,0
DA:56,0
DA:57,0
DA:59,0
DA:60,0
DA:61,0
DA:63,0
DA:65,0
DA:66,0
DA:67,0
DA:71,0
DA:72,0
DA:74,0
DA:75,0
DA:76,0
DA:78,0
DA:79,0
DA:80,0
DA:81,0
DA:82,0
DA:84,0
DA:86,0
DA:87,0
DA:89,0
DA:90,0
DA:93,0
DA:96,0
LF:48
LH:0
BRDA:47,0,0,0
BRDA:47,0,1,0
BRDA:65,1,0,0
BRDA:86,2,0,0
BRDA:86,2,1,0
BRF:5
BRH:0
end_of_record
TN:
SF:src/db-100m-no-index.ts
FN:5,(anonymous_0)
FN:8,(anonymous_1)
FN:12,(anonymous_2)
FN:20,(anonymous_3)
FN:30,formatTime
FN:36,formatMemory
FN:41,main
FN:49,(anonymous_7)
FNF:8
FNH:0
FNDA:0,(anonymous_0)
FNDA:0,(anonymous_1)
FNDA:0,(anonymous_2)
FNDA:0,(anonymous_3)
FNDA:0,formatTime
FNDA:0,formatMemory
FNDA:0,main
FNDA:0,(anonymous_7)
DA:5,0
DA:6,0
DA:9,0
DA:13,0
DA:14,0
DA:16,0
DA:17,0
DA:21,0
DA:22,0
DA:24,0
DA:25,0
DA:26,0
DA:31,0
DA:32,0
DA:33,0
DA:37,0
DA:38,0
DA:42,0
DA:43,0
DA:44,0
DA:46,0
DA:47,0
DA:49,0
DA:50,0
DA:51,0
DA:54,0
DA:55,0
DA:56,0
DA:57,0
DA:58,0
DA:60,0
DA:61,0
DA:62,0
DA:63,0
DA:64,0
DA:66,0
DA:67,0
DA:68,0
DA:70,0
DA:71,0
DA:72,0
DA:73,0
DA:82,0
DA:83,0
DA:84,0
DA:86,0
DA:88,0
DA:89,0
DA:90,0
DA:91,0
DA:93,0
DA:95,0
DA:96,0
DA:97,0
DA:98,0
DA:101,0
DA:102,0
DA:103,0
DA:107,0
DA:108,0
DA:109,0
DA:111,0
DA:112,0
DA:113,0
DA:115,0
DA:116,0
DA:117,0
DA:118,0
DA:120,0
DA:121,0
DA:123,0
DA:124,0
DA:125,0
DA:126,0
DA:128,0
DA:129,0
DA:133,0
LF:77
LH:0
BRDA:14,0,0,0
BRDA:22,1,0,0
BRDA:31,2,0,0
BRDA:32,3,0,0
BRDA:37,4,0,0
BRDA:77,5,0,0
BRDA:77,5,1,0
BRDA:95,6,0,0
BRDA:95,7,0,0
BRDA:95,7,1,0
BRDA:95,7,2,0
BRDA:95,7,3,0
BRDA:101,8,0,0
BRDA:123,9,0,0
BRDA:123,9,1,0
BRF:15
BRH:0
end_of_record
TN:
SF:src/db-100m-real.ts
FN:8,formatTime
FN:14,formatMemory
FN:19,main
FN:34,(anonymous_3)
FN:114,(anonymous_4)
FNF:5
FNH:0
FNDA:0,formatTime
FNDA:0,formatMemory
FNDA:0,main
FNDA:0,(anonymous_3)
FNDA:0,(anonymous_4)
DA:6,0
DA:9,0
DA:10,0
DA:11,0
DA:15,0
DA:16,0
DA:20,0
DA:21,0
DA:22,0
DA:24,0
DA:26,0
DA:34,0
DA:35,0
DA:36,0
DA:39,0
DA:40,0
DA:41,0
DA:42,0
DA:44,0
DA:45,0
DA:46,0
DA:48,0
DA:49,0
DA:50,0
DA:51,0
DA:52,0
DA:54,0
DA:56,0
DA:58,0
DA:59,0
DA:60,0
DA:69,0
DA:70,0
DA:71,0
DA:73,0
DA:74,0
DA:75,0
DA:77,0
DA:78,0
DA:79,0
DA:80,0
DA:83,0
DA:84,0
DA:89,0
DA:90,0
DA:91,0
DA:95,0
DA:96,0
DA:97,0
DA:99,0
DA:100,0
DA:101,0
DA:103,0
DA:104,0
DA:105,0
DA:106,0
DA:107,0
DA:109,0
DA:110,0
DA:111,0
DA:113,0
DA:114,0
DA:115,0
DA:116,0
DA:118,0
DA:119,0
DA:120,0
DA:122,0
DA:123,0
DA:124,0
DA:125,0
DA:127,0
DA:128,0
DA:129,0
DA:130,0
DA:133,0
DA:134,0
DA:135,0
DA:136,0
DA:137,0
DA:139,0
DA:140,0
DA:141,0
DA:142,0
DA:143,0
DA:144,0
DA:145,0
DA:146,0
DA:149,0
DA:152,0
LF:90
LH:0
BRDA:9,0,0,0
BRDA:10,1,0,0
BRDA:15,2,0,0
BRDA:64,3,0,0
BRDA:64,3,1,0
BRDA:83,4,0,0
BRDA:83,5,0,0
BRDA:83,5,1,0
BRDA:89,6,0,0
BRDA:122,7,0,0
BRDA:122,7,1,0
BRDA:130,8,0,0
BRDA:130,8,1,0
BRDA:140,9,0,0
BRF:14
BRH:0
end_of_record
TN:
SF:src/db-100m-streaming.ts
FN:14,(anonymous_9)
FN:19,(anonymous_10)
FN:27,(anonymous_11)
FN:38,(anonymous_12)
FN:39,(anonymous_13)
FN:42,(anonymous_14)
FN:46,(anonymous_15)
FN:51,formatTime
FN:57,formatMemory
FN:62,main
FN:70,(anonymous_19)
FNF:11
FNH:0
FNDA:0,(anonymous_9)
FNDA:0,(anonymous_10)
FNDA:0,(anonymous_11)
FNDA:0,(anonymous_12)
FNDA:0,(anonymous_13)
FNDA:0,(anonymous_14)
FNDA:0,(anonymous_15)
FNDA:0,formatTime
FNDA:0,formatMemory
FNDA:0,main
FNDA:0,(anonymous_19)
DA:6,0
DA:8,0
DA:10,0
DA:11,0
DA:12,0
DA:15,0
DA:16,0
DA:20,0
DA:22,0
DA:23,0
DA:28,0
DA:29,0
DA:30,0
DA:31,0
DA:32,0
DA:34,0
DA:35,0
DA:39,0
DA:40,0
DA:41,0
DA:42,0
DA:47,0
DA:52,0
DA:53,0
DA:54,0
DA:58,0
DA:59,0
DA:63,0
DA:64,0
DA:65,0
DA:67,0
DA:68,0
DA:70,0
DA:71,0
DA:72,0
DA:75,0
DA:76,0
DA:77,0
DA:78,0
DA:79,0
DA:81,0
DA:82,0
DA:83,0
DA:84,0
DA:85,0
DA:87,0
DA:88,0
DA:89,0
DA:91,0
DA:92,0
DA:95,0
DA:96,0
DA:105,0
DA:106,0
DA:107,0
DA:108,0
DA:109,0
DA:111,0
DA:113,0
DA:114,0
DA:115,0
DA:116,0
DA:121,0
DA:123,0
DA:124,0
DA:125,0
DA:127,0
DA:128,0
DA:129,0
DA:131,0
DA:132,0
DA:133,0
DA:134,0
DA:136,0
DA:137,0
DA:139,0
DA:140,0
DA:141,0
DA:142,0
DA:145,0
DA:146,0
DA:147,0
DA:148,0
DA:149,0
DA:151,0
DA:154,0
LF:86
LH:0
BRDA:22,0,0,0
BRDA:31,1,0,0
BRDA:31,1,1,0
BRDA:32,2,0,0
BRDA:32,2,1,0
BRDA:32,3,0,0
BRDA:32,3,1,0
BRDA:52,4,0,0
BRDA:53,5,0,0
BRDA:58,6,0,0
BRDA:100,7,0,0
BRDA:100,7,1,0
BRDA:113,8,0,0
BRDA:139,9,0,0
BRF:14
BRH:0
end_of_record
TN:
SF:src/db-100m-test.ts
FN:8,main
FNF:1
FNH:0
FNDA:0,main
DA:6,0
DA:9,0
DA:10,0
DA:12,0
DA:15,0
DA:26,0
DA:27,0
DA:30,0
DA:31,0
DA:32,0
DA:34,0
DA:35,0
DA:36,0
DA:39,0
DA:40,0
DA:42,0
DA:43,0
DA:44,0
DA:46,0
DA:47,0
DA:50,0
DA:51,0
DA:52,0
DA:54,0
DA:66,0
DA:67,0
DA:68,0
DA:72,0
DA:73,0
DA:76,0
DA:77,0
DA:78,0
DA:80,0
DA:81,0
DA:84,0
DA:85,0
DA:87,0
DA:88,0
DA:89,0
DA:91,0
DA:92,0
DA:93,0
DA:94,0
DA:95,0
DA:97,0
DA:98,0
DA:101,0
DA:102,0
DA:103,0
DA:105,0
DA:106,0
DA:107,0
DA:109,0
DA:112,0
DA:114,0
DA:115,0
DA:116,0
DA:119,0
DA:120,0
DA:121,0
DA:123,0
DA:124,0
DA:125,0
DA:127,0
DA:128,0
DA:129,0
DA:130,0
DA:131,0
DA:133,0
DA:136,0
LF:70
LH:0
BRDA:66,0,0,0
BRF:1
BRH:0
end_of_record
TN:
SF:src/db-runtime.ts
FN:28,(anonymous_0)
FN:33,(anonymous_1)
FN:63,(anonymous_2)
FN:82,(anonymous_3)
FN:88,(anonymous_4)
FN:97,(anonymous_5)
FN:114,(anonymous_6)
FN:140,main
FNF:8
FNH:0
FNDA:0,(anonymous_0)
FNDA:0,(anonymous_1)
FNDA:0,(anonymous_2)
FNDA:0,(anonymous_3)
FNDA:0,(anonymous_4)
FNDA:0,(anonymous_5)
FNDA:0,(anonymous_6)
FNDA:0,main
DA:28,0
DA:29,0
DA:30,0
DA:34,0
DA:35,0
DA:36,0
DA:37,0
DA:41,0
DA:42,0
DA:43,0
DA:44,0
DA:48,0
DA:51,0
DA:52,0
DA:53,0
DA:54,0
DA:56,0
DA:59,0
DA:64,0
DA:65,0
DA:68,0
DA:69,0
DA:70,0
DA:71,0
DA:75,0
DA:76,0
DA:78,0
DA:83,0
DA:84,0
DA:89,0
DA:98,0
DA:99,0
DA:102,0
DA:103,0
DA:104,0
DA:106,0
DA:115,0
DA:116,0
DA:118,0
DA:119,0
DA:120,0
DA:123,0
DA:124,0
DA:125,0
DA:126,0
DA:128,0
DA:130,0
DA:132,0
DA:141,0
DA:142,0
DA:144,0
DA:147,0
DA:156,0
DA:157,0
DA:158,0
DA:159,0
DA:167,0
DA:168,0
DA:169,0
DA:170,0
DA:173,0
DA:174,0
DA:175,0
DA:176,0
DA:184,0
DA:185,0
DA:186,0
DA:187,0
DA:190,0
DA:191,0
DA:192,0
DA:193,0
DA:194,0
DA:195,0
DA:197,0
DA:198,0
DA:199,0
DA:200,0
DA:203,0
DA:204,0
DA:205,0
DA:206,0
DA:215,0
DA:216,0
DA:217,0
DA:218,0
DA:219,0
DA:220,0
DA:221,0
DA:224,0
DA:225,0
DA:226,0
DA:228,0
DA:229,0
DA:230,0
DA:231,0
DA:232,0
DA:234,0
DA:235,0
DA:236,0
DA:237,0
DA:238,0
DA:239,0
DA:242,0
LF:104
LH:0
BRDA:35,0,0,0
BRDA:42,1,0,0
BRDA:53,2,0,0
BRDA:65,3,0,0
BRDA:69,4,0,0
BRDA:69,5,0,0
BRDA:69,5,1,0
BRDA:71,6,0,0
BRDA:71,6,1,0
BRDA:76,7,0,0
BRDA:84,8,0,0
BRDA:84,8,1,0
BRDA:99,9,0,0
BRDA:116,10,0,0
BRDA:125,11,0,0
BRDA:163,12,0,0
BRDA:163,12,1,0
BRDA:180,13,0,0
BRDA:180,13,1,0
BRF:19
BRH:0
end_of_record
TN:
SF:src/ir-gen.ts
FN:7,(anonymous_0)
FN:13,(anonymous_1)
FN:17,(anonymous_2)
FN:21,(anonymous_3)
FN:29,(anonymous_4)
FN:54,(anonymous_5)
FN:205,(anonymous_6)
FN:209,(anonymous_7)
FN:234,(anonymous_8)
FN:278,(anonymous_9)
FN:380,(anonymous_10)
FN:391,(anonymous_11)
FNF:12
FNH:0
FNDA:0,(anonymous_0)
FNDA:0,(anonymous_1)
FNDA:0,(anonymous_2)
FNDA:0,(anonymous_3)
FNDA:0,(anonymous_4)
FNDA:0,(anonymous_5)
FNDA:0,(anonymous_6)
FNDA:0,(anonymous_7)
FNDA:0,(anonymous_8)
FNDA:0,(anonymous_9)
FNDA:0,(anonymous_10)
FNDA:0,(anonymous_11)
DA:7,0
DA:8,0
DA:9,0
DA:10,0
DA:11,0
DA:14,0
DA:18,0
DA:22,0
DA:30,0
DA:31,0
DA:33,0
DA:34,0
DA:35,0
DA:37,0
DA:41,0
DA:42,0
DA:44,0
DA:55,0
DA:57,0
DA:58,0
DA:59,0
DA:63,0
DA:64,0
DA:65,0
DA:67,0
DA:69,0
DA:70,0
DA:72,0
DA:74,0
DA:75,0
DA:76,0
DA:77,0
DA:81,0
DA:82,0
DA:86,0
DA:87,0
DA:89,0
DA:90,0
DA:91,0
DA:93,0
DA:94,0
DA:96,0
DA:98,0
DA:99,0
DA:104,0
DA:105,0
DA:108,0
DA:110,0
DA:111,0
DA:113,0
DA:114,0
DA:115,0
DA:117,0
DA:118,0
DA:122,0
DA:123,0
DA:130,0
DA:132,0
DA:133,0
DA:134,0
DA:139,0
DA:140,0
DA:141,0
DA:143,0
DA:145,0
DA:146,0
DA:148,0
DA:149,0
DA:152,0
DA:153,0
DA:161,0
DA:163,0
DA:164,0
DA:168,0
DA:169,0
DA:176,0
DA:178,0
DA:179,0
DA:180,0
DA:184,0
DA:185,0
DA:186,0
DA:190,0
DA:191,0
DA:196,0
DA:201,0
DA:206,0
DA:207,0
DA:209,0
DA:211,0
DA:212,0
DA:216,0
DA:217,0
DA:218,0
DA:221,0
DA:227,0
DA:235,0
DA:237,0
DA:240,0
DA:243,0
DA:246,0
DA:249,0
DA:252,0
DA:253,0
DA:254,0
DA:255,0
DA:262,0
DA:266,0
DA:267,0
DA:268,0
DA:274,0
DA:278,0
DA:279,0
DA:281,0
DA:282,0
DA:283,0
DA:300,0
DA:301,0
DA:308,0
DA:319,0
DA:323,0
DA:324,0
DA:325,0
DA:326,0
DA:332,0
DA:336,0
DA:337,0
DA:338,0
DA:344,0
DA:348,0
DA:349,0
DA:350,0
DA:355,0
DA:356,0
DA:357,0
DA:358,0
DA:359,0
DA:365,0
DA:366,0
DA:367,0
DA:368,0
DA:374,0
DA:376,0
DA:380,0
DA:381,0
DA:382,0
DA:387,0
DA:391,0
DA:395,0
DA:396,0
DA:402,0
DA:406,0
DA:407,0
DA:408,0
DA:409,0
DA:410,0
DA:412,0
DA:414,0
DA:415,0
DA:416,0
DA:417,0
DA:419,0
DA:422,0
DA:425,0
DA:426,0
DA:428,0
DA:429,0
DA:430,0
DA:431,0
DA:432,0
DA:434,0
DA:437,0
DA:439,0
DA:440,0
DA:444,0
DA:445,0
DA:446,0
DA:448,0
DA:449,0
DA:451,0
DA:456,0
LF:181
LH:0
BRDA:34,0,0,0
BRDA:34,0,1,0
BRDA:55,1,0,0
BRDA:55,1,1,0
BRDA:55,1,2,0
BRDA:55,1,3,0
BRDA:55,1,4,0
BRDA:55,1,5,0
BRDA:55,1,6,0
BRDA:55,1,7,0
BRDA:55,1,8,0
BRDA:75,2,0,0
BRDA:184,3,0,0
BRDA:184,3,1,0
BRDA:217,4,0,0
BRDA:217,5,0,0
BRDA:217,5,1,0
BRDA:235,6,0,0
BRDA:235,6,1,0
BRDA:235,6,2,0
BRDA:235,6,3,0
BRDA:235,6,4,0
BRDA:235,6,5,0
BRDA:235,6,6,0
BRDA:235,6,7,0
BRDA:235,6,8,0
BRDA:235,6,9,0
BRDA:235,6,10,0
BRDA:235,6,11,0
BRDA:235,6,12,0
BRDA:235,6,13,0
BRDA:235,6,14,0
BRDA:235,6,15,0
BRDA:281,7,0,0
BRDA:281,7,1,0
BRDA:300,8,0,0
BRDA:300,8,1,0
BRDA:349,9,0,0
BRDA:349,9,1,0
BRDA:356,10,0,0
BRDA:356,10,1,0
BRDA:366,11,0,0
BRDA:417,12,0,0
BRDA:417,12,1,0
BRDA:431,13,0,0
BRDA:431,13,1,0
BRDA:448,14,0,0
BRF:47
BRH:0
end_of_record
TN:
SF:src/lexer.ts
FN:8,(anonymous_0)
FN:150,(anonymous_1)
FN:154,(anonymous_2)
FN:162,(anonymous_3)
FN:304,(anonymous_4)
FN:321,(anonymous_5)
FN:352,(anonymous_6)
FN:362,(anonymous_7)
FN:428,(anonymous_8)
FN:438,(anonymous_9)
FN:450,(anonymous_10)
FN:454,(anonymous_11)
FN:458,(anonymous_12)
FN:462,(anonymous_13)
FN:469,(anonymous_14)
FN:473,(anonymous_15)
FN:477,(anonymous_16)
FN:481,(anonymous_17)
FN:485,(anonymous_18)
FNF:19
FNH:16
FNDA:8,(anonymous_0)
FNDA:214,(anonymous_1)
FNDA:214,(anonymous_2)
FNDA:11627,(anonymous_3)
FNDA:1499,(anonymous_4)
FNDA:1418,(anonymous_5)
FNDA:1453,(anonymous_6)
FNDA:65,(anonymous_7)
FNDA:0,(anonymous_8)
FNDA:0,(anonymous_9)
FNDA:43234,(anonymous_10)
FNDA:26748,(anonymous_11)
FNDA:551,(anonymous_12)
FNDA:17891,(anonymous_13)
FNDA:12632,(anonymous_14)
FNDA:11110,(anonymous_15)
FNDA:6700,(anonymous_16)
FNDA:2874,(anonymous_17)
FNDA:0,(anonymous_18)
DA:8,8
DA:10,8
DA:11,8
DA:12,8
DA:13,8
DA:14,8
DA:15,8
DA:16,8
DA:17,8
DA:18,8
DA:19,8
DA:20,8
DA:21,8
DA:22,8
DA:23,8
DA:24,8
DA:25,8
DA:26,8
DA:27,8
DA:30,8
DA:31,8
DA:32,8
DA:33,8
DA:34,8
DA:35,8
DA:36,8
DA:39,8
DA:40,8
DA:41,8
DA:44,8
DA:45,8
DA:46,8
DA:47,8
DA:48,8
DA:49,8
DA:50,8
DA:51,8
DA:52,8
DA:53,8
DA:54,8
DA:55,8
DA:56,8
DA:57,8
DA:58,8
DA:59,8
DA:60,8
DA:61,8
DA:62,8
DA:63,8
DA:64,8
DA:65,8
DA:66,8
DA:67,8
DA:68,8
DA:69,8
DA:70,8
DA:71,8
DA:74,8
DA:75,8
DA:103,8
DA:142,8
DA:144,214
DA:145,214
DA:146,214
DA:147,214
DA:148,214
DA:151,214
DA:155,214
DA:156,11627
DA:158,214
DA:159,214
DA:163,11627
DA:166,11627
DA:167,5175
DA:168,5175
DA:172,6452
DA:173,517
DA:174,517
DA:175,517
DA:176,517
DA:180,5935
DA:181,0
DA:182,0
DA:186,5935
DA:187,3
DA:188,0
DA:189,0
DA:191,3
DA:192,0
DA:193,0
DA:194,0
DA:195,0
DA:197,3
DA:198,3
DA:199,3
DA:203,5932
DA:204,1499
DA:205,1499
DA:209,4433
DA:210,1418
DA:211,1418
DA:215,3015
DA:216,65
DA:217,65
DA:221,2950
DA:222,2950
DA:224,2950
DA:225,9
DA:226,9
DA:227,9
DA:229,2941
DA:230,0
DA:231,0
DA:232,0
DA:234,2941
DA:235,55
DA:236,55
DA:237,55
DA:239,2886
DA:240,2
DA:241,2
DA:242,2
DA:244,2884
DA:245,4
DA:246,4
DA:247,4
DA:249,2880
DA:250,2
DA:251,2
DA:252,2
DA:254,2878
DA:255,5
DA:256,5
DA:257,5
DA:259,2873
DA:260,2
DA:261,2
DA:262,2
DA:266,2871
DA:288,2871
DA:289,2871
DA:290,2871
DA:291,2871
DA:292,2871
DA:296,0
DA:297,0
DA:305,1499
DA:306,1499
DA:308,1499
DA:309,5213
DA:312,1499
DA:313,1499
DA:314,1499
DA:322,1418
DA:323,1418
DA:324,1418
DA:327,1418
DA:330,1418
DA:331,35
DA:332,35
DA:333,35
DA:336,1418
DA:339,1418
DA:340,0
DA:341,0
DA:343,1418
DA:344,0
DA:345,0
DA:348,1418
DA:349,1418
DA:353,1453
DA:354,3469
DA:363,65
DA:364,65
DA:365,65
DA:367,65
DA:369,65
DA:370,320
DA:373,320
DA:374,0
DA:379,0
DA:383,320
DA:384,0
DA:385,0
DA:386,0
DA:387,0
DA:389,0
DA:390,0
DA:391,0
DA:392,0
DA:393,0
DA:394,0
DA:395,0
DA:396,0
DA:398,0
DA:403,0
DA:405,0
DA:406,0
DA:409,320
DA:410,320
DA:413,65
DA:414,0
DA:415,0
DA:418,65
DA:420,65
DA:421,65
DA:429,0
DA:430,0
DA:431,0
DA:432,0
DA:439,0
DA:440,0
DA:441,0
DA:451,43234
DA:455,26748
DA:459,551
DA:463,17891
DA:464,17891
DA:465,17891
DA:470,12632
DA:474,11110
DA:478,6700
DA:482,2874
DA:486,0
LF:224
LH:179
BRDA:8,0,0,8
BRDA:8,0,1,8
BRDA:166,1,0,5175
BRDA:166,2,0,11627
BRDA:166,2,1,6452
BRDA:166,2,2,6452
BRDA:172,3,0,517
BRDA:180,4,0,0
BRDA:186,5,0,3
BRDA:187,6,0,0
BRDA:191,7,0,0
BRDA:203,8,0,1499
BRDA:209,9,0,1418
BRDA:215,10,0,65
BRDA:224,11,0,9
BRDA:224,12,0,2950
BRDA:224,12,1,205
BRDA:229,13,0,0
BRDA:229,14,0,2941
BRDA:229,14,1,196
BRDA:234,15,0,55
BRDA:234,16,0,2941
BRDA:234,16,1,71
BRDA:239,17,0,2
BRDA:239,18,0,2886
BRDA:239,18,1,6
BRDA:244,19,0,4
BRDA:244,20,0,2884
BRDA:244,20,1,14
BRDA:249,21,0,2
BRDA:249,22,0,2880
BRDA:249,22,1,11
BRDA:254,23,0,5
BRDA:254,24,0,2878
BRDA:254,24,1,5
BRDA:259,25,0,2
BRDA:259,26,0,2873
BRDA:259,26,1,2
BRDA:289,27,0,2871
BRDA:308,28,0,6712
BRDA:308,28,1,6700
BRDA:313,29,0,1499
BRDA:313,29,1,939
BRDA:330,30,0,35
BRDA:330,31,0,1418
BRDA:330,31,1,1395
BRDA:330,31,2,35
BRDA:330,32,0,35
BRDA:330,32,1,0
BRDA:339,33,0,0
BRDA:343,34,0,0
BRDA:348,35,0,35
BRDA:348,35,1,1383
BRDA:353,36,0,4922
BRDA:353,36,1,4895
BRDA:353,36,2,1426
BRDA:369,37,0,385
BRDA:369,37,1,385
BRDA:373,38,0,0
BRDA:383,39,0,0
BRDA:385,40,0,0
BRDA:390,41,0,0
BRDA:390,41,1,0
BRDA:390,41,2,0
BRDA:390,41,3,0
BRDA:390,41,4,0
BRDA:390,41,5,0
BRDA:390,41,6,0
BRDA:413,42,0,0
BRDA:420,43,0,0
BRDA:420,43,1,65
BRDA:431,44,0,0
BRDA:431,44,1,0
BRDA:440,45,0,0
BRDA:440,45,1,0
BRDA:459,46,0,551
BRDA:459,46,1,0
BRDA:463,47,0,17891
BRDA:470,48,0,12632
BRDA:470,48,1,6655
BRDA:470,48,2,6311
BRDA:470,48,3,623
BRDA:470,48,4,6189
BRDA:474,49,0,11110
BRDA:474,49,1,6376
BRDA:478,50,0,6700
BRDA:478,50,1,1747
BRF:87
BRH:63
end_of_record
TN:
SF:src/main.ts
FN:12,main
FNF:1
FNH:0
FNDA:0,main
DA:4,0
DA:5,0
DA:6,0
DA:7,0
DA:8,0
DA:9,0
DA:10,0
DA:13,0
DA:15,0
DA:16,0
DA:17,0
DA:18,0
DA:19,0
DA:20,0
DA:21,0
DA:22,0
DA:23,0
DA:24,0
DA:25,0
DA:28,0
DA:29,0
DA:30,0
DA:31,0
DA:32,0
DA:36,0
DA:37,0
DA:39,0
DA:40,0
DA:44,0
DA:45,0
DA:46,0
DA:47,0
DA:49,0
DA:53,0
DA:54,0
DA:55,0
DA:56,0
DA:58,0
DA:62,0
DA:63,0
DA:64,0
DA:65,0
DA:66,0
DA:68,0
DA:74,0
DA:75,0
DA:76,0
DA:77,0
DA:78,0
DA:80,0
DA:82,0
DA:85,0
DA:86,0
DA:87,0
DA:88,0
DA:89,0
DA:91,0
DA:95,0
DA:97,0
DA:98,0
DA:101,0
DA:102,0
DA:103,0
DA:107,0
LF:64
LH:0
BRDA:15,0,0,0
BRDA:15,1,0,0
BRDA:15,1,1,0
BRDA:32,2,0,0
BRDA:32,2,1,0
BRDA:45,3,0,0
BRDA:54,4,0,0
BRDA:62,5,0,0
BRDA:64,6,0,0
BRDA:74,7,0,0
BRDA:74,7,1,0
BRDA:76,8,0,0
BRDA:85,9,0,0
BRDA:101,10,0,0
BRF:14
BRH:0
end_of_record
TN:
SF:src/parser.ts
FN:33,infixBP
FN:66,(anonymous_1)
FN:70,(anonymous_2)
FN:87,(anonymous_3)
FN:121,(anonymous_4)
FN:140,(anonymous_5)
FN:177,(anonymous_6)
FN:208,(anonymous_7)
FN:229,(anonymous_8)
FN:240,(anonymous_9)
FN:265,(anonymous_10)
FN:275,(anonymous_11)
FN:282,(anonymous_12)
FN:289,(anonymous_13)
FN:298,(anonymous_14)
FN:312,(anonymous_15)
FN:337,(anonymous_16)
FN:354,(anonymous_17)
FN:394,(anonymous_18)
FN:474,(anonymous_19)
FN:538,(anonymous_20)
FN:552,(anonymous_21)
FN:564,(anonymous_22)
FN:574,(anonymous_23)
FN:587,(anonymous_24)
FN:618,(anonymous_25)
FN:664,(anonymous_26)
FN:716,(anonymous_27)
FN:803,(anonymous_28)
FN:807,(anonymous_29)
FN:813,(anonymous_30)
FN:817,(anonymous_31)
FN:825,(anonymous_32)
FN:834,(anonymous_33)
FN:844,(anonymous_34)
FN:848,(anonymous_35)
FN:856,(anonymous_36)
FN:860,(anonymous_37)
FNF:38
FNH:29
FNDA:2525,infixBP
FNDA:208,(anonymous_1)
FNDA:208,(anonymous_2)
FNDA:547,(anonymous_3)
FNDA:129,(anonymous_4)
FNDA:38,(anonymous_5)
FNDA:24,(anonymous_6)
FNDA:22,(anonymous_7)
FNDA:0,(anonymous_8)
FNDA:22,(anonymous_9)
FNDA:18,(anonymous_10)
FNDA:9,(anonymous_11)
FNDA:5,(anonymous_12)
FNDA:0,(anonymous_13)
FNDA:33,(anonymous_14)
FNDA:248,(anonymous_15)
FNDA:109,(anonymous_16)
FNDA:2184,(anonymous_17)
FNDA:2184,(anonymous_18)
FNDA:474,(anonymous_19)
FNDA:41,(anonymous_20)
FNDA:0,(anonymous_21)
FNDA:0,(anonymous_22)
FNDA:0,(anonymous_23)
FNDA:0,(anonymous_24)
FNDA:11,(anonymous_25)
FNDA:0,(anonymous_26)
FNDA:173,(anonymous_27)
FNDA:20208,(anonymous_28)
FNDA:5917,(anonymous_29)
FNDA:4256,(anonymous_30)
FNDA:2076,(anonymous_31)
FNDA:1049,(anonymous_32)
FNDA:341,(anonymous_33)
FNDA:9384,(anonymous_34)
FNDA:33,(anonymous_35)
FNDA:0,(anonymous_36)
FNDA:0,(anonymous_37)
DA:4,8
DA:23,8
DA:24,8
DA:25,8
DA:26,8
DA:27,8
DA:28,8
DA:29,8
DA:30,8
DA:31,8
DA:34,2525
DA:36,2
DA:37,5
DA:39,11
DA:43,21
DA:45,104
DA:48,14
DA:52,321
DA:53,2047
DA:61,8
DA:63,208
DA:64,208
DA:67,208
DA:71,208
DA:72,208
DA:73,409
DA:74,409
DA:77,0
DA:80,208
DA:88,547
DA:90,547
DA:94,129
DA:96,38
DA:98,24
DA:100,21
DA:102,0
DA:104,22
DA:106,18
DA:108,9
DA:110,5
DA:112,0
DA:114,33
DA:116,248
DA:122,129
DA:123,129
DA:124,129
DA:125,129
DA:127,129
DA:128,27
DA:129,27
DA:132,129
DA:133,129
DA:134,129
DA:136,129
DA:141,38
DA:142,38
DA:145,38
DA:146,38
DA:147,0
DA:148,0
DA:150,0
DA:153,38
DA:155,38
DA:156,38
DA:157,19
DA:158,26
DA:159,26
DA:160,26
DA:161,26
DA:164,38
DA:167,38
DA:168,38
DA:170,38
DA:171,38
DA:173,38
DA:178,24
DA:179,24
DA:182,24
DA:183,24
DA:184,0
DA:185,0
DA:187,0
DA:190,24
DA:192,24
DA:193,24
DA:194,23
DA:195,43
DA:196,43
DA:197,43
DA:198,43
DA:202,24
DA:204,24
DA:209,22
DA:210,22
DA:211,22
DA:212,22
DA:214,22
DA:215,22
DA:216,10
DA:218,1
DA:220,9
DA:221,9
DA:225,22
DA:230,0
DA:231,0
DA:232,0
DA:233,0
DA:234,0
DA:236,0
DA:241,22
DA:242,22
DA:245,22
DA:246,22
DA:247,7
DA:248,7
DA:249,7
DA:250,7
DA:251,7
DA:252,15
DA:253,15
DA:254,15
DA:255,15
DA:256,15
DA:257,15
DA:259,0
DA:260,0
DA:266,18
DA:267,18
DA:268,18
DA:269,18
DA:271,18
DA:276,9
DA:277,9
DA:278,9
DA:283,5
DA:284,5
DA:285,5
DA:290,0
DA:291,0
DA:292,0
DA:294,0
DA:299,33
DA:302,33
DA:303,33
DA:304,33
DA:306,33
DA:308,33
DA:313,248
DA:314,248
DA:317,248
DA:318,67
DA:319,67
DA:320,67
DA:321,67
DA:329,181
DA:330,181
DA:338,109
DA:339,109
DA:340,127
DA:341,127
DA:343,0
DA:346,109
DA:347,109
DA:355,2184
DA:357,2184
DA:358,2546
DA:362,2546
DA:364,23
DA:368,21
DA:369,21
DA:370,21
DA:371,21
DA:372,40
DA:373,40
DA:374,40
DA:375,40
DA:378,21
DA:379,21
DA:380,21
DA:384,2525
DA:385,2525
DA:387,474
DA:390,2184
DA:395,2184
DA:398,2184
DA:399,1383
DA:400,1383
DA:401,1383
DA:405,801
DA:406,35
DA:407,35
DA:408,35
DA:412,766
DA:413,65
DA:414,65
DA:418,701
DA:419,33
DA:420,33
DA:422,668
DA:423,16
DA:424,16
DA:428,652
DA:429,587
DA:430,587
DA:434,65
DA:435,13
DA:436,13
DA:437,13
DA:441,52
DA:442,0
DA:443,0
DA:444,0
DA:445,0
DA:449,52
DA:450,41
DA:454,11
DA:455,0
DA:459,11
DA:460,0
DA:464,11
DA:465,11
DA:468,0
DA:469,0
DA:470,0
DA:475,474
DA:478,474
DA:487,153
DA:488,153
DA:489,153
DA:493,321
DA:494,294
DA:495,294
DA:496,294
DA:497,290
DA:498,315
DA:501,294
DA:502,294
DA:506,27
DA:507,19
DA:508,19
DA:509,19
DA:510,19
DA:514,8
DA:515,8
DA:516,8
DA:517,8
DA:521,0
DA:522,0
DA:523,0
DA:528,0
DA:529,0
DA:530,0
DA:539,41
DA:540,41
DA:541,41
DA:542,39
DA:543,1105
DA:546,41
DA:547,41
DA:553,0
DA:554,0
DA:555,0
DA:556,0
DA:557,0
DA:558,0
DA:559,0
DA:560,0
DA:565,0
DA:566,0
DA:567,0
DA:568,0
DA:569,0
DA:570,0
DA:575,0
DA:576,0
DA:577,0
DA:579,0
DA:580,0
DA:588,0
DA:589,0
DA:590,0
DA:591,0
DA:594,0
DA:596,0
DA:597,0
DA:598,0
DA:599,0
DA:601,0
DA:603,0
DA:606,0
DA:608,0
DA:611,0
DA:612,0
DA:614,0
DA:619,11
DA:620,11
DA:622,11
DA:623,11
DA:624,9
DA:625,11
DA:626,11
DA:627,11
DA:628,11
DA:630,11
DA:633,11
DA:635,11
DA:636,11
DA:637,11
DA:642,11
DA:643,11
DA:644,11
DA:645,11
DA:646,11
DA:648,11
DA:649,11
DA:652,11
DA:654,0
DA:657,11
DA:665,0
DA:668,0
DA:669,0
DA:670,0
DA:674,0
DA:675,0
DA:676,0
DA:677,0
DA:678,0
DA:679,0
DA:680,0
DA:681,0
DA:682,0
DA:684,0
DA:685,0
DA:686,0
DA:689,0
DA:690,0
DA:694,0
DA:697,0
DA:698,0
DA:702,0
DA:703,0
DA:704,0
DA:707,0
DA:708,0
DA:709,0
DA:717,173
DA:720,173
DA:721,5
DA:722,5
DA:724,5
DA:725,5
DA:726,4
DA:727,4
DA:731,5
DA:732,5
DA:733,5
DA:735,5
DA:738,168
DA:739,95
DA:740,0
DA:741,23
DA:742,11
DA:743,19
DA:744,6
DA:746,14
DA:750,14
DA:751,6
DA:752,6
DA:753,6
DA:754,6
DA:758,8
DA:759,0
DA:760,0
DA:761,0
DA:762,0
DA:763,0
DA:767,8
DA:768,8
DA:769,8
DA:772,8
DA:773,0
DA:777,8
DA:778,2
DA:779,2
DA:780,2
DA:781,2
DA:783,2
DA:786,2
DA:787,0
DA:788,0
DA:791,6
DA:794,0
DA:795,0
DA:796,0
DA:804,20208
DA:808,5917
DA:809,5917
DA:810,5917
DA:814,4256
DA:818,2076
DA:819,1246
DA:820,1246
DA:822,830
DA:826,1049
DA:827,1049
DA:829,0
DA:830,0
DA:831,0
DA:835,341
DA:836,341
DA:837,341
DA:838,341
DA:840,0
DA:841,0
DA:845,9384
DA:849,33
DA:850,33
DA:857,0
DA:861,0
DA:862,0
DA:863,0
DA:864,0
DA:865,0
DA:867,0
LF:424
LH:300
BRDA:34,0,0,2
BRDA:34,0,1,5
BRDA:34,0,2,9
BRDA:34,0,3,11
BRDA:34,0,4,8
BRDA:34,0,5,15
BRDA:34,0,6,19
BRDA:34,0,7,21
BRDA:34,0,8,97
BRDA:34,0,9,104
BRDA:34,0,10,9
BRDA:34,0,11,12
BRDA:34,0,12,14
BRDA:34,0,13,294
BRDA:34,0,14,313
BRDA:34,0,15,321
BRDA:34,0,16,321
BRDA:34,0,17,2047
BRDA:90,1,0,128
BRDA:90,1,1,129
BRDA:90,1,2,129
BRDA:90,1,3,38
BRDA:90,1,4,24
BRDA:90,1,5,21
BRDA:90,1,6,0
BRDA:90,1,7,22
BRDA:90,1,8,18
BRDA:90,1,9,9
BRDA:90,1,10,5
BRDA:90,1,11,0
BRDA:90,1,12,33
BRDA:90,1,13,248
BRDA:127,2,0,27
BRDA:146,3,0,0
BRDA:156,4,0,19
BRDA:183,5,0,0
BRDA:193,6,0,23
BRDA:215,7,0,10
BRDA:216,8,0,1
BRDA:216,8,1,9
BRDA:246,9,0,7
BRDA:246,9,1,15
BRDA:252,10,0,15
BRDA:252,10,1,0
BRDA:303,11,0,33
BRDA:303,12,0,33
BRDA:303,12,1,33
BRDA:303,12,2,33
BRDA:317,13,0,67
BRDA:339,14,0,236
BRDA:339,14,1,127
BRDA:362,15,0,23
BRDA:362,16,0,2546
BRDA:362,16,1,101
BRDA:364,17,0,21
BRDA:364,18,0,23
BRDA:364,18,1,23
BRDA:364,18,2,21
BRDA:364,18,3,21
BRDA:370,19,0,21
BRDA:385,20,0,2051
BRDA:398,21,0,1383
BRDA:405,22,0,35
BRDA:412,23,0,65
BRDA:418,24,0,33
BRDA:422,25,0,16
BRDA:428,26,0,587
BRDA:428,27,0,652
BRDA:428,27,1,65
BRDA:434,28,0,13
BRDA:434,29,0,65
BRDA:434,29,1,56
BRDA:441,30,0,0
BRDA:449,31,0,41
BRDA:454,32,0,0
BRDA:459,33,0,0
BRDA:464,34,0,11
BRDA:478,35,0,153
BRDA:479,36,0,474
BRDA:479,36,1,381
BRDA:479,36,2,374
BRDA:479,36,3,365
BRDA:479,36,4,362
BRDA:479,36,5,360
BRDA:479,36,6,351
BRDA:479,36,7,349
BRDA:479,36,8,341
BRDA:479,36,9,334
BRDA:479,36,10,330
BRDA:479,36,11,328
BRDA:479,36,12,323
BRDA:493,37,0,294
BRDA:496,38,0,290
BRDA:506,39,0,19
BRDA:514,40,0,8
BRDA:521,41,0,0
BRDA:541,42,0,39
BRDA:576,43,0,0
BRDA:576,43,1,0
BRDA:589,44,0,0
BRDA:589,44,1,0
BRDA:594,45,0,0
BRDA:594,45,1,0
BRDA:598,46,0,0
BRDA:598,46,1,0
BRDA:603,47,0,0
BRDA:603,47,1,0
BRDA:603,48,0,0
BRDA:603,48,1,0
BRDA:606,49,0,0
BRDA:606,49,1,0
BRDA:623,50,0,9
BRDA:627,51,0,11
BRDA:636,52,0,11
BRDA:642,53,0,11
BRDA:642,53,1,0
BRDA:645,54,0,22
BRDA:645,54,1,11
BRDA:649,55,0,11
BRDA:649,55,1,0
BRDA:649,56,0,11
BRDA:649,56,1,11
BRDA:652,57,0,11
BRDA:652,57,1,0
BRDA:668,58,0,0
BRDA:668,59,0,0
BRDA:668,59,1,0
BRDA:674,60,0,0
BRDA:675,61,0,0
BRDA:675,62,0,0
BRDA:675,62,1,0
BRDA:675,62,2,0
BRDA:680,63,0,0
BRDA:681,64,0,0
BRDA:684,65,0,0
BRDA:694,66,0,0
BRDA:694,67,0,0
BRDA:694,67,1,0
BRDA:694,67,2,0
BRDA:694,67,3,0
BRDA:694,67,4,0
BRDA:702,68,0,0
BRDA:720,69,0,5
BRDA:725,70,0,4
BRDA:738,71,0,95
BRDA:738,71,1,0
BRDA:738,71,2,23
BRDA:738,71,3,11
BRDA:738,71,4,19
BRDA:738,71,5,6
BRDA:738,71,6,14
BRDA:750,72,0,6
BRDA:758,73,0,0
BRDA:767,74,0,8
BRDA:772,75,0,0
BRDA:772,76,0,8
BRDA:772,76,1,0
BRDA:772,76,2,0
BRDA:777,77,0,2
BRDA:786,78,0,2
BRDA:787,79,0,0
BRDA:809,80,0,5917
BRDA:818,81,0,1246
BRDA:826,82,0,1049
BRDA:836,83,0,341
BRDA:850,84,0,33
BRDA:850,84,1,33
BRDA:850,84,2,33
BRDA:850,84,3,33
BRDA:850,84,4,33
BRDA:850,84,5,33
BRDA:850,84,6,33
BRDA:850,84,7,33
BRDA:850,84,8,33
BRDA:850,84,9,33
BRDA:850,84,10,33
BRDA:850,84,11,33
BRDA:850,84,12,33
BRDA:862,85,0,0
BRDA:863,86,0,0
BRF:180
BRH:128
end_of_record
TN:
SF:src/vm.ts
FN:62,(anonymous_9)
FN:71,(anonymous_10)
FN:98,(anonymous_11)
FN:102,(anonymous_12)
FN:108,(anonymous_13)
FN:129,(anonymous_14)
FN:586,(anonymous_15)
FN:589,(anonymous_16)
FN:594,(anonymous_17)
FN:650,(anonymous_18)
FN:830,(anonymous_19)
FN:859,(anonymous_20)
FN:865,(anonymous_21)
FN:888,(anonymous_22)
FN:896,(anonymous_23)
FN:903,(anonymous_24)
FN:910,(anonymous_25)
FN:912,(anonymous_26)
FN:922,(anonymous_27)
FN:930,(anonymous_28)
FN:932,(anonymous_29)
FN:949,(anonymous_30)
FN:955,(anonymous_31)
FN:967,(anonymous_32)
FN:977,(anonymous_33)
FNF:25
FNH:14
FNDA:81,(anonymous_9)
FNDA:81,(anonymous_10)
FNDA:81,(anonymous_11)
FNDA:1159,(anonymous_12)
FNDA:0,(anonymous_13)
FNDA:1082,(anonymous_14)
FNDA:295,(anonymous_15)
FNDA:128,(anonymous_16)
FNDA:0,(anonymous_17)
FNDA:3,(anonymous_18)
FNDA:0,(anonymous_19)
FNDA:0,(anonymous_20)
FNDA:0,(anonymous_21)
FNDA:803539,(anonymous_22)
FNDA:5,(anonymous_23)
FNDA:224,(anonymous_24)
FNDA:0,(anonymous_25)
FNDA:0,(anonymous_26)
FNDA:20,(anonymous_27)
FNDA:11,(anonymous_28)
FNDA:9,(anonymous_29)
FNDA:0,(anonymous_30)
FNDA:0,(anonymous_31)
FNDA:0,(anonymous_32)
FNDA:0,(anonymous_33)
DA:4,1
DA:5,1
DA:62,1
DA:64,81
DA:65,81
DA:66,81
DA:67,81
DA:68,81
DA:69,81
DA:72,81
DA:73,81
DA:74,81
DA:77,81
DA:86,81
DA:87,81
DA:88,77
DA:90,4
DA:99,81
DA:100,81
DA:102,1159
DA:103,1082
DA:105,1082
DA:106,1082
DA:107,0
DA:108,0
DA:109,0
DA:110,0
DA:111,0
DA:112,0
DA:113,0
DA:117,1079
DA:119,1079
DA:120,1
DA:130,1082
DA:132,1082
DA:133,1004589
DA:134,0
DA:135,0
DA:138,1004589
DA:139,1004589
DA:140,1004589
DA:142,1004589
DA:145,201655
DA:146,201655
DA:147,201655
DA:150,5
DA:151,5
DA:152,5
DA:155,40
DA:156,40
DA:157,40
DA:160,200215
DA:161,200215
DA:163,7
DA:164,7
DA:166,57
DA:167,57
DA:169,0
DA:170,0
DA:172,183
DA:173,183
DA:175,0
DA:176,0
DA:180,118
DA:181,118
DA:182,118
DA:183,3
DA:185,115
DA:187,118
DA:190,82
DA:191,82
DA:192,82
DA:193,82
DA:196,9
DA:197,9
DA:198,9
DA:199,9
DA:202,2
DA:203,2
DA:204,2
DA:205,1
DA:208,1
DA:209,1
DA:212,1
DA:213,1
DA:214,1
DA:215,1
DA:216,1
DA:219,10
DA:220,10
DA:221,10
DA:226,0
DA:227,0
DA:228,0
DA:229,0
DA:231,0
DA:233,0
DA:236,0
DA:237,0
DA:238,0
DA:239,0
DA:242,0
DA:243,0
DA:244,0
DA:245,0
DA:248,0
DA:249,0
DA:250,0
DA:251,0
DA:252,0
DA:255,0
DA:256,0
DA:257,0
DA:258,0
DA:259,0
DA:262,0
DA:263,0
DA:264,0
DA:269,19
DA:270,19
DA:271,19
DA:272,19
DA:275,1
DA:276,1
DA:277,1
DA:278,1
DA:281,36
DA:282,36
DA:283,36
DA:284,36
DA:287,5
DA:288,5
DA:289,5
DA:290,5
DA:293,81
DA:294,81
DA:295,81
DA:296,81
DA:299,3
DA:300,3
DA:301,3
DA:302,3
DA:307,2
DA:308,2
DA:309,2
DA:310,2
DA:313,1
DA:314,1
DA:315,1
DA:316,1
DA:319,0
DA:320,0
DA:321,0
DA:326,477
DA:327,477
DA:328,477
DA:329,477
DA:332,200367
DA:333,200367
DA:334,200367
DA:335,200367
DA:336,200367
DA:337,200367
DA:340,0
DA:341,0
DA:342,0
DA:343,0
DA:346,0
DA:347,0
DA:348,0
DA:349,0
DA:350,0
DA:355,200235
DA:356,200235
DA:357,200235
DA:360,200346
DA:361,200346
DA:362,200346
DA:363,91
DA:365,200346
DA:368,100
DA:369,100
DA:371,100
DA:372,0
DA:373,0
DA:376,100
DA:378,100
DA:379,100
DA:380,100
DA:383,77
DA:384,77
DA:388,100
DA:389,100
DA:391,100
DA:392,100
DA:394,100
DA:395,100
DA:396,98
DA:399,100
DA:405,100
DA:406,100
DA:409,295
DA:410,295
DA:411,295
DA:413,295
DA:414,295
DA:415,316
DA:418,295
DA:419,294
DA:420,294
DA:425,21
DA:426,21
DA:427,21
DA:428,1056
DA:430,21
DA:431,21
DA:434,34
DA:435,34
DA:436,34
DA:437,34
DA:438,34
DA:439,33
DA:440,33
DA:443,2
DA:444,2
DA:445,2
DA:446,2
DA:447,2
DA:448,2
DA:453,1
DA:454,1
DA:455,1
DA:456,2
DA:457,2
DA:458,2
DA:460,1
DA:461,1
DA:464,2
DA:465,2
DA:466,2
DA:467,2
DA:468,2
DA:469,2
DA:474,0
DA:475,0
DA:476,0
DA:479,0
DA:480,0
DA:481,0
DA:484,0
DA:485,0
DA:486,0
DA:489,0
DA:490,0
DA:491,0
DA:493,0
DA:495,0
DA:498,0
DA:499,0
DA:500,0
DA:503,0
DA:504,0
DA:505,0
DA:508,0
DA:509,0
DA:510,0
DA:513,0
DA:514,0
DA:515,0
DA:520,0
DA:521,0
DA:529,0
DA:530,0
DA:533,0
DA:538,0
DA:539,0
DA:540,0
DA:543,0
DA:544,0
DA:545,0
DA:546,0
DA:547,0
DA:549,0
DA:550,0
DA:551,0
DA:552,0
DA:553,0
DA:554,0
DA:557,0
DA:560,0
DA:561,0
DA:562,0
DA:563,0
DA:564,0
DA:565,0
DA:568,0
DA:569,0
DA:570,0
DA:571,0
DA:573,0
DA:577,0
DA:587,295
DA:589,128
DA:590,128
DA:591,128
DA:594,0
DA:596,0
DA:597,0
DA:599,0
DA:601,0
DA:604,95
DA:606,33
DA:607,0
DA:608,0
DA:610,1
DA:611,1
DA:612,1
DA:613,5
DA:614,1
DA:617,1
DA:618,1
DA:620,2
DA:621,0
DA:623,2
DA:625,2
DA:627,2
DA:629,2
DA:631,2
DA:633,5
DA:635,3
DA:636,1
DA:637,1
DA:639,2
DA:641,0
DA:643,2
DA:644,2
DA:646,0
DA:648,1
DA:649,1
DA:650,3
DA:652,0
DA:654,2
DA:655,0
DA:657,2
DA:658,0
DA:660,2
DA:661,0
DA:663,3
DA:664,3
DA:665,3
DA:667,0
DA:669,3
DA:670,1
DA:671,1
DA:672,1
DA:674,2
DA:675,2
DA:676,2
DA:677,2
DA:679,0
DA:681,2
DA:683,0
DA:684,0
DA:685,0
DA:688,0
DA:690,0
DA:692,0
DA:694,0
DA:696,0
DA:698,0
DA:701,0
DA:702,0
DA:703,0
DA:704,0
DA:706,0
DA:708,0
DA:710,0
DA:711,0
DA:712,0
DA:713,0
DA:715,0
DA:723,0
DA:724,0
DA:725,0
DA:728,0
DA:729,0
DA:730,0
DA:733,0
DA:734,0
DA:735,0
DA:738,0
DA:739,0
DA:740,0
DA:743,0
DA:744,0
DA:745,0
DA:746,0
DA:748,0
DA:752,0
DA:753,0
DA:754,0
DA:755,0
DA:760,0
DA:761,0
DA:762,0
DA:763,0
DA:764,0
DA:766,0
DA:770,0
DA:771,0
DA:772,0
DA:774,0
DA:778,0
DA:779,0
DA:780,0
DA:781,0
DA:783,0
DA:787,0
DA:788,0
DA:789,0
DA:790,0
DA:791,0
DA:793,0
DA:799,0
DA:800,0
DA:801,0
DA:803,0
DA:806,0
DA:807,0
DA:808,0
DA:810,0
DA:813,0
DA:814,0
DA:815,0
DA:817,0
DA:822,0
DA:823,0
DA:824,0
DA:826,0
DA:829,0
DA:830,0
DA:831,0
DA:832,0
DA:833,0
DA:835,0
DA:837,0
DA:840,0
DA:841,0
DA:842,0
DA:843,0
DA:844,0
DA:845,0
DA:846,0
DA:847,0
DA:850,0
DA:852,0
DA:857,0
DA:858,0
DA:859,0
DA:860,0
DA:863,0
DA:864,0
DA:865,0
DA:866,0
DA:871,0
DA:872,0
DA:875,0
DA:876,0
DA:880,0
DA:889,803539
DA:890,803539
DA:891,803539
DA:892,803539
DA:893,803539
DA:897,5
DA:898,5
DA:899,40
DA:900,5
DA:904,224
DA:905,78
DA:906,129
DA:907,16
DA:908,1
DA:909,0
DA:910,0
DA:912,0
DA:913,0
DA:915,0
DA:916,0
DA:917,0
DA:918,0
DA:923,20
DA:924,20
DA:925,20
DA:926,20
DA:927,0
DA:931,11
DA:932,9
DA:934,0
DA:935,0
DA:936,0
DA:938,0
DA:939,0
DA:940,0
DA:941,7
DA:950,0
DA:951,0
DA:952,0
DA:953,0
DA:954,0
DA:955,0
DA:957,0
DA:958,0
DA:959,0
DA:960,0
DA:962,0
DA:964,0
DA:968,0
DA:971,0
DA:973,0
DA:975,0
DA:977,0
DA:979,0
DA:980,0
DA:981,0
DA:983,0
DA:985,0
DA:987,0
DA:989,0
DA:991,0
DA:993,0
LF:531
LH:254
BRDA:90,0,0,4
BRDA:90,0,1,0
BRDA:105,1,0,1082
BRDA:105,1,1,0
BRDA:107,2,0,0
BRDA:107,3,0,0
BRDA:107,3,1,0
BRDA:109,4,0,0
BRDA:109,5,0,0
BRDA:109,5,1,0
BRDA:119,6,0,1
BRDA:132,7,0,1005591
BRDA:132,7,1,1004589
BRDA:133,8,0,0
BRDA:142,9,0,201655
BRDA:142,9,1,5
BRDA:142,9,2,40
BRDA:142,9,3,200215
BRDA:142,9,4,7
BRDA:142,9,5,57
BRDA:142,9,6,0
BRDA:142,9,7,183
BRDA:142,9,8,0
BRDA:142,9,9,118
BRDA:142,9,10,82
BRDA:142,9,11,9
BRDA:142,9,12,2
BRDA:142,9,13,1
BRDA:142,9,14,10
BRDA:142,9,15,0
BRDA:142,9,16,0
BRDA:142,9,17,0
BRDA:142,9,18,0
BRDA:142,9,19,0
BRDA:142,9,20,0
BRDA:142,9,21,19
BRDA:142,9,22,1
BRDA:142,9,23,36
BRDA:142,9,24,5
BRDA:142,9,25,81
BRDA:142,9,26,3
BRDA:142,9,27,2
BRDA:142,9,28,1
BRDA:142,9,29,0
BRDA:142,9,30,477
BRDA:142,9,31,200367
BRDA:142,9,32,0
BRDA:142,9,33,0
BRDA:142,9,34,200235
BRDA:142,9,35,200346
BRDA:142,9,36,100
BRDA:142,9,37,77
BRDA:142,9,38,100
BRDA:142,9,39,295
BRDA:142,9,40,21
BRDA:142,9,41,34
BRDA:142,9,42,2
BRDA:142,9,43,1
BRDA:142,9,44,2
BRDA:142,9,45,0
BRDA:142,9,46,0
BRDA:142,9,47,0
BRDA:142,9,48,0
BRDA:142,9,49,0
BRDA:142,9,50,0
BRDA:142,9,51,0
BRDA:142,9,52,0
BRDA:142,9,53,0
BRDA:142,9,54,0
BRDA:142,9,55,0
BRDA:142,9,56,0
BRDA:142,9,57,0
BRDA:182,10,0,3
BRDA:182,10,1,115
BRDA:182,11,0,118
BRDA:182,11,1,3
BRDA:204,12,0,1
BRDA:205,13,0,1
BRDA:205,13,1,0
BRDA:214,14,0,0
BRDA:228,15,0,0
BRDA:228,15,1,0
BRDA:228,16,0,0
BRDA:228,16,1,0
BRDA:250,17,0,0
BRDA:257,18,0,0
BRDA:309,19,0,2
BRDA:309,19,1,2
BRDA:315,20,0,1
BRDA:315,20,1,1
BRDA:328,21,0,477
BRDA:328,21,1,0
BRDA:342,22,0,0
BRDA:342,22,1,0
BRDA:362,23,0,91
BRDA:362,24,0,200346
BRDA:362,24,1,200346
BRDA:368,25,0,100
BRDA:368,25,1,0
BRDA:371,26,0,0
BRDA:392,27,0,0
BRDA:436,28,0,0
BRDA:438,29,0,1
BRDA:438,30,0,34
BRDA:438,30,1,34
BRDA:446,31,0,0
BRDA:467,32,0,0
BRDA:468,33,0,2
BRDA:468,33,1,0
BRDA:490,34,0,0
BRDA:490,34,1,0
BRDA:490,35,0,0
BRDA:490,35,1,0
BRDA:545,36,0,0
BRDA:549,37,0,0
BRDA:552,38,0,0
BRDA:561,39,0,0
BRDA:563,40,0,0
BRDA:563,40,1,0
BRDA:587,41,0,128
BRDA:587,41,1,0
BRDA:587,41,2,95
BRDA:587,41,3,33
BRDA:587,41,4,1
BRDA:587,41,5,1
BRDA:587,41,6,2
BRDA:587,41,7,2
BRDA:587,41,8,2
BRDA:587,41,9,2
BRDA:587,41,10,2
BRDA:587,41,11,2
BRDA:587,41,12,5
BRDA:587,41,13,3
BRDA:587,41,14,0
BRDA:587,41,15,2
BRDA:587,41,16,1
BRDA:587,41,17,2
BRDA:587,41,18,2
BRDA:587,41,19,2
BRDA:587,41,20,3
BRDA:587,41,21,3
BRDA:587,41,22,2
BRDA:587,41,23,0
BRDA:587,41,24,0
BRDA:587,41,25,0
BRDA:587,41,26,0
BRDA:587,41,27,0
BRDA:587,41,28,0
BRDA:587,41,29,0
BRDA:587,41,30,0
BRDA:587,41,31,0
BRDA:587,41,32,0
BRDA:587,41,33,0
BRDA:587,41,34,0
BRDA:587,41,35,0
BRDA:587,41,36,0
BRDA:587,41,37,0
BRDA:587,41,38,0
BRDA:587,41,39,0
BRDA:587,41,40,0
BRDA:587,41,41,0
BRDA:587,41,42,0
BRDA:587,41,43,0
BRDA:587,41,44,0
BRDA:587,41,45,0
BRDA:587,41,46,0
BRDA:587,41,47,0
BRDA:587,41,48,0
BRDA:587,41,49,0
BRDA:587,41,50,0
BRDA:587,41,51,0
BRDA:587,41,52,0
BRDA:596,42,0,0
BRDA:596,42,1,0
BRDA:606,43,0,33
BRDA:607,44,0,0
BRDA:617,45,0,1
BRDA:620,46,0,2
BRDA:620,47,0,2
BRDA:620,47,1,1
BRDA:635,48,0,1
BRDA:635,49,0,3
BRDA:635,49,1,3
BRDA:636,50,0,1
BRDA:636,50,1,0
BRDA:643,51,0,2
BRDA:648,52,0,1
BRDA:654,53,0,2
BRDA:657,54,0,2
BRDA:660,55,0,2
BRDA:663,56,0,3
BRDA:665,57,0,3
BRDA:665,57,1,1
BRDA:669,58,0,1
BRDA:674,59,0,2
BRDA:688,60,0,0
BRDA:688,60,1,0
BRDA:690,61,0,0
BRDA:690,61,1,0
BRDA:692,62,0,0
BRDA:692,62,1,0
BRDA:701,63,0,0
BRDA:701,64,0,0
BRDA:701,64,1,0
BRDA:703,65,0,0
BRDA:703,66,0,0
BRDA:703,66,1,0
BRDA:710,67,0,0
BRDA:710,68,0,0
BRDA:710,68,1,0
BRDA:712,69,0,0
BRDA:799,70,0,0
BRDA:799,71,0,0
BRDA:799,71,1,0
BRDA:806,72,0,0
BRDA:806,73,0,0
BRDA:806,73,1,0
BRDA:813,74,0,0
BRDA:813,75,0,0
BRDA:813,75,1,0
BRDA:813,75,2,0
BRDA:822,76,0,0
BRDA:829,77,0,0
BRDA:831,78,0,0
BRDA:831,78,1,0
BRDA:832,79,0,0
BRDA:832,79,1,0
BRDA:833,80,0,0
BRDA:833,80,1,0
BRDA:833,81,0,0
BRDA:833,81,1,0
BRDA:840,82,0,0
BRDA:845,83,0,0
BRDA:859,84,0,0
BRDA:859,84,1,0
BRDA:865,85,0,0
BRDA:865,85,1,0
BRDA:904,86,0,70
BRDA:904,86,1,78
BRDA:904,86,2,129
BRDA:904,86,3,16
BRDA:904,86,4,1
BRDA:904,86,5,0
BRDA:904,86,6,0
BRDA:904,86,7,0
BRDA:904,86,8,0
BRDA:904,86,9,0
BRDA:904,86,10,0
BRDA:904,86,11,0
BRDA:907,87,0,11
BRDA:907,87,1,5
BRDA:923,88,0,0
BRDA:924,89,0,0
BRDA:924,90,0,20
BRDA:924,90,1,0
BRDA:925,91,0,0
BRDA:925,92,0,20
BRDA:925,92,1,0
BRDA:926,93,0,20
BRDA:926,94,0,20
BRDA:926,94,1,20
BRDA:931,95,0,4
BRDA:931,95,1,0
BRDA:931,95,2,0
BRDA:931,95,3,0
BRDA:931,95,4,0
BRDA:931,95,5,7
BRDA:950,96,0,0
BRDA:951,97,0,0
BRDA:952,98,0,0
BRDA:953,99,0,0
BRDA:954,100,0,0
BRDA:957,101,0,0
BRDA:968,102,0,0
BRDA:968,102,1,0
BRDA:968,102,2,0
BRDA:968,102,3,0
BRDA:968,102,4,0
BRDA:968,102,5,0
BRDA:968,102,6,0
BRDA:968,102,7,0
BRDA:968,102,8,0
BRDA:968,102,9,0
BRDA:968,102,10,0
BRF:284
BRH:112
end_of_record
TN:
SF:src/runtime/bytecode.ts
FN:11,(anonymous_0)
FN:84,(anonymous_1)
FN:89,(anonymous_2)
FN:94,(anonymous_3)
FN:104,(anonymous_4)
FN:113,(anonymous_5)
FN:122,(anonymous_6)
FN:131,(anonymous_7)
FN:140,(anonymous_8)
FN:149,(anonymous_9)
FN:158,(anonymous_10)
FN:167,(anonymous_11)
FN:176,(anonymous_12)
FN:185,(anonymous_13)
FN:194,(anonymous_14)
FN:204,(anonymous_15)
FN:214,(anonymous_16)
FN:224,(anonymous_17)
FN:234,(anonymous_18)
FN:244,(anonymous_19)
FN:254,(anonymous_20)
FN:263,(anonymous_21)
FN:272,(anonymous_22)
FN:281,(anonymous_23)
FN:283,(anonymous_24)
FNF:25
FNH:0
FNDA:0,(anonymous_0)
FNDA:0,(anonymous_1)
FNDA:0,(anonymous_2)
FNDA:0,(anonymous_3)
FNDA:0,(anonymous_4)
FNDA:0,(anonymous_5)
FNDA:0,(anonymous_6)
FNDA:0,(anonymous_7)
FNDA:0,(anonymous_8)
FNDA:0,(anonymous_9)
FNDA:0,(anonymous_10)
FNDA:0,(anonymous_11)
FNDA:0,(anonymous_12)
FNDA:0,(anonymous_13)
FNDA:0,(anonymous_14)
FNDA:0,(anonymous_15)
FNDA:0,(anonymous_16)
FNDA:0,(anonymous_17)
FNDA:0,(anonymous_18)
FNDA:0,(anonymous_19)
FNDA:0,(anonymous_20)
FNDA:0,(anonymous_21)
FNDA:0,(anonymous_22)
FNDA:0,(anonymous_23)
FNDA:0,(anonymous_24)
DA:11,0
DA:13,0
DA:14,0
DA:15,0
DA:18,0
DA:19,0
DA:20,0
DA:21,0
DA:22,0
DA:25,0
DA:26,0
DA:27,0
DA:30,0
DA:31,0
DA:32,0
DA:33,0
DA:34,0
DA:35,0
DA:38,0
DA:39,0
DA:40,0
DA:41,0
DA:42,0
DA:45,0
DA:46,0
DA:47,0
DA:48,0
DA:51,0
DA:52,0
DA:53,0
DA:54,0
DA:57,0
DA:58,0
DA:59,0
DA:60,0
DA:63,0
DA:66,0
DA:67,0
DA:68,0
DA:84,0
DA:85,0
DA:86,0
DA:87,0
DA:90,0
DA:91,0
DA:95,0
DA:101,0
DA:105,0
DA:110,0
DA:114,0
DA:119,0
DA:123,0
DA:128,0
DA:132,0
DA:137,0
DA:141,0
DA:146,0
DA:150,0
DA:155,0
DA:159,0
DA:164,0
DA:168,0
DA:173,0
DA:177,0
DA:182,0
DA:186,0
DA:191,0
DA:195,0
DA:201,0
DA:205,0
DA:211,0
DA:215,0
DA:221,0
DA:225,0
DA:231,0
DA:235,0
DA:241,0
DA:245,0
DA:251,0
DA:255,0
DA:260,0
DA:264,0
DA:269,0
DA:273,0
DA:280,0
DA:282,0
DA:283,0
DA:284,0
DA:285,0
DA:289,0
LF:90
LH:0
BRDA:11,0,0,0
BRDA:11,0,1,0
BRDA:284,1,0,0
BRDA:284,1,1,0
BRF:4
BRH:0
end_of_record
TN:
SF:src/runtime/value.ts
FN:28,(anonymous_0)
FN:41,(anonymous_1)
FN:44,(anonymous_2)
FN:56,(anonymous_3)
FN:80,(anonymous_4)
FN:105,(anonymous_5)
FN:131,(anonymous_6)
FN:147,(anonymous_7)
FN:166,(anonymous_8)
FN:187,(anonymous_9)
FN:196,(anonymous_10)
FN:207,(anonymous_11)
FN:229,(anonymous_12)
FN:241,(anonymous_13)
FN:259,(anonymous_14)
FN:277,(anonymous_15)
FN:302,(anonymous_16)
FN:303,(anonymous_17)
FN:304,(anonymous_18)
FN:305,(anonymous_19)
FN:306,(anonymous_20)
FN:307,(anonymous_21)
FN:308,(anonymous_22)
FN:312,(anonymous_23)
FN:317,(anonymous_24)
FNF:25
FNH:0
FNDA:0,(anonymous_0)
FNDA:0,(anonymous_1)
FNDA:0,(anonymous_2)
FNDA:0,(anonymous_3)
FNDA:0,(anonymous_4)
FNDA:0,(anonymous_5)
FNDA:0,(anonymous_6)
FNDA:0,(anonymous_7)
FNDA:0,(anonymous_8)
FNDA:0,(anonymous_9)
FNDA:0,(anonymous_10)
FNDA:0,(anonymous_11)
FNDA:0,(anonymous_12)
FNDA:0,(anonymous_13)
FNDA:0,(anonymous_14)
FNDA:0,(anonymous_15)
FNDA:0,(anonymous_16)
FNDA:0,(anonymous_17)
FNDA:0,(anonymous_18)
FNDA:0,(anonymous_19)
FNDA:0,(anonymous_20)
FNDA:0,(anonymous_21)
FNDA:0,(anonymous_22)
FNDA:0,(anonymous_23)
FNDA:0,(anonymous_24)
DA:24,0
DA:29,0
DA:31,0
DA:33,0
DA:35,0
DA:37,0
DA:39,0
DA:41,0
DA:43,0
DA:44,0
DA:45,0
DA:47,0
DA:49,0
DA:57,0
DA:59,0
DA:61,0
DA:64,0
DA:66,0
DA:67,0
DA:69,0
DA:71,0
DA:73,0
DA:81,0
DA:83,0
DA:85,0
DA:87,0
DA:89,0
DA:91,0
DA:93,0
DA:95,0
DA:98,0
DA:106,0
DA:108,0
DA:110,0
DA:112,0
DA:114,0
DA:116,0
DA:118,0
DA:120,0
DA:122,0
DA:124,0
DA:132,0
DA:134,0
DA:136,0
DA:138,0
DA:140,0
DA:149,0
DA:150,0
DA:153,0
DA:155,0
DA:157,0
DA:160,0
DA:162,0
DA:164,0
DA:165,0
DA:166,0
DA:169,0
DA:170,0
DA:171,0
DA:172,0
DA:173,0
DA:175,0
DA:178,0
DA:180,0
DA:188,0
DA:189,0
DA:190,0
DA:197,0
DA:203,0
DA:205,0
DA:207,0
DA:210,0
DA:211,0
DA:212,0
DA:214,0
DA:220,0
DA:222,0
DA:230,0
DA:232,0
DA:234,0
DA:237,0
DA:239,0
DA:241,0
DA:243,0
DA:244,0
DA:245,0
DA:247,0
DA:250,0
DA:252,0
DA:260,0
DA:261,0
DA:263,0
DA:264,0
DA:266,0
DA:267,0
DA:271,0
DA:272,0
DA:274,0
DA:275,0
DA:277,0
DA:280,0
DA:281,0
DA:282,0
DA:283,0
DA:285,0
DA:287,0
DA:294,0
DA:295,0
DA:296,0
DA:301,0
DA:302,0
DA:303,0
DA:304,0
DA:305,0
DA:306,0
DA:307,0
DA:308,0
DA:312,0
DA:317,0
LF:119
LH:0
BRDA:29,0,0,0
BRDA:29,0,1,0
BRDA:29,0,2,0
BRDA:29,0,3,0
BRDA:29,0,4,0
BRDA:29,0,5,0
BRDA:29,0,6,0
BRDA:29,0,7,0
BRDA:29,0,8,0
BRDA:33,1,0,0
BRDA:33,1,1,0
BRDA:57,2,0,0
BRDA:57,2,1,0
BRDA:57,2,2,0
BRDA:57,2,3,0
BRDA:57,2,4,0
BRDA:57,2,5,0
BRDA:57,2,6,0
BRDA:57,2,7,0
BRDA:61,3,0,0
BRDA:61,3,1,0
BRDA:67,4,0,0
BRDA:67,4,1,0
BRDA:81,5,0,0
BRDA:81,5,1,0
BRDA:81,5,2,0
BRDA:81,5,3,0
BRDA:81,5,4,0
BRDA:81,5,5,0
BRDA:81,5,6,0
BRDA:81,5,7,0
BRDA:81,5,8,0
BRDA:106,6,0,0
BRDA:106,6,1,0
BRDA:106,6,2,0
BRDA:106,6,3,0
BRDA:106,6,4,0
BRDA:106,6,5,0
BRDA:106,6,6,0
BRDA:106,6,7,0
BRDA:106,6,8,0
BRDA:132,7,0,0
BRDA:132,7,1,0
BRDA:132,7,2,0
BRDA:132,7,3,0
BRDA:149,8,0,0
BRDA:153,9,0,0
BRDA:153,9,1,0
BRDA:153,9,2,0
BRDA:153,9,3,0
BRDA:153,9,4,0
BRDA:153,9,5,0
BRDA:153,9,6,0
BRDA:153,9,7,0
BRDA:153,9,8,0
BRDA:165,10,0,0
BRDA:170,11,0,0
BRDA:173,12,0,0
BRDA:173,13,0,0
BRDA:173,13,1,0
BRDA:197,14,0,0
BRDA:197,14,1,0
BRDA:197,14,2,0
BRDA:197,14,3,0
BRDA:197,14,4,0
BRDA:197,14,5,0
BRDA:197,14,6,0
BRDA:197,14,7,0
BRDA:197,14,8,0
BRDA:230,15,0,0
BRDA:230,15,1,0
BRDA:230,15,2,0
BRDA:230,15,3,0
BRDA:230,15,4,0
BRDA:230,15,5,0
BRDA:230,15,6,0
BRDA:230,15,7,0
BRDA:230,15,8,0
BRDA:260,16,0,0
BRDA:263,17,0,0
BRDA:266,18,0,0
BRDA:267,19,0,0
BRDA:267,19,1,0
BRDA:271,20,0,0
BRDA:274,21,0,0
BRDA:280,22,0,0
BRF:86
BRH:0
end_of_record
TN:
SF:src/runtime/vm.ts
FN:22,(anonymous_0)
FN:46,(anonymous_1)
FN:53,(anonymous_2)
FN:60,(anonymous_3)
FN:87,(anonymous_4)
FN:110,(anonymous_5)
FN:114,(anonymous_6)
FN:118,(anonymous_7)
FN:122,(anonymous_8)
FN:129,(anonymous_9)
FN:284,(anonymous_10)
FN:302,(anonymous_11)
FN:312,(anonymous_12)
FN:327,(anonymous_13)
FN:334,(anonymous_14)
FN:345,(anonymous_15)
FN:349,(anonymous_16)
FNF:17
FNH:0
FNDA:0,(anonymous_0)
FNDA:0,(anonymous_1)
FNDA:0,(anonymous_2)
FNDA:0,(anonymous_3)
FNDA:0,(anonymous_4)
FNDA:0,(anonymous_5)
FNDA:0,(anonymous_6)
FNDA:0,(anonymous_7)
FNDA:0,(anonymous_8)
FNDA:0,(anonymous_9)
FNDA:0,(anonymous_10)
FNDA:0,(anonymous_11)
FNDA:0,(anonymous_12)
FNDA:0,(anonymous_13)
FNDA:0,(anonymous_14)
FNDA:0,(anonymous_15)
FNDA:0,(anonymous_16)
DA:6,0
DA:7,0
DA:21,0
DA:24,0
DA:25,0
DA:27,0
DA:28,0
DA:35,0
DA:36,0
DA:37,0
DA:38,0
DA:39,0
DA:40,0
DA:41,0
DA:42,0
DA:43,0
DA:44,0
DA:47,0
DA:61,0
DA:62,0
DA:63,0
DA:65,0
DA:66,0
DA:67,0
DA:68,0
DA:69,0
DA:71,0
DA:73,0
DA:74,0
DA:76,0
DA:88,0
DA:90,0
DA:91,0
DA:94,0
DA:95,0
DA:97,0
DA:98,0
DA:101,0
DA:102,0
DA:104,0
DA:105,0
DA:106,0
DA:110,0
DA:111,0
DA:114,0
DA:115,0
DA:118,0
DA:119,0
DA:122,0
DA:123,0
DA:124,0
DA:126,0
DA:129,0
DA:130,0
DA:131,0
DA:133,0
DA:137,0
DA:138,0
DA:139,0
DA:140,0
DA:141,0
DA:145,0
DA:146,0
DA:147,0
DA:148,0
DA:149,0
DA:153,0
DA:154,0
DA:155,0
DA:156,0
DA:157,0
DA:161,0
DA:162,0
DA:164,0
DA:165,0
DA:166,0
DA:170,0
DA:171,0
DA:172,0
DA:173,0
DA:174,0
DA:178,0
DA:179,0
DA:181,0
DA:182,0
DA:183,0
DA:188,0
DA:189,0
DA:191,0
DA:192,0
DA:193,0
DA:197,0
DA:198,0
DA:200,0
DA:201,0
DA:202,0
DA:206,0
DA:207,0
DA:208,0
DA:209,0
DA:214,0
DA:215,0
DA:218,0
DA:219,0
DA:220,0
DA:222,0
DA:226,0
DA:227,0
DA:228,0
DA:230,0
DA:235,0
DA:236,0
DA:237,0
DA:238,0
DA:242,0
DA:243,0
DA:244,0
DA:245,0
DA:249,0
DA:250,0
DA:251,0
DA:252,0
DA:256,0
DA:257,0
DA:258,0
DA:259,0
DA:263,0
DA:264,0
DA:265,0
DA:269,0
DA:270,0
DA:274,0
DA:277,0
DA:288,0
DA:289,0
DA:290,0
DA:293,0
DA:294,0
DA:303,0
DA:304,0
DA:306,0
DA:313,0
DA:314,0
DA:315,0
DA:321,0
DA:328,0
DA:335,0
DA:336,0
DA:337,0
DA:339,0
DA:346,0
DA:347,0
DA:348,0
DA:349,0
DA:350,0
DA:352,0
LF:156
LH:0
BRDA:24,0,0,0
BRDA:25,1,0,0
BRDA:71,2,0,0
BRDA:71,2,1,0
BRDA:73,3,0,0
BRDA:77,4,0,0
BRDA:77,4,1,0
BRDA:78,5,0,0
BRDA:78,5,1,0
BRDA:79,6,0,0
BRDA:79,6,1,0
BRDA:88,7,0,0
BRDA:88,7,1,0
BRDA:88,7,2,0
BRDA:88,7,3,0
BRDA:88,7,4,0
BRDA:88,7,5,0
BRDA:88,7,6,0
BRDA:88,7,7,0
BRDA:88,7,8,0
BRDA:88,7,9,0
BRDA:88,7,10,0
BRDA:88,7,11,0
BRDA:88,7,12,0
BRDA:88,7,13,0
BRDA:88,7,14,0
BRDA:88,7,15,0
BRDA:88,7,16,0
BRDA:88,7,17,0
BRDA:88,7,18,0
BRDA:88,7,19,0
BRDA:88,7,20,0
BRDA:88,7,21,0
BRDA:88,7,22,0
BRDA:88,7,23,0
BRDA:88,7,24,0
BRDA:88,7,25,0
BRDA:88,7,26,0
BRDA:88,7,27,0
BRDA:94,8,0,0
BRDA:101,9,0,0
BRDA:123,10,0,0
BRDA:130,11,0,0
BRDA:164,12,0,0
BRDA:164,12,1,0
BRDA:181,13,0,0
BRDA:181,13,1,0
BRDA:191,14,0,0
BRDA:191,14,1,0
BRDA:200,15,0,0
BRDA:200,15,1,0
BRDA:219,16,0,0
BRDA:227,17,0,0
BRDA:236,18,0,0
BRDA:236,18,1,0
BRDA:250,19,0,0
BRDA:250,19,1,0
BRDA:295,20,0,0
BRDA:295,20,1,0
BRDA:303,21,0,0
BRDA:314,22,0,0
BRDA:314,23,0,0
BRDA:314,23,1,0
BRDA:336,24,0,0
BRF:64
BRH:0
end_of_record
